<?xml version="1.0" encoding="UTF-8"?>
<testsuite xmlns:xsi="http://www.w3.org/2001/XMLSchema-instance" xsi:noNamespaceSchemaLocation="https://maven.apache.org/surefire/maven-surefire-plugin/xsd/surefire-test-report-3.0.xsd" version="3.0" name="Runner.Run" time="59.618" tests="5" errors="0" skipped="0" failures="1">
  <properties>
    <property name="java.specification.version" value="17"/>
    <property name="sun.cpu.isalist" value="amd64"/>
    <property name="sun.jnu.encoding" value="Cp1252"/>
    <property name="java.class.path" value="C:\Users\kumar\eclipse-workspace\CucumberFramwork\target\test-classes;C:\Users\kumar\eclipse-workspace\CucumberFramwork\target\classes;C:\Users\kumar\.m2\repository\junit\junit\4.11\junit-4.11.jar;C:\Users\kumar\.m2\repository\io\cucumber\cucumber-html\0.2.7\cucumber-html-0.2.7.jar;C:\Users\kumar\.m2\repository\io\cucumber\cucumber-java\7.9.0\cucumber-java-7.9.0.jar;C:\Users\kumar\.m2\repository\io\cucumber\cucumber-core\7.9.0\cucumber-core-7.9.0.jar;C:\Users\kumar\.m2\repository\io\cucumber\cucumber-gherkin\7.9.0\cucumber-gherkin-7.9.0.jar;C:\Users\kumar\.m2\repository\io\cucumber\cucumber-gherkin-messages\7.9.0\cucumber-gherkin-messages-7.9.0.jar;C:\Users\kumar\.m2\repository\io\cucumber\tag-expressions\4.1.0\tag-expressions-4.1.0.jar;C:\Users\kumar\.m2\repository\io\cucumber\cucumber-expressions\16.0.0\cucumber-expressions-16.0.0.jar;C:\Users\kumar\.m2\repository\io\cucumber\datatable\7.9.0\datatable-7.9.0.jar;C:\Users\kumar\.m2\repository\io\cucumber\cucumber-plugin\7.9.0\cucumber-plugin-7.9.0.jar;C:\Users\kumar\.m2\repository\io\cucumber\docstring\7.9.0\docstring-7.9.0.jar;C:\Users\kumar\.m2\repository\io\cucumber\html-formatter\20.1.0\html-formatter-20.1.0.jar;C:\Users\kumar\.m2\repository\io\cucumber\ci-environment\9.1.0\ci-environment-9.1.0.jar;C:\Users\kumar\.m2\repository\org\apiguardian\apiguardian-api\1.1.2\apiguardian-api-1.1.2.jar;C:\Users\kumar\.m2\repository\net\sourceforge\cobertura\cobertura\2.1.1\cobertura-2.1.1.jar;C:\Users\kumar\.m2\repository\org\ow2\asm\asm\5.0.1\asm-5.0.1.jar;C:\Users\kumar\.m2\repository\org\ow2\asm\asm-tree\5.0.1\asm-tree-5.0.1.jar;C:\Users\kumar\.m2\repository\org\ow2\asm\asm-commons\5.0.1\asm-commons-5.0.1.jar;C:\Users\kumar\.m2\repository\org\ow2\asm\asm-util\5.0.1\asm-util-5.0.1.jar;C:\Users\kumar\.m2\repository\org\ow2\asm\asm-analysis\5.0.1\asm-analysis-5.0.1.jar;C:\Users\kumar\.m2\repository\oro\oro\2.0.8\oro-2.0.8.jar;C:\Users\kumar\.m2\repository\jaxen\jaxen\1.1.4\jaxen-1.1.4.jar;C:\Users\kumar\.m2\repository\org\apache\ant\ant\1.8.3\ant-1.8.3.jar;C:\Users\kumar\.m2\repository\org\apache\ant\ant-launcher\1.8.3\ant-launcher-1.8.3.jar;C:\Users\kumar\.m2\repository\org\apache\ant\ant-junit\1.8.3\ant-junit-1.8.3.jar;C:\Users\kumar\.m2\repository\org\mortbay\jetty\servlet-api-2.5\6.1.14\servlet-api-2.5-6.1.14.jar;C:\Users\kumar\.m2\repository\org\mortbay\jetty\jetty\6.1.14\jetty-6.1.14.jar;C:\Users\kumar\.m2\repository\org\mortbay\jetty\jetty-util\6.1.14\jetty-util-6.1.14.jar;C:\Users\kumar\.m2\repository\org\slf4j\slf4j-api\1.7.5\slf4j-api-1.7.5.jar;C:\Users\kumar\.m2\repository\ch\qos\logback\logback-classic\1.0.13\logback-classic-1.0.13.jar;C:\Users\kumar\.m2\repository\ch\qos\logback\logback-core\1.0.13\logback-core-1.0.13.jar;C:\Users\kumar\.m2\repository\org\apache\commons\commons-lang3\3.3.2\commons-lang3-3.3.2.jar;C:\Users\kumar\.m2\repository\io\cucumber\cucumber-junit\7.8.1\cucumber-junit-7.8.1.jar;C:\Users\kumar\.m2\repository\io\cucumber\cucumber-jvm-deps\1.0.6\cucumber-jvm-deps-1.0.6.jar;C:\Users\kumar\.m2\repository\net\masterthought\cucumber-reporting\5.7.2\cucumber-reporting-5.7.2.jar;C:\Users\kumar\.m2\repository\com\fasterxml\jackson\core\jackson-databind\2.13.2.2\jackson-databind-2.13.2.2.jar;C:\Users\kumar\.m2\repository\com\fasterxml\jackson\core\jackson-annotations\2.13.2\jackson-annotations-2.13.2.jar;C:\Users\kumar\.m2\repository\com\fasterxml\jackson\core\jackson-core\2.13.2\jackson-core-2.13.2.jar;C:\Users\kumar\.m2\repository\com\fasterxml\jackson\datatype\jackson-datatype-jsr310\2.13.2\jackson-datatype-jsr310-2.13.2.jar;C:\Users\kumar\.m2\repository\org\apache\velocity\velocity-engine-core\2.3\velocity-engine-core-2.3.jar;C:\Users\kumar\.m2\repository\commons-collections\commons-collections\3.2.2\commons-collections-3.2.2.jar;C:\Users\kumar\.m2\repository\joda-time\joda-time\2.10.14\joda-time-2.10.14.jar;C:\Users\kumar\.m2\repository\org\codehaus\plexus\plexus-utils\3.4.2\plexus-utils-3.4.2.jar;C:\Users\kumar\.m2\repository\org\jsoup\jsoup\1.15.1\jsoup-1.15.1.jar;C:\Users\kumar\.m2\repository\com\google\guava\guava\31.1-jre\guava-31.1-jre.jar;C:\Users\kumar\.m2\repository\com\google\guava\failureaccess\1.0.1\failureaccess-1.0.1.jar;C:\Users\kumar\.m2\repository\com\google\guava\listenablefuture\9999.0-empty-to-avoid-conflict-with-guava\listenablefuture-9999.0-empty-to-avoid-conflict-with-guava.jar;C:\Users\kumar\.m2\repository\com\google\code\findbugs\jsr305\3.0.2\jsr305-3.0.2.jar;C:\Users\kumar\.m2\repository\org\checkerframework\checker-qual\3.12.0\checker-qual-3.12.0.jar;C:\Users\kumar\.m2\repository\com\google\errorprone\error_prone_annotations\2.11.0\error_prone_annotations-2.11.0.jar;C:\Users\kumar\.m2\repository\com\google\j2objc\j2objc-annotations\1.3\j2objc-annotations-1.3.jar;C:\Users\kumar\.m2\repository\com\googlecode\owasp-java-html-sanitizer\owasp-java-html-sanitizer\20211018.2\owasp-java-html-sanitizer-20211018.2.jar;C:\Users\kumar\.m2\repository\commons-configuration\commons-configuration\1.10\commons-configuration-1.10.jar;C:\Users\kumar\.m2\repository\commons-lang\commons-lang\2.6\commons-lang-2.6.jar;C:\Users\kumar\.m2\repository\commons-logging\commons-logging\1.1.1\commons-logging-1.1.1.jar;C:\Users\kumar\.m2\repository\org\hamcrest\hamcrest-core\2.2\hamcrest-core-2.2.jar;C:\Users\kumar\.m2\repository\org\hamcrest\hamcrest\2.2\hamcrest-2.2.jar;C:\Users\kumar\.m2\repository\io\cucumber\gherkin\26.0.3\gherkin-26.0.3.jar;C:\Users\kumar\.m2\repository\io\cucumber\messages\19.1.4\messages-19.1.4.jar;C:\Users\kumar\.m2\repository\org\seleniumhq\selenium\selenium-java\4.8.1\selenium-java-4.8.1.jar;C:\Users\kumar\.m2\repository\org\seleniumhq\selenium\selenium-api\4.8.1\selenium-api-4.8.1.jar;C:\Users\kumar\.m2\repository\org\seleniumhq\selenium\selenium-chrome-driver\4.8.1\selenium-chrome-driver-4.8.1.jar;C:\Users\kumar\.m2\repository\com\google\auto\service\auto-service-annotations\1.0.1\auto-service-annotations-1.0.1.jar;C:\Users\kumar\.m2\repository\com\google\auto\service\auto-service\1.0.1\auto-service-1.0.1.jar;C:\Users\kumar\.m2\repository\com\google\auto\auto-common\1.2\auto-common-1.2.jar;C:\Users\kumar\.m2\repository\org\seleniumhq\selenium\selenium-chromium-driver\4.8.1\selenium-chromium-driver-4.8.1.jar;C:\Users\kumar\.m2\repository\org\seleniumhq\selenium\selenium-json\4.8.1\selenium-json-4.8.1.jar;C:\Users\kumar\.m2\repository\org\seleniumhq\selenium\selenium-devtools-v108\4.8.1\selenium-devtools-v108-4.8.1.jar;C:\Users\kumar\.m2\repository\org\seleniumhq\selenium\selenium-devtools-v109\4.8.1\selenium-devtools-v109-4.8.1.jar;C:\Users\kumar\.m2\repository\org\seleniumhq\selenium\selenium-devtools-v110\4.8.1\selenium-devtools-v110-4.8.1.jar;C:\Users\kumar\.m2\repository\org\seleniumhq\selenium\selenium-devtools-v85\4.8.1\selenium-devtools-v85-4.8.1.jar;C:\Users\kumar\.m2\repository\org\seleniumhq\selenium\selenium-edge-driver\4.8.1\selenium-edge-driver-4.8.1.jar;C:\Users\kumar\.m2\repository\org\seleniumhq\selenium\selenium-firefox-driver\4.8.1\selenium-firefox-driver-4.8.1.jar;C:\Users\kumar\.m2\repository\org\seleniumhq\selenium\selenium-http\4.8.1\selenium-http-4.8.1.jar;C:\Users\kumar\.m2\repository\dev\failsafe\failsafe\3.3.0\failsafe-3.3.0.jar;C:\Users\kumar\.m2\repository\org\seleniumhq\selenium\selenium-ie-driver\4.8.1\selenium-ie-driver-4.8.1.jar;C:\Users\kumar\.m2\repository\org\seleniumhq\selenium\selenium-remote-driver\4.8.1\selenium-remote-driver-4.8.1.jar;C:\Users\kumar\.m2\repository\com\beust\jcommander\1.82\jcommander-1.82.jar;C:\Users\kumar\.m2\repository\io\netty\netty-buffer\4.1.87.Final\netty-buffer-4.1.87.Final.jar;C:\Users\kumar\.m2\repository\io\netty\netty-codec-http\4.1.87.Final\netty-codec-http-4.1.87.Final.jar;C:\Users\kumar\.m2\repository\io\netty\netty-codec\4.1.87.Final\netty-codec-4.1.87.Final.jar;C:\Users\kumar\.m2\repository\io\netty\netty-handler\4.1.87.Final\netty-handler-4.1.87.Final.jar;C:\Users\kumar\.m2\repository\io\netty\netty-common\4.1.87.Final\netty-common-4.1.87.Final.jar;C:\Users\kumar\.m2\repository\io\netty\netty-transport-classes-epoll\4.1.87.Final\netty-transport-classes-epoll-4.1.87.Final.jar;C:\Users\kumar\.m2\repository\io\netty\netty-transport-classes-kqueue\4.1.87.Final\netty-transport-classes-kqueue-4.1.87.Final.jar;C:\Users\kumar\.m2\repository\io\netty\netty-transport-native-epoll\4.1.87.Final\netty-transport-native-epoll-4.1.87.Final.jar;C:\Users\kumar\.m2\repository\io\netty\netty-transport-native-kqueue\4.1.87.Final\netty-transport-native-kqueue-4.1.87.Final.jar;C:\Users\kumar\.m2\repository\io\netty\netty-transport-native-unix-common\4.1.87.Final\netty-transport-native-unix-common-4.1.87.Final.jar;C:\Users\kumar\.m2\repository\io\netty\netty-transport\4.1.87.Final\netty-transport-4.1.87.Final.jar;C:\Users\kumar\.m2\repository\io\netty\netty-resolver\4.1.87.Final\netty-resolver-4.1.87.Final.jar;C:\Users\kumar\.m2\repository\io\opentelemetry\opentelemetry-api\1.22.0\opentelemetry-api-1.22.0.jar;C:\Users\kumar\.m2\repository\io\opentelemetry\opentelemetry-context\1.22.0\opentelemetry-context-1.22.0.jar;C:\Users\kumar\.m2\repository\io\opentelemetry\opentelemetry-exporter-logging\1.22.0\opentelemetry-exporter-logging-1.22.0.jar;C:\Users\kumar\.m2\repository\io\opentelemetry\opentelemetry-sdk-metrics\1.22.0\opentelemetry-sdk-metrics-1.22.0.jar;C:\Users\kumar\.m2\repository\io\opentelemetry\opentelemetry-sdk-logs\1.22.0-alpha\opentelemetry-sdk-logs-1.22.0-alpha.jar;C:\Users\kumar\.m2\repository\io\opentelemetry\opentelemetry-api-logs\1.22.0-alpha\opentelemetry-api-logs-1.22.0-alpha.jar;C:\Users\kumar\.m2\repository\io\opentelemetry\opentelemetry-sdk-common\1.22.0\opentelemetry-sdk-common-1.22.0.jar;C:\Users\kumar\.m2\repository\io\opentelemetry\opentelemetry-sdk-extension-autoconfigure-spi\1.22.0\opentelemetry-sdk-extension-autoconfigure-spi-1.22.0.jar;C:\Users\kumar\.m2\repository\io\opentelemetry\opentelemetry-sdk-extension-autoconfigure\1.22.0-alpha\opentelemetry-sdk-extension-autoconfigure-1.22.0-alpha.jar;C:\Users\kumar\.m2\repository\io\opentelemetry\opentelemetry-sdk-trace\1.22.0\opentelemetry-sdk-trace-1.22.0.jar;C:\Users\kumar\.m2\repository\io\opentelemetry\opentelemetry-sdk\1.22.0\opentelemetry-sdk-1.22.0.jar;C:\Users\kumar\.m2\repository\io\opentelemetry\opentelemetry-semconv\1.22.0-alpha\opentelemetry-semconv-1.22.0-alpha.jar;C:\Users\kumar\.m2\repository\io\ous\jtoml\2.0.0\jtoml-2.0.0.jar;C:\Users\kumar\.m2\repository\net\bytebuddy\byte-buddy\1.12.22\byte-buddy-1.12.22.jar;C:\Users\kumar\.m2\repository\org\apache\commons\commons-exec\1.3\commons-exec-1.3.jar;C:\Users\kumar\.m2\repository\org\asynchttpclient\async-http-client\2.12.3\async-http-client-2.12.3.jar;C:\Users\kumar\.m2\repository\org\asynchttpclient\async-http-client-netty-utils\2.12.3\async-http-client-netty-utils-2.12.3.jar;C:\Users\kumar\.m2\repository\io\netty\netty-codec-socks\4.1.60.Final\netty-codec-socks-4.1.60.Final.jar;C:\Users\kumar\.m2\repository\io\netty\netty-handler-proxy\4.1.60.Final\netty-handler-proxy-4.1.60.Final.jar;C:\Users\kumar\.m2\repository\io\netty\netty-transport-native-epoll\4.1.60.Final\netty-transport-native-epoll-4.1.60.Final-linux-x86_64.jar;C:\Users\kumar\.m2\repository\io\netty\netty-transport-native-kqueue\4.1.60.Final\netty-transport-native-kqueue-4.1.60.Final-osx-x86_64.jar;C:\Users\kumar\.m2\repository\org\reactivestreams\reactive-streams\1.0.3\reactive-streams-1.0.3.jar;C:\Users\kumar\.m2\repository\com\typesafe\netty\netty-reactive-streams\2.0.4\netty-reactive-streams-2.0.4.jar;C:\Users\kumar\.m2\repository\com\sun\activation\jakarta.activation\1.2.2\jakarta.activation-1.2.2.jar;C:\Users\kumar\.m2\repository\org\seleniumhq\selenium\selenium-manager\4.8.1\selenium-manager-4.8.1.jar;C:\Users\kumar\.m2\repository\org\seleniumhq\selenium\selenium-safari-driver\4.8.1\selenium-safari-driver-4.8.1.jar;C:\Users\kumar\.m2\repository\org\seleniumhq\selenium\selenium-support\4.8.1\selenium-support-4.8.1.jar;C:\Users\kumar\.m2\repository\io\github\bonigarcia\webdrivermanager\5.2.3\webdrivermanager-5.2.3.jar;C:\Users\kumar\.m2\repository\com\google\code\gson\gson\2.9.1\gson-2.9.1.jar;C:\Users\kumar\.m2\repository\com\github\docker-java\docker-java\3.2.13\docker-java-3.2.13.jar;C:\Users\kumar\.m2\repository\com\github\docker-java\docker-java-core\3.2.13\docker-java-core-3.2.13.jar;C:\Users\kumar\.m2\repository\com\github\docker-java\docker-java-api\3.2.13\docker-java-api-3.2.13.jar;C:\Users\kumar\.m2\repository\org\apache\commons\commons-compress\1.21\commons-compress-1.21.jar;C:\Users\kumar\.m2\repository\org\bouncycastle\bcpkix-jdk15on\1.64\bcpkix-jdk15on-1.64.jar;C:\Users\kumar\.m2\repository\org\bouncycastle\bcprov-jdk15on\1.64\bcprov-jdk15on-1.64.jar;C:\Users\kumar\.m2\repository\org\slf4j\jcl-over-slf4j\1.7.30\jcl-over-slf4j-1.7.30.jar;C:\Users\kumar\.m2\repository\com\github\docker-java\docker-java-transport-httpclient5\3.2.13\docker-java-transport-httpclient5-3.2.13.jar;C:\Users\kumar\.m2\repository\com\github\docker-java\docker-java-transport\3.2.13\docker-java-transport-3.2.13.jar;C:\Users\kumar\.m2\repository\net\java\dev\jna\jna\5.8.0\jna-5.8.0.jar;C:\Users\kumar\.m2\repository\org\brotli\dec\0.1.2\dec-0.1.2.jar;C:\Users\kumar\.m2\repository\org\apache\httpcomponents\client5\httpclient5\5.1.3\httpclient5-5.1.3.jar;C:\Users\kumar\.m2\repository\org\apache\httpcomponents\core5\httpcore5\5.1.3\httpcore5-5.1.3.jar;C:\Users\kumar\.m2\repository\org\apache\httpcomponents\core5\httpcore5-h2\5.1.3\httpcore5-h2-5.1.3.jar;C:\Users\kumar\.m2\repository\commons-codec\commons-codec\1.15\commons-codec-1.15.jar;C:\Program Files\Java\jdk-17\lib\tools-1.5.0.jar;C:\Users\kumar\.m2\repository\commons-io\commons-io\2.11.0\commons-io-2.11.0.jar;C:\Users\kumar\.m2\repository\org\apache\logging\log4j\log4j-core\2.17.2\log4j-core-2.17.2.jar;C:\Users\kumar\.m2\repository\org\apache\logging\log4j\log4j-api\2.18.0\log4j-api-2.18.0.jar;"/>
    <property name="java.vm.vendor" value="Oracle Corporation"/>
    <property name="sun.arch.data.model" value="64"/>
    <property name="user.variant" value=""/>
    <property name="java.vendor.url" value="https://java.oracle.com/"/>
    <property name="user.timezone" value="America/Toronto"/>
    <property name="os.name" value="Windows 11"/>
    <property name="java.vm.specification.version" value="17"/>
    <property name="sun.java.launcher" value="SUN_STANDARD"/>
    <property name="user.country" value="CA"/>
    <property name="sun.boot.library.path" value="C:\Program Files\Java\jdk-17\bin"/>
    <property name="sun.java.command" value="C:\Users\kumar\AppData\Local\Temp\surefire12978905257779179770\surefirebooter-20230428174018614_3.jar C:\Users\kumar\AppData\Local\Temp\surefire12978905257779179770 2023-04-28T17-40-18_418-jvmRun1 surefire-20230428174018614_1tmp surefire_0-20230428174018614_2tmp"/>
    <property name="jdk.debug" value="release"/>
    <property name="surefire.test.class.path" value="C:\Users\kumar\eclipse-workspace\CucumberFramwork\target\test-classes;C:\Users\kumar\eclipse-workspace\CucumberFramwork\target\classes;C:\Users\kumar\.m2\repository\junit\junit\4.11\junit-4.11.jar;C:\Users\kumar\.m2\repository\io\cucumber\cucumber-html\0.2.7\cucumber-html-0.2.7.jar;C:\Users\kumar\.m2\repository\io\cucumber\cucumber-java\7.9.0\cucumber-java-7.9.0.jar;C:\Users\kumar\.m2\repository\io\cucumber\cucumber-core\7.9.0\cucumber-core-7.9.0.jar;C:\Users\kumar\.m2\repository\io\cucumber\cucumber-gherkin\7.9.0\cucumber-gherkin-7.9.0.jar;C:\Users\kumar\.m2\repository\io\cucumber\cucumber-gherkin-messages\7.9.0\cucumber-gherkin-messages-7.9.0.jar;C:\Users\kumar\.m2\repository\io\cucumber\tag-expressions\4.1.0\tag-expressions-4.1.0.jar;C:\Users\kumar\.m2\repository\io\cucumber\cucumber-expressions\16.0.0\cucumber-expressions-16.0.0.jar;C:\Users\kumar\.m2\repository\io\cucumber\datatable\7.9.0\datatable-7.9.0.jar;C:\Users\kumar\.m2\repository\io\cucumber\cucumber-plugin\7.9.0\cucumber-plugin-7.9.0.jar;C:\Users\kumar\.m2\repository\io\cucumber\docstring\7.9.0\docstring-7.9.0.jar;C:\Users\kumar\.m2\repository\io\cucumber\html-formatter\20.1.0\html-formatter-20.1.0.jar;C:\Users\kumar\.m2\repository\io\cucumber\ci-environment\9.1.0\ci-environment-9.1.0.jar;C:\Users\kumar\.m2\repository\org\apiguardian\apiguardian-api\1.1.2\apiguardian-api-1.1.2.jar;C:\Users\kumar\.m2\repository\net\sourceforge\cobertura\cobertura\2.1.1\cobertura-2.1.1.jar;C:\Users\kumar\.m2\repository\org\ow2\asm\asm\5.0.1\asm-5.0.1.jar;C:\Users\kumar\.m2\repository\org\ow2\asm\asm-tree\5.0.1\asm-tree-5.0.1.jar;C:\Users\kumar\.m2\repository\org\ow2\asm\asm-commons\5.0.1\asm-commons-5.0.1.jar;C:\Users\kumar\.m2\repository\org\ow2\asm\asm-util\5.0.1\asm-util-5.0.1.jar;C:\Users\kumar\.m2\repository\org\ow2\asm\asm-analysis\5.0.1\asm-analysis-5.0.1.jar;C:\Users\kumar\.m2\repository\oro\oro\2.0.8\oro-2.0.8.jar;C:\Users\kumar\.m2\repository\jaxen\jaxen\1.1.4\jaxen-1.1.4.jar;C:\Users\kumar\.m2\repository\org\apache\ant\ant\1.8.3\ant-1.8.3.jar;C:\Users\kumar\.m2\repository\org\apache\ant\ant-launcher\1.8.3\ant-launcher-1.8.3.jar;C:\Users\kumar\.m2\repository\org\apache\ant\ant-junit\1.8.3\ant-junit-1.8.3.jar;C:\Users\kumar\.m2\repository\org\mortbay\jetty\servlet-api-2.5\6.1.14\servlet-api-2.5-6.1.14.jar;C:\Users\kumar\.m2\repository\org\mortbay\jetty\jetty\6.1.14\jetty-6.1.14.jar;C:\Users\kumar\.m2\repository\org\mortbay\jetty\jetty-util\6.1.14\jetty-util-6.1.14.jar;C:\Users\kumar\.m2\repository\org\slf4j\slf4j-api\1.7.5\slf4j-api-1.7.5.jar;C:\Users\kumar\.m2\repository\ch\qos\logback\logback-classic\1.0.13\logback-classic-1.0.13.jar;C:\Users\kumar\.m2\repository\ch\qos\logback\logback-core\1.0.13\logback-core-1.0.13.jar;C:\Users\kumar\.m2\repository\org\apache\commons\commons-lang3\3.3.2\commons-lang3-3.3.2.jar;C:\Users\kumar\.m2\repository\io\cucumber\cucumber-junit\7.8.1\cucumber-junit-7.8.1.jar;C:\Users\kumar\.m2\repository\io\cucumber\cucumber-jvm-deps\1.0.6\cucumber-jvm-deps-1.0.6.jar;C:\Users\kumar\.m2\repository\net\masterthought\cucumber-reporting\5.7.2\cucumber-reporting-5.7.2.jar;C:\Users\kumar\.m2\repository\com\fasterxml\jackson\core\jackson-databind\2.13.2.2\jackson-databind-2.13.2.2.jar;C:\Users\kumar\.m2\repository\com\fasterxml\jackson\core\jackson-annotations\2.13.2\jackson-annotations-2.13.2.jar;C:\Users\kumar\.m2\repository\com\fasterxml\jackson\core\jackson-core\2.13.2\jackson-core-2.13.2.jar;C:\Users\kumar\.m2\repository\com\fasterxml\jackson\datatype\jackson-datatype-jsr310\2.13.2\jackson-datatype-jsr310-2.13.2.jar;C:\Users\kumar\.m2\repository\org\apache\velocity\velocity-engine-core\2.3\velocity-engine-core-2.3.jar;C:\Users\kumar\.m2\repository\commons-collections\commons-collections\3.2.2\commons-collections-3.2.2.jar;C:\Users\kumar\.m2\repository\joda-time\joda-time\2.10.14\joda-time-2.10.14.jar;C:\Users\kumar\.m2\repository\org\codehaus\plexus\plexus-utils\3.4.2\plexus-utils-3.4.2.jar;C:\Users\kumar\.m2\repository\org\jsoup\jsoup\1.15.1\jsoup-1.15.1.jar;C:\Users\kumar\.m2\repository\com\google\guava\guava\31.1-jre\guava-31.1-jre.jar;C:\Users\kumar\.m2\repository\com\google\guava\failureaccess\1.0.1\failureaccess-1.0.1.jar;C:\Users\kumar\.m2\repository\com\google\guava\listenablefuture\9999.0-empty-to-avoid-conflict-with-guava\listenablefuture-9999.0-empty-to-avoid-conflict-with-guava.jar;C:\Users\kumar\.m2\repository\com\google\code\findbugs\jsr305\3.0.2\jsr305-3.0.2.jar;C:\Users\kumar\.m2\repository\org\checkerframework\checker-qual\3.12.0\checker-qual-3.12.0.jar;C:\Users\kumar\.m2\repository\com\google\errorprone\error_prone_annotations\2.11.0\error_prone_annotations-2.11.0.jar;C:\Users\kumar\.m2\repository\com\google\j2objc\j2objc-annotations\1.3\j2objc-annotations-1.3.jar;C:\Users\kumar\.m2\repository\com\googlecode\owasp-java-html-sanitizer\owasp-java-html-sanitizer\20211018.2\owasp-java-html-sanitizer-20211018.2.jar;C:\Users\kumar\.m2\repository\commons-configuration\commons-configuration\1.10\commons-configuration-1.10.jar;C:\Users\kumar\.m2\repository\commons-lang\commons-lang\2.6\commons-lang-2.6.jar;C:\Users\kumar\.m2\repository\commons-logging\commons-logging\1.1.1\commons-logging-1.1.1.jar;C:\Users\kumar\.m2\repository\org\hamcrest\hamcrest-core\2.2\hamcrest-core-2.2.jar;C:\Users\kumar\.m2\repository\org\hamcrest\hamcrest\2.2\hamcrest-2.2.jar;C:\Users\kumar\.m2\repository\io\cucumber\gherkin\26.0.3\gherkin-26.0.3.jar;C:\Users\kumar\.m2\repository\io\cucumber\messages\19.1.4\messages-19.1.4.jar;C:\Users\kumar\.m2\repository\org\seleniumhq\selenium\selenium-java\4.8.1\selenium-java-4.8.1.jar;C:\Users\kumar\.m2\repository\org\seleniumhq\selenium\selenium-api\4.8.1\selenium-api-4.8.1.jar;C:\Users\kumar\.m2\repository\org\seleniumhq\selenium\selenium-chrome-driver\4.8.1\selenium-chrome-driver-4.8.1.jar;C:\Users\kumar\.m2\repository\com\google\auto\service\auto-service-annotations\1.0.1\auto-service-annotations-1.0.1.jar;C:\Users\kumar\.m2\repository\com\google\auto\service\auto-service\1.0.1\auto-service-1.0.1.jar;C:\Users\kumar\.m2\repository\com\google\auto\auto-common\1.2\auto-common-1.2.jar;C:\Users\kumar\.m2\repository\org\seleniumhq\selenium\selenium-chromium-driver\4.8.1\selenium-chromium-driver-4.8.1.jar;C:\Users\kumar\.m2\repository\org\seleniumhq\selenium\selenium-json\4.8.1\selenium-json-4.8.1.jar;C:\Users\kumar\.m2\repository\org\seleniumhq\selenium\selenium-devtools-v108\4.8.1\selenium-devtools-v108-4.8.1.jar;C:\Users\kumar\.m2\repository\org\seleniumhq\selenium\selenium-devtools-v109\4.8.1\selenium-devtools-v109-4.8.1.jar;C:\Users\kumar\.m2\repository\org\seleniumhq\selenium\selenium-devtools-v110\4.8.1\selenium-devtools-v110-4.8.1.jar;C:\Users\kumar\.m2\repository\org\seleniumhq\selenium\selenium-devtools-v85\4.8.1\selenium-devtools-v85-4.8.1.jar;C:\Users\kumar\.m2\repository\org\seleniumhq\selenium\selenium-edge-driver\4.8.1\selenium-edge-driver-4.8.1.jar;C:\Users\kumar\.m2\repository\org\seleniumhq\selenium\selenium-firefox-driver\4.8.1\selenium-firefox-driver-4.8.1.jar;C:\Users\kumar\.m2\repository\org\seleniumhq\selenium\selenium-http\4.8.1\selenium-http-4.8.1.jar;C:\Users\kumar\.m2\repository\dev\failsafe\failsafe\3.3.0\failsafe-3.3.0.jar;C:\Users\kumar\.m2\repository\org\seleniumhq\selenium\selenium-ie-driver\4.8.1\selenium-ie-driver-4.8.1.jar;C:\Users\kumar\.m2\repository\org\seleniumhq\selenium\selenium-remote-driver\4.8.1\selenium-remote-driver-4.8.1.jar;C:\Users\kumar\.m2\repository\com\beust\jcommander\1.82\jcommander-1.82.jar;C:\Users\kumar\.m2\repository\io\netty\netty-buffer\4.1.87.Final\netty-buffer-4.1.87.Final.jar;C:\Users\kumar\.m2\repository\io\netty\netty-codec-http\4.1.87.Final\netty-codec-http-4.1.87.Final.jar;C:\Users\kumar\.m2\repository\io\netty\netty-codec\4.1.87.Final\netty-codec-4.1.87.Final.jar;C:\Users\kumar\.m2\repository\io\netty\netty-handler\4.1.87.Final\netty-handler-4.1.87.Final.jar;C:\Users\kumar\.m2\repository\io\netty\netty-common\4.1.87.Final\netty-common-4.1.87.Final.jar;C:\Users\kumar\.m2\repository\io\netty\netty-transport-classes-epoll\4.1.87.Final\netty-transport-classes-epoll-4.1.87.Final.jar;C:\Users\kumar\.m2\repository\io\netty\netty-transport-classes-kqueue\4.1.87.Final\netty-transport-classes-kqueue-4.1.87.Final.jar;C:\Users\kumar\.m2\repository\io\netty\netty-transport-native-epoll\4.1.87.Final\netty-transport-native-epoll-4.1.87.Final.jar;C:\Users\kumar\.m2\repository\io\netty\netty-transport-native-kqueue\4.1.87.Final\netty-transport-native-kqueue-4.1.87.Final.jar;C:\Users\kumar\.m2\repository\io\netty\netty-transport-native-unix-common\4.1.87.Final\netty-transport-native-unix-common-4.1.87.Final.jar;C:\Users\kumar\.m2\repository\io\netty\netty-transport\4.1.87.Final\netty-transport-4.1.87.Final.jar;C:\Users\kumar\.m2\repository\io\netty\netty-resolver\4.1.87.Final\netty-resolver-4.1.87.Final.jar;C:\Users\kumar\.m2\repository\io\opentelemetry\opentelemetry-api\1.22.0\opentelemetry-api-1.22.0.jar;C:\Users\kumar\.m2\repository\io\opentelemetry\opentelemetry-context\1.22.0\opentelemetry-context-1.22.0.jar;C:\Users\kumar\.m2\repository\io\opentelemetry\opentelemetry-exporter-logging\1.22.0\opentelemetry-exporter-logging-1.22.0.jar;C:\Users\kumar\.m2\repository\io\opentelemetry\opentelemetry-sdk-metrics\1.22.0\opentelemetry-sdk-metrics-1.22.0.jar;C:\Users\kumar\.m2\repository\io\opentelemetry\opentelemetry-sdk-logs\1.22.0-alpha\opentelemetry-sdk-logs-1.22.0-alpha.jar;C:\Users\kumar\.m2\repository\io\opentelemetry\opentelemetry-api-logs\1.22.0-alpha\opentelemetry-api-logs-1.22.0-alpha.jar;C:\Users\kumar\.m2\repository\io\opentelemetry\opentelemetry-sdk-common\1.22.0\opentelemetry-sdk-common-1.22.0.jar;C:\Users\kumar\.m2\repository\io\opentelemetry\opentelemetry-sdk-extension-autoconfigure-spi\1.22.0\opentelemetry-sdk-extension-autoconfigure-spi-1.22.0.jar;C:\Users\kumar\.m2\repository\io\opentelemetry\opentelemetry-sdk-extension-autoconfigure\1.22.0-alpha\opentelemetry-sdk-extension-autoconfigure-1.22.0-alpha.jar;C:\Users\kumar\.m2\repository\io\opentelemetry\opentelemetry-sdk-trace\1.22.0\opentelemetry-sdk-trace-1.22.0.jar;C:\Users\kumar\.m2\repository\io\opentelemetry\opentelemetry-sdk\1.22.0\opentelemetry-sdk-1.22.0.jar;C:\Users\kumar\.m2\repository\io\opentelemetry\opentelemetry-semconv\1.22.0-alpha\opentelemetry-semconv-1.22.0-alpha.jar;C:\Users\kumar\.m2\repository\io\ous\jtoml\2.0.0\jtoml-2.0.0.jar;C:\Users\kumar\.m2\repository\net\bytebuddy\byte-buddy\1.12.22\byte-buddy-1.12.22.jar;C:\Users\kumar\.m2\repository\org\apache\commons\commons-exec\1.3\commons-exec-1.3.jar;C:\Users\kumar\.m2\repository\org\asynchttpclient\async-http-client\2.12.3\async-http-client-2.12.3.jar;C:\Users\kumar\.m2\repository\org\asynchttpclient\async-http-client-netty-utils\2.12.3\async-http-client-netty-utils-2.12.3.jar;C:\Users\kumar\.m2\repository\io\netty\netty-codec-socks\4.1.60.Final\netty-codec-socks-4.1.60.Final.jar;C:\Users\kumar\.m2\repository\io\netty\netty-handler-proxy\4.1.60.Final\netty-handler-proxy-4.1.60.Final.jar;C:\Users\kumar\.m2\repository\io\netty\netty-transport-native-epoll\4.1.60.Final\netty-transport-native-epoll-4.1.60.Final-linux-x86_64.jar;C:\Users\kumar\.m2\repository\io\netty\netty-transport-native-kqueue\4.1.60.Final\netty-transport-native-kqueue-4.1.60.Final-osx-x86_64.jar;C:\Users\kumar\.m2\repository\org\reactivestreams\reactive-streams\1.0.3\reactive-streams-1.0.3.jar;C:\Users\kumar\.m2\repository\com\typesafe\netty\netty-reactive-streams\2.0.4\netty-reactive-streams-2.0.4.jar;C:\Users\kumar\.m2\repository\com\sun\activation\jakarta.activation\1.2.2\jakarta.activation-1.2.2.jar;C:\Users\kumar\.m2\repository\org\seleniumhq\selenium\selenium-manager\4.8.1\selenium-manager-4.8.1.jar;C:\Users\kumar\.m2\repository\org\seleniumhq\selenium\selenium-safari-driver\4.8.1\selenium-safari-driver-4.8.1.jar;C:\Users\kumar\.m2\repository\org\seleniumhq\selenium\selenium-support\4.8.1\selenium-support-4.8.1.jar;C:\Users\kumar\.m2\repository\io\github\bonigarcia\webdrivermanager\5.2.3\webdrivermanager-5.2.3.jar;C:\Users\kumar\.m2\repository\com\google\code\gson\gson\2.9.1\gson-2.9.1.jar;C:\Users\kumar\.m2\repository\com\github\docker-java\docker-java\3.2.13\docker-java-3.2.13.jar;C:\Users\kumar\.m2\repository\com\github\docker-java\docker-java-core\3.2.13\docker-java-core-3.2.13.jar;C:\Users\kumar\.m2\repository\com\github\docker-java\docker-java-api\3.2.13\docker-java-api-3.2.13.jar;C:\Users\kumar\.m2\repository\org\apache\commons\commons-compress\1.21\commons-compress-1.21.jar;C:\Users\kumar\.m2\repository\org\bouncycastle\bcpkix-jdk15on\1.64\bcpkix-jdk15on-1.64.jar;C:\Users\kumar\.m2\repository\org\bouncycastle\bcprov-jdk15on\1.64\bcprov-jdk15on-1.64.jar;C:\Users\kumar\.m2\repository\org\slf4j\jcl-over-slf4j\1.7.30\jcl-over-slf4j-1.7.30.jar;C:\Users\kumar\.m2\repository\com\github\docker-java\docker-java-transport-httpclient5\3.2.13\docker-java-transport-httpclient5-3.2.13.jar;C:\Users\kumar\.m2\repository\com\github\docker-java\docker-java-transport\3.2.13\docker-java-transport-3.2.13.jar;C:\Users\kumar\.m2\repository\net\java\dev\jna\jna\5.8.0\jna-5.8.0.jar;C:\Users\kumar\.m2\repository\org\brotli\dec\0.1.2\dec-0.1.2.jar;C:\Users\kumar\.m2\repository\org\apache\httpcomponents\client5\httpclient5\5.1.3\httpclient5-5.1.3.jar;C:\Users\kumar\.m2\repository\org\apache\httpcomponents\core5\httpcore5\5.1.3\httpcore5-5.1.3.jar;C:\Users\kumar\.m2\repository\org\apache\httpcomponents\core5\httpcore5-h2\5.1.3\httpcore5-h2-5.1.3.jar;C:\Users\kumar\.m2\repository\commons-codec\commons-codec\1.15\commons-codec-1.15.jar;C:\Program Files\Java\jdk-17\lib\tools-1.5.0.jar;C:\Users\kumar\.m2\repository\commons-io\commons-io\2.11.0\commons-io-2.11.0.jar;C:\Users\kumar\.m2\repository\org\apache\logging\log4j\log4j-core\2.17.2\log4j-core-2.17.2.jar;C:\Users\kumar\.m2\repository\org\apache\logging\log4j\log4j-api\2.18.0\log4j-api-2.18.0.jar;"/>
    <property name="sun.cpu.endian" value="little"/>
    <property name="user.home" value="C:\Users\kumar"/>
    <property name="user.language" value="en"/>
    <property name="java.specification.vendor" value="Oracle Corporation"/>
    <property name="java.version.date" value="2023-01-17"/>
    <property name="java.home" value="C:\Program Files\Java\jdk-17"/>
    <property name="file.separator" value="\"/>
    <property name="basedir" value="C:\Users\kumar\eclipse-workspace\CucumberFramwork"/>
    <property name="java.vm.compressedOopsMode" value="Zero based"/>
    <property name="line.separator" value="&#10;"/>
    <property name="java.vm.specification.vendor" value="Oracle Corporation"/>
    <property name="java.specification.name" value="Java Platform API Specification"/>
    <property name="surefire.real.class.path" value="C:\Users\kumar\AppData\Local\Temp\surefire12978905257779179770\surefirebooter-20230428174018614_3.jar"/>
    <property name="user.script" value=""/>
    <property name="sun.management.compiler" value="HotSpot 64-Bit Tiered Compilers"/>
    <property name="java.runtime.version" value="17.0.6+9-LTS-190"/>
    <property name="user.name" value="kumar"/>
    <property name="path.separator" value=";"/>
    <property name="os.version" value="10.0"/>
    <property name="java.runtime.name" value="Java(TM) SE Runtime Environment"/>
    <property name="file.encoding" value="Cp1252"/>
    <property name="java.vm.name" value="Java HotSpot(TM) 64-Bit Server VM"/>
    <property name="localRepository" value="C:\Users\kumar\.m2\repository"/>
    <property name="java.vendor.url.bug" value="https://bugreport.java.com/bugreport/"/>
    <property name="java.io.tmpdir" value="C:\Users\kumar\AppData\Local\Temp\"/>
    <property name="java.version" value="17.0.6"/>
    <property name="user.dir" value="C:\Users\kumar\eclipse-workspace\CucumberFramwork"/>
    <property name="os.arch" value="amd64"/>
    <property name="java.vm.specification.name" value="Java Virtual Machine Specification"/>
    <property name="sun.os.patch.level" value=""/>
    <property name="native.encoding" value="Cp1252"/>
    <property name="java.library.path" value="C:\Program Files\Java\jdk-17\bin;C:\WINDOWS\Sun\Java\bin;C:\WINDOWS\system32;C:\WINDOWS;C:\Program Files\Common Files\Oracle\Java\javapath;C:\WINDOWS\system32;C:\WINDOWS;C:\WINDOWS\System32\Wbem;C:\WINDOWS\System32\WindowsPowerShell\v1.0\;C:\WINDOWS\System32\OpenSSH\;C:\Program Files\dotnet\;C:\Program Files\Java\jdk-17\bin;C:\apache-maven-3.9.1\bin;C:\apache-maven-3.9.1\bin;C:\apache-maven-3.9.1\bin;C:\Users\kumar\AppData\Local\Microsoft\WindowsApps;;."/>
    <property name="java.vm.info" value="mixed mode, sharing"/>
    <property name="java.vendor" value="Oracle Corporation"/>
    <property name="java.vm.version" value="17.0.6+9-LTS-190"/>
    <property name="sun.io.unicode.encoding" value="UnicodeLittle"/>
    <property name="java.class.version" value="61.0"/>
  </properties>
  <testcase name="Add New Customer" classname="Customer" time="23.02">
    <system-out><![CDATA[
@sanity
Scenario: Add New Customer                                                                # Features/AddCustomer.feature:12
[DEBUG] Resolution chrome=112 in cache (valid until 18:14:52 28/04/2023 EDT)
[DEBUG] Resolution chrome112=112.0.5615.49 in cache (valid until 18:41:48 28/04/2023 EDT)
[INFO] Using chromedriver 112.0.5615.49 (resolved driver for Chrome 112)
[DEBUG] Driver chromedriver 112.0.5615.49 found in cache
[INFO] Exporting webdriver.chrome.driver as C:\Users\kumar\.cache\selenium\chromedriver\win32\112.0.5615.49\chromedriver.exe
[DEBUG] Using SLF4J as the default logging framework
[DEBUG] -Dio.netty.leakDetection.level: simple
[DEBUG] -Dio.netty.leakDetection.targetRecords: 4
[DEBUG] Loaded default ResourceLeakDetector: io.netty.util.ResourceLeakDetector@6edcd0d8
[DEBUG] -Dio.netty.noUnsafe: false
[DEBUG] Java version: 17
[DEBUG] sun.misc.Unsafe.theUnsafe: available
[DEBUG] sun.misc.Unsafe.copyMemory: available
[DEBUG] sun.misc.Unsafe.storeFence: available
[DEBUG] java.nio.Buffer.address: available
[DEBUG] direct buffer constructor: unavailable: Reflective setAccessible(true) disabled
[DEBUG] java.nio.Bits.unaligned: available, true
[DEBUG] jdk.internal.misc.Unsafe.allocateUninitializedArray(int): unavailable: class io.netty.util.internal.PlatformDependent0$7 cannot access class jdk.internal.misc.Unsafe (in module java.base) because module java.base does not export jdk.internal.misc to unnamed module @5f341870
[DEBUG] java.nio.DirectByteBuffer.<init>(long, int): unavailable
[DEBUG] sun.misc.Unsafe: available
[DEBUG] maxDirectMemory: 4223664128 bytes (maybe)
[DEBUG] -Dio.netty.tmpdir: C:\Users\kumar\AppData\Local\Temp (java.io.tmpdir)
[DEBUG] -Dio.netty.bitMode: 64 (sun.arch.data.model)
[DEBUG] Platform: Windows
[DEBUG] -Dio.netty.maxDirectMemory: -1 bytes
[DEBUG] -Dio.netty.uninitializedArrayAllocationThreshold: -1
[DEBUG] java.nio.ByteBuffer.cleaner(): available
[DEBUG] -Dio.netty.noPreferDirect: false
[DEBUG] org.jctools-core.MpscChunkedArrayQueue: available
[DEBUG] -Dio.netty.threadLocalMap.stringBuilder.initialSize: 1024
[DEBUG] -Dio.netty.threadLocalMap.stringBuilder.maxSize: 4096
[DEBUG] Default protocols (JDK): [TLSv1.3, TLSv1.2] 
[DEBUG] Default cipher suites (JDK): [TLS_ECDHE_ECDSA_WITH_AES_256_GCM_SHA384, TLS_ECDHE_ECDSA_WITH_AES_128_GCM_SHA256, TLS_ECDHE_RSA_WITH_AES_128_GCM_SHA256, TLS_ECDHE_RSA_WITH_AES_256_GCM_SHA384, TLS_ECDHE_RSA_WITH_AES_128_CBC_SHA, TLS_ECDHE_RSA_WITH_AES_256_CBC_SHA, TLS_RSA_WITH_AES_128_GCM_SHA256, TLS_RSA_WITH_AES_128_CBC_SHA, TLS_RSA_WITH_AES_256_CBC_SHA, TLS_AES_128_GCM_SHA256, TLS_AES_256_GCM_SHA384]
[DEBUG] -Dio.netty.eventLoopThreads: 16
[DEBUG] -Dio.netty.noKeySetOptimization: false
[DEBUG] -Dio.netty.selectorAutoRebuildThreshold: 512
[DEBUG] -Dio.netty.allocator.numHeapArenas: 16
[DEBUG] -Dio.netty.allocator.numDirectArenas: 16
[DEBUG] -Dio.netty.allocator.pageSize: 8192
[DEBUG] -Dio.netty.allocator.maxOrder: 9
[DEBUG] -Dio.netty.allocator.chunkSize: 4194304
[DEBUG] -Dio.netty.allocator.smallCacheSize: 256
[DEBUG] -Dio.netty.allocator.normalCacheSize: 64
[DEBUG] -Dio.netty.allocator.maxCachedBufferCapacity: 32768
[DEBUG] -Dio.netty.allocator.cacheTrimInterval: 8192
[DEBUG] -Dio.netty.allocator.cacheTrimIntervalMillis: 0
[DEBUG] -Dio.netty.allocator.useCacheForAllThreads: false
[DEBUG] -Dio.netty.allocator.maxCachedByteBuffersPerChunk: 1023
[DEBUG] -Dio.netty.allocator.type: pooled
[DEBUG] -Dio.netty.threadLocalDirectBufferSize: 0
[DEBUG] -Dio.netty.maxThreadLocalCharBufferSize: 16384
[DEBUG] -Dio.netty.processId: 40220 (auto-detected)
[DEBUG] -Djava.net.preferIPv4Stack: false
[DEBUG] -Djava.net.preferIPv6Addresses: false
[DEBUG] Loopback interface: lo (Software Loopback Interface 1, 127.0.0.1)
[DEBUG] Failed to get SOMAXCONN from sysctl and file \proc\sys\net\core\somaxconn. Default: 200
[DEBUG] -Dio.netty.machineId: 84:7b:57:ff:fe:3f:41:66 (auto-detected)
[DEBUG] -Dio.netty.buffer.checkAccessible: true
[DEBUG] -Dio.netty.buffer.checkBounds: true
[DEBUG] Loaded default ResourceLeakDetector: io.netty.util.ResourceLeakDetector@30e755dc
[DEBUG] Using new Channel '[id: 0x9b7e950f, L:/127.0.0.1:59689 - R:localhost/127.0.0.1:16377]' for 'POST' to '/session'
[DEBUG] -Dio.netty.recycler.maxCapacityPerThread: 4096
[DEBUG] -Dio.netty.recycler.ratio: 8
[DEBUG] -Dio.netty.recycler.chunkSize: 32
[DEBUG] -Dio.netty.recycler.blocking: false
[DEBUG] brotli4j not in the classpath; Brotli support will be unavailable.
[DEBUG] 

Request DefaultHttpRequest(decodeResult: success, version: HTTP/1.1)
POST /session HTTP/1.1
User-Agent: selenium/4.8.1 (java windows)
Content-Length: 439
Content-Type: application/json; charset=utf-8
host: localhost:16377
accept: */*

Response DefaultHttpResponse(decodeResult: success, version: HTTP/1.1)
HTTP/1.1 200 OK
Content-Length: 860
Content-Type: application/json; charset=utf-8
cache-control: no-cache

[DEBUG] Adding key: http://localhost:16377 for channel [id: 0x9b7e950f, L:/127.0.0.1:59689 - R:localhost/127.0.0.1:16377]
[DEBUG] Using new Channel '[id: 0x5039b805, L:/127.0.0.1:59696 - R:localhost/127.0.0.1:59690]' for 'GET' to '/json/version'
[DEBUG] 

Request DefaultFullHttpRequest(decodeResult: success, version: HTTP/1.1, content: EmptyByteBufBE)
GET /json/version HTTP/1.1
User-Agent: selenium/4.8.1 (java windows)
host: localhost:59690
accept: */*

Response DefaultHttpResponse(decodeResult: success, version: HTTP/1.1)
HTTP/1.1 200 OK
Content-Security-Policy: frame-ancestors 'none'
Content-Length: 424
Content-Type: application/json; charset=UTF-8

[DEBUG] Adding key: http://localhost:59690 for channel [id: 0x5039b805, L:/127.0.0.1:59696 - R:localhost/127.0.0.1:59690]
[DEBUG] -Dio.netty.initialSeedUniquifier: 0x68aa061295a72a11
[DEBUG] Using new Channel '[id: 0x169e6ff9, L:/127.0.0.1:59697 - R:localhost/127.0.0.1:59690]' for 'GET' to '/devtools/browser/5d611a50-f2e4-48a8-a8c2-5a3e31bcbb29'
[DEBUG] 

Request DefaultFullHttpRequest(decodeResult: success, version: HTTP/1.1, content: EmptyByteBufBE)
GET /devtools/browser/5d611a50-f2e4-48a8-a8c2-5a3e31bcbb29 HTTP/1.1
upgrade: websocket
connection: upgrade
sec-websocket-key: c3kFIgP1HUA0cOGSIVHmHw==
sec-websocket-version: 13
origin: http://localhost:59690
host: localhost:59690
accept: */*
user-agent: AHC/2.1

Response DefaultHttpResponse(decodeResult: success, version: HTTP/1.1)
HTTP/1.1 101 WebSocket Protocol Handshake
Upgrade: WebSocket
Connection: Upgrade
Sec-WebSocket-Accept: ThXL1yh1BQt2Gf//n/t0vqvIsls=

[DEBUG] Entry count for : http://localhost:59690 : 1
[DEBUG] Entry count for : http://localhost:16377 : 1
  Given User Launch Chrome browser                                                        # StepDefination.StepDef.user_launch_chrome_browser()
[DEBUG] Using pooled Channel '[id: 0x9b7e950f, L:/127.0.0.1:59689 - R:localhost/127.0.0.1:16377]' for 'POST' to 'http://localhost:16377/session/3d9ce75e9c77293a1ee002ab136f535b/url'
[DEBUG] Using open Channel [id: 0x9b7e950f, L:/127.0.0.1:59689 - R:localhost/127.0.0.1:16377] for POST '/session/3d9ce75e9c77293a1ee002ab136f535b/url'
[DEBUG] 

Request DefaultHttpRequest(decodeResult: success, version: HTTP/1.1)
POST /session/3d9ce75e9c77293a1ee002ab136f535b/url HTTP/1.1
User-Agent: selenium/4.8.1 (java windows)
Content-Length: 69
Content-Type: application/json; charset=utf-8
host: localhost:16377
accept: */*

Response DefaultHttpResponse(decodeResult: success, version: HTTP/1.1)
HTTP/1.1 200 OK
Content-Length: 14
Content-Type: application/json; charset=utf-8
cache-control: no-cache

[DEBUG] Adding key: http://localhost:16377 for channel [id: 0x9b7e950f, L:/127.0.0.1:59689 - R:localhost/127.0.0.1:16377]
  When User opens URL "http://admin-demo.nopcommerce.com/login"                           # StepDefination.StepDef.user_opens_url(java.lang.String)
[DEBUG] Using pooled Channel '[id: 0x9b7e950f, L:/127.0.0.1:59689 - R:localhost/127.0.0.1:16377]' for 'POST' to 'http://localhost:16377/session/3d9ce75e9c77293a1ee002ab136f535b/element'
[DEBUG] Using open Channel [id: 0x9b7e950f, L:/127.0.0.1:59689 - R:localhost/127.0.0.1:16377] for POST '/session/3d9ce75e9c77293a1ee002ab136f535b/element'
[DEBUG] 

Request DefaultHttpRequest(decodeResult: success, version: HTTP/1.1)
POST /session/3d9ce75e9c77293a1ee002ab136f535b/element HTTP/1.1
User-Agent: selenium/4.8.1 (java windows)
Content-Length: 50
Content-Type: application/json; charset=utf-8
host: localhost:16377
accept: */*

Response DefaultHttpResponse(decodeResult: success, version: HTTP/1.1)
HTTP/1.1 200 OK
Content-Length: 88
Content-Type: application/json; charset=utf-8
cache-control: no-cache

[DEBUG] Adding key: http://localhost:16377 for channel [id: 0x9b7e950f, L:/127.0.0.1:59689 - R:localhost/127.0.0.1:16377]
[DEBUG] Using pooled Channel '[id: 0x9b7e950f, L:/127.0.0.1:59689 - R:localhost/127.0.0.1:16377]' for 'POST' to 'http://localhost:16377/session/3d9ce75e9c77293a1ee002ab136f535b/element/974ff3c2-8423-4bfb-bf06-1a3b85ab29c1/clear'
[DEBUG] Using open Channel [id: 0x9b7e950f, L:/127.0.0.1:59689 - R:localhost/127.0.0.1:16377] for POST '/session/3d9ce75e9c77293a1ee002ab136f535b/element/974ff3c2-8423-4bfb-bf06-1a3b85ab29c1/clear'
[DEBUG] 

Request DefaultHttpRequest(decodeResult: success, version: HTTP/1.1)
POST /session/3d9ce75e9c77293a1ee002ab136f535b/element/974ff3c2-8423-4bfb-bf06-1a3b85ab29c1/clear HTTP/1.1
User-Agent: selenium/4.8.1 (java windows)
Content-Length: 50
Content-Type: application/json; charset=utf-8
host: localhost:16377
accept: */*

Response DefaultHttpResponse(decodeResult: success, version: HTTP/1.1)
HTTP/1.1 200 OK
Content-Length: 14
Content-Type: application/json; charset=utf-8
cache-control: no-cache

[DEBUG] Adding key: http://localhost:16377 for channel [id: 0x9b7e950f, L:/127.0.0.1:59689 - R:localhost/127.0.0.1:16377]
[DEBUG] Using pooled Channel '[id: 0x9b7e950f, L:/127.0.0.1:59689 - R:localhost/127.0.0.1:16377]' for 'POST' to 'http://localhost:16377/session/3d9ce75e9c77293a1ee002ab136f535b/element'
[DEBUG] Using open Channel [id: 0x9b7e950f, L:/127.0.0.1:59689 - R:localhost/127.0.0.1:16377] for POST '/session/3d9ce75e9c77293a1ee002ab136f535b/element'
[DEBUG] 

Request DefaultHttpRequest(decodeResult: success, version: HTTP/1.1)
POST /session/3d9ce75e9c77293a1ee002ab136f535b/element HTTP/1.1
User-Agent: selenium/4.8.1 (java windows)
Content-Length: 50
Content-Type: application/json; charset=utf-8
host: localhost:16377
accept: */*

Response DefaultHttpResponse(decodeResult: success, version: HTTP/1.1)
HTTP/1.1 200 OK
Content-Length: 88
Content-Type: application/json; charset=utf-8
cache-control: no-cache

[DEBUG] Adding key: http://localhost:16377 for channel [id: 0x9b7e950f, L:/127.0.0.1:59689 - R:localhost/127.0.0.1:16377]
[DEBUG] Using pooled Channel '[id: 0x9b7e950f, L:/127.0.0.1:59689 - R:localhost/127.0.0.1:16377]' for 'POST' to 'http://localhost:16377/session/3d9ce75e9c77293a1ee002ab136f535b/element/974ff3c2-8423-4bfb-bf06-1a3b85ab29c1/value'
[DEBUG] Using open Channel [id: 0x9b7e950f, L:/127.0.0.1:59689 - R:localhost/127.0.0.1:16377] for POST '/session/3d9ce75e9c77293a1ee002ab136f535b/element/974ff3c2-8423-4bfb-bf06-1a3b85ab29c1/value'
[DEBUG] 

Request DefaultHttpRequest(decodeResult: success, version: HTTP/1.1)
POST /session/3d9ce75e9c77293a1ee002ab136f535b/element/974ff3c2-8423-4bfb-bf06-1a3b85ab29c1/value HTTP/1.1
User-Agent: selenium/4.8.1 (java windows)
Content-Length: 271
Content-Type: application/json; charset=utf-8
host: localhost:16377
accept: */*

Response DefaultHttpResponse(decodeResult: success, version: HTTP/1.1)
HTTP/1.1 200 OK
Content-Length: 14
Content-Type: application/json; charset=utf-8
cache-control: no-cache

[DEBUG] Adding key: http://localhost:16377 for channel [id: 0x9b7e950f, L:/127.0.0.1:59689 - R:localhost/127.0.0.1:16377]
[DEBUG] Using pooled Channel '[id: 0x9b7e950f, L:/127.0.0.1:59689 - R:localhost/127.0.0.1:16377]' for 'POST' to 'http://localhost:16377/session/3d9ce75e9c77293a1ee002ab136f535b/element'
[DEBUG] Using open Channel [id: 0x9b7e950f, L:/127.0.0.1:59689 - R:localhost/127.0.0.1:16377] for POST '/session/3d9ce75e9c77293a1ee002ab136f535b/element'
[DEBUG] 

Request DefaultHttpRequest(decodeResult: success, version: HTTP/1.1)
POST /session/3d9ce75e9c77293a1ee002ab136f535b/element HTTP/1.1
User-Agent: selenium/4.8.1 (java windows)
Content-Length: 53
Content-Type: application/json; charset=utf-8
host: localhost:16377
accept: */*

Response DefaultHttpResponse(decodeResult: success, version: HTTP/1.1)
HTTP/1.1 200 OK
Content-Length: 88
Content-Type: application/json; charset=utf-8
cache-control: no-cache

[DEBUG] Adding key: http://localhost:16377 for channel [id: 0x9b7e950f, L:/127.0.0.1:59689 - R:localhost/127.0.0.1:16377]
[DEBUG] Using pooled Channel '[id: 0x9b7e950f, L:/127.0.0.1:59689 - R:localhost/127.0.0.1:16377]' for 'POST' to 'http://localhost:16377/session/3d9ce75e9c77293a1ee002ab136f535b/element/3392ae98-99a9-444e-b167-604a7f80b6d4/clear'
[DEBUG] Using open Channel [id: 0x9b7e950f, L:/127.0.0.1:59689 - R:localhost/127.0.0.1:16377] for POST '/session/3d9ce75e9c77293a1ee002ab136f535b/element/3392ae98-99a9-444e-b167-604a7f80b6d4/clear'
[DEBUG] 

Request DefaultHttpRequest(decodeResult: success, version: HTTP/1.1)
POST /session/3d9ce75e9c77293a1ee002ab136f535b/element/3392ae98-99a9-444e-b167-604a7f80b6d4/clear HTTP/1.1
User-Agent: selenium/4.8.1 (java windows)
Content-Length: 50
Content-Type: application/json; charset=utf-8
host: localhost:16377
accept: */*

Response DefaultHttpResponse(decodeResult: success, version: HTTP/1.1)
HTTP/1.1 200 OK
Content-Length: 14
Content-Type: application/json; charset=utf-8
cache-control: no-cache

[DEBUG] Adding key: http://localhost:16377 for channel [id: 0x9b7e950f, L:/127.0.0.1:59689 - R:localhost/127.0.0.1:16377]
[DEBUG] Using pooled Channel '[id: 0x9b7e950f, L:/127.0.0.1:59689 - R:localhost/127.0.0.1:16377]' for 'POST' to 'http://localhost:16377/session/3d9ce75e9c77293a1ee002ab136f535b/element'
[DEBUG] Using open Channel [id: 0x9b7e950f, L:/127.0.0.1:59689 - R:localhost/127.0.0.1:16377] for POST '/session/3d9ce75e9c77293a1ee002ab136f535b/element'
[DEBUG] 

Request DefaultHttpRequest(decodeResult: success, version: HTTP/1.1)
POST /session/3d9ce75e9c77293a1ee002ab136f535b/element HTTP/1.1
User-Agent: selenium/4.8.1 (java windows)
Content-Length: 53
Content-Type: application/json; charset=utf-8
host: localhost:16377
accept: */*

Response DefaultHttpResponse(decodeResult: success, version: HTTP/1.1)
HTTP/1.1 200 OK
Content-Length: 88
Content-Type: application/json; charset=utf-8
cache-control: no-cache

[DEBUG] Adding key: http://localhost:16377 for channel [id: 0x9b7e950f, L:/127.0.0.1:59689 - R:localhost/127.0.0.1:16377]
[DEBUG] Using pooled Channel '[id: 0x9b7e950f, L:/127.0.0.1:59689 - R:localhost/127.0.0.1:16377]' for 'POST' to 'http://localhost:16377/session/3d9ce75e9c77293a1ee002ab136f535b/element/3392ae98-99a9-444e-b167-604a7f80b6d4/value'
[DEBUG] Using open Channel [id: 0x9b7e950f, L:/127.0.0.1:59689 - R:localhost/127.0.0.1:16377] for POST '/session/3d9ce75e9c77293a1ee002ab136f535b/element/3392ae98-99a9-444e-b167-604a7f80b6d4/value'
[DEBUG] 

Request DefaultHttpRequest(decodeResult: success, version: HTTP/1.1)
POST /session/3d9ce75e9c77293a1ee002ab136f535b/element/3392ae98-99a9-444e-b167-604a7f80b6d4/value HTTP/1.1
User-Agent: selenium/4.8.1 (java windows)
Content-Length: 131
Content-Type: application/json; charset=utf-8
host: localhost:16377
accept: */*

Response DefaultHttpResponse(decodeResult: success, version: HTTP/1.1)
HTTP/1.1 200 OK
Content-Length: 14
Content-Type: application/json; charset=utf-8
cache-control: no-cache

[DEBUG] Adding key: http://localhost:16377 for channel [id: 0x9b7e950f, L:/127.0.0.1:59689 - R:localhost/127.0.0.1:16377]
  And User enters Email as "admin@yourstore.com" and Password as "admin"                  # StepDefination.StepDef.user_enters_email_as_and_password_as(java.lang.String,java.lang.String)
[DEBUG] Using pooled Channel '[id: 0x9b7e950f, L:/127.0.0.1:59689 - R:localhost/127.0.0.1:16377]' for 'POST' to 'http://localhost:16377/session/3d9ce75e9c77293a1ee002ab136f535b/element'
[DEBUG] Using open Channel [id: 0x9b7e950f, L:/127.0.0.1:59689 - R:localhost/127.0.0.1:16377] for POST '/session/3d9ce75e9c77293a1ee002ab136f535b/element'
[DEBUG] Entry count for : http://localhost:59690 : 1
[DEBUG] 

Request DefaultHttpRequest(decodeResult: success, version: HTTP/1.1)
POST /session/3d9ce75e9c77293a1ee002ab136f535b/element HTTP/1.1
User-Agent: selenium/4.8.1 (java windows)
Content-Length: 71
Content-Type: application/json; charset=utf-8
host: localhost:16377
accept: */*

Response DefaultHttpResponse(decodeResult: success, version: HTTP/1.1)
HTTP/1.1 200 OK
Content-Length: 88
Content-Type: application/json; charset=utf-8
cache-control: no-cache

[DEBUG] Adding key: http://localhost:16377 for channel [id: 0x9b7e950f, L:/127.0.0.1:59689 - R:localhost/127.0.0.1:16377]
[DEBUG] Using pooled Channel '[id: 0x9b7e950f, L:/127.0.0.1:59689 - R:localhost/127.0.0.1:16377]' for 'POST' to 'http://localhost:16377/session/3d9ce75e9c77293a1ee002ab136f535b/element/93c544a6-db25-4821-a82d-b51e7a6d66fa/click'
[DEBUG] Using open Channel [id: 0x9b7e950f, L:/127.0.0.1:59689 - R:localhost/127.0.0.1:16377] for POST '/session/3d9ce75e9c77293a1ee002ab136f535b/element/93c544a6-db25-4821-a82d-b51e7a6d66fa/click'
[DEBUG] Entry count for : http://localhost:59690 : 1
[DEBUG] 

Request DefaultHttpRequest(decodeResult: success, version: HTTP/1.1)
POST /session/3d9ce75e9c77293a1ee002ab136f535b/element/93c544a6-db25-4821-a82d-b51e7a6d66fa/click HTTP/1.1
User-Agent: selenium/4.8.1 (java windows)
Content-Length: 50
Content-Type: application/json; charset=utf-8
host: localhost:16377
accept: */*

Response DefaultHttpResponse(decodeResult: success, version: HTTP/1.1)
HTTP/1.1 200 OK
Content-Length: 14
Content-Type: application/json; charset=utf-8
cache-control: no-cache

[DEBUG] Adding key: http://localhost:16377 for channel [id: 0x9b7e950f, L:/127.0.0.1:59689 - R:localhost/127.0.0.1:16377]
  And Click on Login                                                                      # StepDefination.StepDef.click_on_login()
[DEBUG] Using pooled Channel '[id: 0x9b7e950f, L:/127.0.0.1:59689 - R:localhost/127.0.0.1:16377]' for 'GET' to 'http://localhost:16377/session/3d9ce75e9c77293a1ee002ab136f535b/title'
[DEBUG] Using open Channel [id: 0x9b7e950f, L:/127.0.0.1:59689 - R:localhost/127.0.0.1:16377] for GET '/session/3d9ce75e9c77293a1ee002ab136f535b/title'
[DEBUG] 

Request DefaultFullHttpRequest(decodeResult: success, version: HTTP/1.1, content: EmptyByteBufBE)
GET /session/3d9ce75e9c77293a1ee002ab136f535b/title HTTP/1.1
User-Agent: selenium/4.8.1 (java windows)
Cache-Control: no-cache
Content-Type: application/json; charset=utf-8
host: localhost:16377
accept: */*

Response DefaultHttpResponse(decodeResult: success, version: HTTP/1.1)
HTTP/1.1 200 OK
Content-Length: 50
Content-Type: application/json; charset=utf-8
cache-control: no-cache

[DEBUG] Adding key: http://localhost:16377 for channel [id: 0x9b7e950f, L:/127.0.0.1:59689 - R:localhost/127.0.0.1:16377]
  Then User can view Dashboad                                                             # StepDefination.StepDef.user_can_view_dashboad()
[DEBUG] Entry count for : http://localhost:59690 : 1
[DEBUG] Entry count for : http://localhost:16377 : 1
[DEBUG] Entry count for : http://localhost:59690 : 1
[DEBUG] Entry count for : http://localhost:16377 : 1
[DEBUG] Entry count for : http://localhost:59690 : 1
[DEBUG] Entry count for : http://localhost:16377 : 1
[DEBUG] Using pooled Channel '[id: 0x9b7e950f, L:/127.0.0.1:59689 - R:localhost/127.0.0.1:16377]' for 'POST' to 'http://localhost:16377/session/3d9ce75e9c77293a1ee002ab136f535b/element'
[DEBUG] Using open Channel [id: 0x9b7e950f, L:/127.0.0.1:59689 - R:localhost/127.0.0.1:16377] for POST '/session/3d9ce75e9c77293a1ee002ab136f535b/element'
[DEBUG] 

Request DefaultHttpRequest(decodeResult: success, version: HTTP/1.1)
POST /session/3d9ce75e9c77293a1ee002ab136f535b/element HTTP/1.1
User-Agent: selenium/4.8.1 (java windows)
Content-Length: 104
Content-Type: application/json; charset=utf-8
host: localhost:16377
accept: */*

Response DefaultHttpResponse(decodeResult: success, version: HTTP/1.1)
HTTP/1.1 200 OK
Content-Length: 88
Content-Type: application/json; charset=utf-8
cache-control: no-cache

[DEBUG] Adding key: http://localhost:16377 for channel [id: 0x9b7e950f, L:/127.0.0.1:59689 - R:localhost/127.0.0.1:16377]
[DEBUG] Using pooled Channel '[id: 0x9b7e950f, L:/127.0.0.1:59689 - R:localhost/127.0.0.1:16377]' for 'POST' to 'http://localhost:16377/session/3d9ce75e9c77293a1ee002ab136f535b/element/a4aad342-ccac-4af5-90eb-0b92cc1dfb58/click'
[DEBUG] Using open Channel [id: 0x9b7e950f, L:/127.0.0.1:59689 - R:localhost/127.0.0.1:16377] for POST '/session/3d9ce75e9c77293a1ee002ab136f535b/element/a4aad342-ccac-4af5-90eb-0b92cc1dfb58/click'
[DEBUG] 

Request DefaultHttpRequest(decodeResult: success, version: HTTP/1.1)
POST /session/3d9ce75e9c77293a1ee002ab136f535b/element/a4aad342-ccac-4af5-90eb-0b92cc1dfb58/click HTTP/1.1
User-Agent: selenium/4.8.1 (java windows)
Content-Length: 50
Content-Type: application/json; charset=utf-8
host: localhost:16377
accept: */*

Response DefaultHttpResponse(decodeResult: success, version: HTTP/1.1)
HTTP/1.1 200 OK
Content-Length: 14
Content-Type: application/json; charset=utf-8
cache-control: no-cache

[DEBUG] Adding key: http://localhost:16377 for channel [id: 0x9b7e950f, L:/127.0.0.1:59689 - R:localhost/127.0.0.1:16377]
[DEBUG] Entry count for : http://localhost:59690 : 1
[DEBUG] Entry count for : http://localhost:16377 : 1
[DEBUG] Entry count for : http://localhost:59690 : 1
[DEBUG] Entry count for : http://localhost:16377 : 1
  When User click on customers Menu                                                       # StepDefination.StepDef.user_click_on_customers_menu()
[DEBUG] Using pooled Channel '[id: 0x9b7e950f, L:/127.0.0.1:59689 - R:localhost/127.0.0.1:16377]' for 'POST' to 'http://localhost:16377/session/3d9ce75e9c77293a1ee002ab136f535b/element'
[DEBUG] Using open Channel [id: 0x9b7e950f, L:/127.0.0.1:59689 - R:localhost/127.0.0.1:16377] for POST '/session/3d9ce75e9c77293a1ee002ab136f535b/element'
[DEBUG] 

Request DefaultHttpRequest(decodeResult: success, version: HTTP/1.1)
POST /session/3d9ce75e9c77293a1ee002ab136f535b/element HTTP/1.1
User-Agent: selenium/4.8.1 (java windows)
Content-Length: 138
Content-Type: application/json; charset=utf-8
host: localhost:16377
accept: */*

Response DefaultHttpResponse(decodeResult: success, version: HTTP/1.1)
HTTP/1.1 200 OK
Content-Length: 88
Content-Type: application/json; charset=utf-8
cache-control: no-cache

[DEBUG] Adding key: http://localhost:16377 for channel [id: 0x9b7e950f, L:/127.0.0.1:59689 - R:localhost/127.0.0.1:16377]
[DEBUG] Using pooled Channel '[id: 0x9b7e950f, L:/127.0.0.1:59689 - R:localhost/127.0.0.1:16377]' for 'POST' to 'http://localhost:16377/session/3d9ce75e9c77293a1ee002ab136f535b/element/66f24c80-1e5c-45e6-b9b9-39cad245922d/click'
[DEBUG] Using open Channel [id: 0x9b7e950f, L:/127.0.0.1:59689 - R:localhost/127.0.0.1:16377] for POST '/session/3d9ce75e9c77293a1ee002ab136f535b/element/66f24c80-1e5c-45e6-b9b9-39cad245922d/click'
[DEBUG] Entry count for : http://localhost:59690 : 1
[DEBUG] 

Request DefaultHttpRequest(decodeResult: success, version: HTTP/1.1)
POST /session/3d9ce75e9c77293a1ee002ab136f535b/element/66f24c80-1e5c-45e6-b9b9-39cad245922d/click HTTP/1.1
User-Agent: selenium/4.8.1 (java windows)
Content-Length: 50
Content-Type: application/json; charset=utf-8
host: localhost:16377
accept: */*

Response DefaultHttpResponse(decodeResult: success, version: HTTP/1.1)
HTTP/1.1 200 OK
Content-Length: 14
Content-Type: application/json; charset=utf-8
cache-control: no-cache

[DEBUG] Adding key: http://localhost:16377 for channel [id: 0x9b7e950f, L:/127.0.0.1:59689 - R:localhost/127.0.0.1:16377]
[DEBUG] Entry count for : http://localhost:59690 : 1
[DEBUG] Entry count for : http://localhost:16377 : 1
  And click on customers Menu Item                                                        # StepDefination.StepDef.click_on_customers_menu_item()
[DEBUG] Using pooled Channel '[id: 0x9b7e950f, L:/127.0.0.1:59689 - R:localhost/127.0.0.1:16377]' for 'POST' to 'http://localhost:16377/session/3d9ce75e9c77293a1ee002ab136f535b/element'
[DEBUG] Using open Channel [id: 0x9b7e950f, L:/127.0.0.1:59689 - R:localhost/127.0.0.1:16377] for POST '/session/3d9ce75e9c77293a1ee002ab136f535b/element'
[DEBUG] 

Request DefaultHttpRequest(decodeResult: success, version: HTTP/1.1)
POST /session/3d9ce75e9c77293a1ee002ab136f535b/element HTTP/1.1
User-Agent: selenium/4.8.1 (java windows)
Content-Length: 76
Content-Type: application/json; charset=utf-8
host: localhost:16377
accept: */*

Response DefaultHttpResponse(decodeResult: success, version: HTTP/1.1)
HTTP/1.1 200 OK
Content-Length: 88
Content-Type: application/json; charset=utf-8
cache-control: no-cache

[DEBUG] Adding key: http://localhost:16377 for channel [id: 0x9b7e950f, L:/127.0.0.1:59689 - R:localhost/127.0.0.1:16377]
[DEBUG] Using pooled Channel '[id: 0x9b7e950f, L:/127.0.0.1:59689 - R:localhost/127.0.0.1:16377]' for 'POST' to 'http://localhost:16377/session/3d9ce75e9c77293a1ee002ab136f535b/element/cee4775c-9ca2-4a44-a5b4-b04f1b6bdf30/click'
[DEBUG] Using open Channel [id: 0x9b7e950f, L:/127.0.0.1:59689 - R:localhost/127.0.0.1:16377] for POST '/session/3d9ce75e9c77293a1ee002ab136f535b/element/cee4775c-9ca2-4a44-a5b4-b04f1b6bdf30/click'
[DEBUG] Entry count for : http://localhost:59690 : 1
[DEBUG] 

Request DefaultHttpRequest(decodeResult: success, version: HTTP/1.1)
POST /session/3d9ce75e9c77293a1ee002ab136f535b/element/cee4775c-9ca2-4a44-a5b4-b04f1b6bdf30/click HTTP/1.1
User-Agent: selenium/4.8.1 (java windows)
Content-Length: 50
Content-Type: application/json; charset=utf-8
host: localhost:16377
accept: */*

Response DefaultHttpResponse(decodeResult: success, version: HTTP/1.1)
HTTP/1.1 200 OK
Content-Length: 14
Content-Type: application/json; charset=utf-8
cache-control: no-cache

[DEBUG] Adding key: http://localhost:16377 for channel [id: 0x9b7e950f, L:/127.0.0.1:59689 - R:localhost/127.0.0.1:16377]
  And click on Add new button                                                             # StepDefination.StepDef.click_on_add_new_button()
[DEBUG] Using pooled Channel '[id: 0x9b7e950f, L:/127.0.0.1:59689 - R:localhost/127.0.0.1:16377]' for 'GET' to 'http://localhost:16377/session/3d9ce75e9c77293a1ee002ab136f535b/title'
[DEBUG] Using open Channel [id: 0x9b7e950f, L:/127.0.0.1:59689 - R:localhost/127.0.0.1:16377] for GET '/session/3d9ce75e9c77293a1ee002ab136f535b/title'
[DEBUG] 

Request DefaultFullHttpRequest(decodeResult: success, version: HTTP/1.1, content: EmptyByteBufBE)
GET /session/3d9ce75e9c77293a1ee002ab136f535b/title HTTP/1.1
User-Agent: selenium/4.8.1 (java windows)
Cache-Control: no-cache
Content-Type: application/json; charset=utf-8
host: localhost:16377
accept: */*

Response DefaultHttpResponse(decodeResult: success, version: HTTP/1.1)
HTTP/1.1 200 OK
Content-Length: 59
Content-Type: application/json; charset=utf-8
cache-control: no-cache

[DEBUG] Adding key: http://localhost:16377 for channel [id: 0x9b7e950f, L:/127.0.0.1:59689 - R:localhost/127.0.0.1:16377]
  Then User can view Add new customer page                                                # StepDefination.StepDef.user_can_view_add_new_customer_page()
[DEBUG] Entry count for : http://localhost:59690 : 1
[DEBUG] Entry count for : http://localhost:16377 : 1
[DEBUG] Entry count for : http://localhost:59690 : 1
[DEBUG] Entry count for : http://localhost:16377 : 1
[DEBUG] Using pooled Channel '[id: 0x9b7e950f, L:/127.0.0.1:59689 - R:localhost/127.0.0.1:16377]' for 'POST' to 'http://localhost:16377/session/3d9ce75e9c77293a1ee002ab136f535b/element'
[DEBUG] Using open Channel [id: 0x9b7e950f, L:/127.0.0.1:59689 - R:localhost/127.0.0.1:16377] for POST '/session/3d9ce75e9c77293a1ee002ab136f535b/element'
[DEBUG] 

Request DefaultHttpRequest(decodeResult: success, version: HTTP/1.1)
POST /session/3d9ce75e9c77293a1ee002ab136f535b/element HTTP/1.1
User-Agent: selenium/4.8.1 (java windows)
Content-Length: 67
Content-Type: application/json; charset=utf-8
host: localhost:16377
accept: */*

Response DefaultHttpResponse(decodeResult: success, version: HTTP/1.1)
HTTP/1.1 200 OK
Content-Length: 88
Content-Type: application/json; charset=utf-8
cache-control: no-cache

[DEBUG] Adding key: http://localhost:16377 for channel [id: 0x9b7e950f, L:/127.0.0.1:59689 - R:localhost/127.0.0.1:16377]
[DEBUG] Using pooled Channel '[id: 0x9b7e950f, L:/127.0.0.1:59689 - R:localhost/127.0.0.1:16377]' for 'POST' to 'http://localhost:16377/session/3d9ce75e9c77293a1ee002ab136f535b/element/5b601202-830f-4411-a3c2-63b0386fa86b/value'
[DEBUG] Using open Channel [id: 0x9b7e950f, L:/127.0.0.1:59689 - R:localhost/127.0.0.1:16377] for POST '/session/3d9ce75e9c77293a1ee002ab136f535b/element/5b601202-830f-4411-a3c2-63b0386fa86b/value'
[DEBUG] 

Request DefaultHttpRequest(decodeResult: success, version: HTTP/1.1)
POST /session/3d9ce75e9c77293a1ee002ab136f535b/element/5b601202-830f-4411-a3c2-63b0386fa86b/value HTTP/1.1
User-Agent: selenium/4.8.1 (java windows)
Content-Length: 231
Content-Type: application/json; charset=utf-8
host: localhost:16377
accept: */*

Response DefaultHttpResponse(decodeResult: success, version: HTTP/1.1)
HTTP/1.1 200 OK
Content-Length: 14
Content-Type: application/json; charset=utf-8
cache-control: no-cache

[DEBUG] Adding key: http://localhost:16377 for channel [id: 0x9b7e950f, L:/127.0.0.1:59689 - R:localhost/127.0.0.1:16377]
[DEBUG] Using pooled Channel '[id: 0x9b7e950f, L:/127.0.0.1:59689 - R:localhost/127.0.0.1:16377]' for 'POST' to 'http://localhost:16377/session/3d9ce75e9c77293a1ee002ab136f535b/element'
[DEBUG] Using open Channel [id: 0x9b7e950f, L:/127.0.0.1:59689 - R:localhost/127.0.0.1:16377] for POST '/session/3d9ce75e9c77293a1ee002ab136f535b/element'
[DEBUG] 

Request DefaultHttpRequest(decodeResult: success, version: HTTP/1.1)
POST /session/3d9ce75e9c77293a1ee002ab136f535b/element HTTP/1.1
User-Agent: selenium/4.8.1 (java windows)
Content-Length: 70
Content-Type: application/json; charset=utf-8
host: localhost:16377
accept: */*

Response DefaultHttpResponse(decodeResult: success, version: HTTP/1.1)
HTTP/1.1 200 OK
Content-Length: 88
Content-Type: application/json; charset=utf-8
cache-control: no-cache

[DEBUG] Adding key: http://localhost:16377 for channel [id: 0x9b7e950f, L:/127.0.0.1:59689 - R:localhost/127.0.0.1:16377]
[DEBUG] Using pooled Channel '[id: 0x9b7e950f, L:/127.0.0.1:59689 - R:localhost/127.0.0.1:16377]' for 'POST' to 'http://localhost:16377/session/3d9ce75e9c77293a1ee002ab136f535b/element/1647e424-cdf1-4d28-acab-6e485f41ecb3/value'
[DEBUG] Using open Channel [id: 0x9b7e950f, L:/127.0.0.1:59689 - R:localhost/127.0.0.1:16377] for POST '/session/3d9ce75e9c77293a1ee002ab136f535b/element/1647e424-cdf1-4d28-acab-6e485f41ecb3/value'
[DEBUG] 

Request DefaultHttpRequest(decodeResult: success, version: HTTP/1.1)
POST /session/3d9ce75e9c77293a1ee002ab136f535b/element/1647e424-cdf1-4d28-acab-6e485f41ecb3/value HTTP/1.1
User-Agent: selenium/4.8.1 (java windows)
Content-Length: 131
Content-Type: application/json; charset=utf-8
host: localhost:16377
accept: */*

Response DefaultHttpResponse(decodeResult: success, version: HTTP/1.1)
HTTP/1.1 200 OK
Content-Length: 14
Content-Type: application/json; charset=utf-8
cache-control: no-cache

[DEBUG] Adding key: http://localhost:16377 for channel [id: 0x9b7e950f, L:/127.0.0.1:59689 - R:localhost/127.0.0.1:16377]
[DEBUG] Using pooled Channel '[id: 0x9b7e950f, L:/127.0.0.1:59689 - R:localhost/127.0.0.1:16377]' for 'POST' to 'http://localhost:16377/session/3d9ce75e9c77293a1ee002ab136f535b/element'
[DEBUG] Using open Channel [id: 0x9b7e950f, L:/127.0.0.1:59689 - R:localhost/127.0.0.1:16377] for POST '/session/3d9ce75e9c77293a1ee002ab136f535b/element'
[DEBUG] 

Request DefaultHttpRequest(decodeResult: success, version: HTTP/1.1)
POST /session/3d9ce75e9c77293a1ee002ab136f535b/element HTTP/1.1
User-Agent: selenium/4.8.1 (java windows)
Content-Length: 71
Content-Type: application/json; charset=utf-8
host: localhost:16377
accept: */*

Response DefaultHttpResponse(decodeResult: success, version: HTTP/1.1)
HTTP/1.1 200 OK
Content-Length: 88
Content-Type: application/json; charset=utf-8
cache-control: no-cache

[DEBUG] Adding key: http://localhost:16377 for channel [id: 0x9b7e950f, L:/127.0.0.1:59689 - R:localhost/127.0.0.1:16377]
[DEBUG] Using pooled Channel '[id: 0x9b7e950f, L:/127.0.0.1:59689 - R:localhost/127.0.0.1:16377]' for 'POST' to 'http://localhost:16377/session/3d9ce75e9c77293a1ee002ab136f535b/element/968af365-f4e4-408e-a4a1-ab48dceefd10/value'
[DEBUG] Using open Channel [id: 0x9b7e950f, L:/127.0.0.1:59689 - R:localhost/127.0.0.1:16377] for POST '/session/3d9ce75e9c77293a1ee002ab136f535b/element/968af365-f4e4-408e-a4a1-ab48dceefd10/value'
[DEBUG] 

Request DefaultHttpRequest(decodeResult: success, version: HTTP/1.1)
POST /session/3d9ce75e9c77293a1ee002ab136f535b/element/968af365-f4e4-408e-a4a1-ab48dceefd10/value HTTP/1.1
User-Agent: selenium/4.8.1 (java windows)
Content-Length: 131
Content-Type: application/json; charset=utf-8
host: localhost:16377
accept: */*

Response DefaultHttpResponse(decodeResult: success, version: HTTP/1.1)
HTTP/1.1 200 OK
Content-Length: 14
Content-Type: application/json; charset=utf-8
cache-control: no-cache

[DEBUG] Adding key: http://localhost:16377 for channel [id: 0x9b7e950f, L:/127.0.0.1:59689 - R:localhost/127.0.0.1:16377]
[DEBUG] Using pooled Channel '[id: 0x9b7e950f, L:/127.0.0.1:59689 - R:localhost/127.0.0.1:16377]' for 'POST' to 'http://localhost:16377/session/3d9ce75e9c77293a1ee002ab136f535b/element'
[DEBUG] Using open Channel [id: 0x9b7e950f, L:/127.0.0.1:59689 - R:localhost/127.0.0.1:16377] for POST '/session/3d9ce75e9c77293a1ee002ab136f535b/element'
[DEBUG] 

Request DefaultHttpRequest(decodeResult: success, version: HTTP/1.1)
POST /session/3d9ce75e9c77293a1ee002ab136f535b/element HTTP/1.1
User-Agent: selenium/4.8.1 (java windows)
Content-Length: 70
Content-Type: application/json; charset=utf-8
host: localhost:16377
accept: */*

Response DefaultHttpResponse(decodeResult: success, version: HTTP/1.1)
HTTP/1.1 200 OK
Content-Length: 88
Content-Type: application/json; charset=utf-8
cache-control: no-cache

[DEBUG] Adding key: http://localhost:16377 for channel [id: 0x9b7e950f, L:/127.0.0.1:59689 - R:localhost/127.0.0.1:16377]
[DEBUG] Using pooled Channel '[id: 0x9b7e950f, L:/127.0.0.1:59689 - R:localhost/127.0.0.1:16377]' for 'POST' to 'http://localhost:16377/session/3d9ce75e9c77293a1ee002ab136f535b/element/eeebf435-7fbb-4565-90d6-f0a714f00d63/value'
[DEBUG] Using open Channel [id: 0x9b7e950f, L:/127.0.0.1:59689 - R:localhost/127.0.0.1:16377] for POST '/session/3d9ce75e9c77293a1ee002ab136f535b/element/eeebf435-7fbb-4565-90d6-f0a714f00d63/value'
[DEBUG] 

Request DefaultHttpRequest(decodeResult: success, version: HTTP/1.1)
POST /session/3d9ce75e9c77293a1ee002ab136f535b/element/eeebf435-7fbb-4565-90d6-f0a714f00d63/value HTTP/1.1
User-Agent: selenium/4.8.1 (java windows)
Content-Length: 111
Content-Type: application/json; charset=utf-8
host: localhost:16377
accept: */*

Response DefaultHttpResponse(decodeResult: success, version: HTTP/1.1)
HTTP/1.1 200 OK
Content-Length: 14
Content-Type: application/json; charset=utf-8
cache-control: no-cache

[DEBUG] Adding key: http://localhost:16377 for channel [id: 0x9b7e950f, L:/127.0.0.1:59689 - R:localhost/127.0.0.1:16377]
[DEBUG] Using pooled Channel '[id: 0x9b7e950f, L:/127.0.0.1:59689 - R:localhost/127.0.0.1:16377]' for 'POST' to 'http://localhost:16377/session/3d9ce75e9c77293a1ee002ab136f535b/element'
[DEBUG] Using open Channel [id: 0x9b7e950f, L:/127.0.0.1:59689 - R:localhost/127.0.0.1:16377] for POST '/session/3d9ce75e9c77293a1ee002ab136f535b/element'
[DEBUG] 

Request DefaultHttpRequest(decodeResult: success, version: HTTP/1.1)
POST /session/3d9ce75e9c77293a1ee002ab136f535b/element HTTP/1.1
User-Agent: selenium/4.8.1 (java windows)
Content-Length: 58
Content-Type: application/json; charset=utf-8
host: localhost:16377
accept: */*

Response DefaultHttpResponse(decodeResult: success, version: HTTP/1.1)
HTTP/1.1 200 OK
Content-Length: 88
Content-Type: application/json; charset=utf-8
cache-control: no-cache

[DEBUG] Adding key: http://localhost:16377 for channel [id: 0x9b7e950f, L:/127.0.0.1:59689 - R:localhost/127.0.0.1:16377]
[DEBUG] Using pooled Channel '[id: 0x9b7e950f, L:/127.0.0.1:59689 - R:localhost/127.0.0.1:16377]' for 'POST' to 'http://localhost:16377/session/3d9ce75e9c77293a1ee002ab136f535b/element/03d88130-1fa3-4722-bc1e-e8ee9c038171/click'
[DEBUG] Using open Channel [id: 0x9b7e950f, L:/127.0.0.1:59689 - R:localhost/127.0.0.1:16377] for POST '/session/3d9ce75e9c77293a1ee002ab136f535b/element/03d88130-1fa3-4722-bc1e-e8ee9c038171/click'
[DEBUG] 

Request DefaultHttpRequest(decodeResult: success, version: HTTP/1.1)
POST /session/3d9ce75e9c77293a1ee002ab136f535b/element/03d88130-1fa3-4722-bc1e-e8ee9c038171/click HTTP/1.1
User-Agent: selenium/4.8.1 (java windows)
Content-Length: 50
Content-Type: application/json; charset=utf-8
host: localhost:16377
accept: */*

Response DefaultHttpResponse(decodeResult: success, version: HTTP/1.1)
HTTP/1.1 200 OK
Content-Length: 14
Content-Type: application/json; charset=utf-8
cache-control: no-cache

[DEBUG] Adding key: http://localhost:16377 for channel [id: 0x9b7e950f, L:/127.0.0.1:59689 - R:localhost/127.0.0.1:16377]
[DEBUG] Using pooled Channel '[id: 0x9b7e950f, L:/127.0.0.1:59689 - R:localhost/127.0.0.1:16377]' for 'POST' to 'http://localhost:16377/session/3d9ce75e9c77293a1ee002ab136f535b/element'
[DEBUG] Using open Channel [id: 0x9b7e950f, L:/127.0.0.1:59689 - R:localhost/127.0.0.1:16377] for POST '/session/3d9ce75e9c77293a1ee002ab136f535b/element'
[DEBUG] 

Request DefaultHttpRequest(decodeResult: success, version: HTTP/1.1)
POST /session/3d9ce75e9c77293a1ee002ab136f535b/element HTTP/1.1
User-Agent: selenium/4.8.1 (java windows)
Content-Length: 73
Content-Type: application/json; charset=utf-8
host: localhost:16377
accept: */*

Response DefaultHttpResponse(decodeResult: success, version: HTTP/1.1)
HTTP/1.1 200 OK
Content-Length: 88
Content-Type: application/json; charset=utf-8
cache-control: no-cache

[DEBUG] Adding key: http://localhost:16377 for channel [id: 0x9b7e950f, L:/127.0.0.1:59689 - R:localhost/127.0.0.1:16377]
[DEBUG] Using pooled Channel '[id: 0x9b7e950f, L:/127.0.0.1:59689 - R:localhost/127.0.0.1:16377]' for 'POST' to 'http://localhost:16377/session/3d9ce75e9c77293a1ee002ab136f535b/element/c1e43f81-8c70-4c58-81e3-39e129ae41aa/value'
[DEBUG] Using open Channel [id: 0x9b7e950f, L:/127.0.0.1:59689 - R:localhost/127.0.0.1:16377] for POST '/session/3d9ce75e9c77293a1ee002ab136f535b/element/c1e43f81-8c70-4c58-81e3-39e129ae41aa/value'
[DEBUG] 

Request DefaultHttpRequest(decodeResult: success, version: HTTP/1.1)
POST /session/3d9ce75e9c77293a1ee002ab136f535b/element/c1e43f81-8c70-4c58-81e3-39e129ae41aa/value HTTP/1.1
User-Agent: selenium/4.8.1 (java windows)
Content-Length: 191
Content-Type: application/json; charset=utf-8
host: localhost:16377
accept: */*

Response DefaultHttpResponse(decodeResult: success, version: HTTP/1.1)
HTTP/1.1 200 OK
Content-Length: 14
Content-Type: application/json; charset=utf-8
cache-control: no-cache

[DEBUG] Adding key: http://localhost:16377 for channel [id: 0x9b7e950f, L:/127.0.0.1:59689 - R:localhost/127.0.0.1:16377]
[DEBUG] Using pooled Channel '[id: 0x9b7e950f, L:/127.0.0.1:59689 - R:localhost/127.0.0.1:16377]' for 'POST' to 'http://localhost:16377/session/3d9ce75e9c77293a1ee002ab136f535b/element'
[DEBUG] Using open Channel [id: 0x9b7e950f, L:/127.0.0.1:59689 - R:localhost/127.0.0.1:16377] for POST '/session/3d9ce75e9c77293a1ee002ab136f535b/element'
[DEBUG] 

Request DefaultHttpRequest(decodeResult: success, version: HTTP/1.1)
POST /session/3d9ce75e9c77293a1ee002ab136f535b/element HTTP/1.1
User-Agent: selenium/4.8.1 (java windows)
Content-Length: 69
Content-Type: application/json; charset=utf-8
host: localhost:16377
accept: */*

Response DefaultHttpResponse(decodeResult: success, version: HTTP/1.1)
HTTP/1.1 200 OK
Content-Length: 88
Content-Type: application/json; charset=utf-8
cache-control: no-cache

[DEBUG] Adding key: http://localhost:16377 for channel [id: 0x9b7e950f, L:/127.0.0.1:59689 - R:localhost/127.0.0.1:16377]
[DEBUG] Using pooled Channel '[id: 0x9b7e950f, L:/127.0.0.1:59689 - R:localhost/127.0.0.1:16377]' for 'POST' to 'http://localhost:16377/session/3d9ce75e9c77293a1ee002ab136f535b/element/4efa9131-c7f9-469f-be37-627f709de436/value'
[DEBUG] Using open Channel [id: 0x9b7e950f, L:/127.0.0.1:59689 - R:localhost/127.0.0.1:16377] for POST '/session/3d9ce75e9c77293a1ee002ab136f535b/element/4efa9131-c7f9-469f-be37-627f709de436/value'
[DEBUG] 

Request DefaultHttpRequest(decodeResult: success, version: HTTP/1.1)
POST /session/3d9ce75e9c77293a1ee002ab136f535b/element/4efa9131-c7f9-469f-be37-627f709de436/value HTTP/1.1
User-Agent: selenium/4.8.1 (java windows)
Content-Length: 141
Content-Type: application/json; charset=utf-8
host: localhost:16377
accept: */*

Response DefaultHttpResponse(decodeResult: success, version: HTTP/1.1)
HTTP/1.1 200 OK
Content-Length: 14
Content-Type: application/json; charset=utf-8
cache-control: no-cache

[DEBUG] Adding key: http://localhost:16377 for channel [id: 0x9b7e950f, L:/127.0.0.1:59689 - R:localhost/127.0.0.1:16377]
[DEBUG] Using pooled Channel '[id: 0x9b7e950f, L:/127.0.0.1:59689 - R:localhost/127.0.0.1:16377]' for 'POST' to 'http://localhost:16377/session/3d9ce75e9c77293a1ee002ab136f535b/element'
[DEBUG] Using open Channel [id: 0x9b7e950f, L:/127.0.0.1:59689 - R:localhost/127.0.0.1:16377] for POST '/session/3d9ce75e9c77293a1ee002ab136f535b/element'
[DEBUG] 

Request DefaultHttpRequest(decodeResult: success, version: HTTP/1.1)
POST /session/3d9ce75e9c77293a1ee002ab136f535b/element HTTP/1.1
User-Agent: selenium/4.8.1 (java windows)
Content-Length: 77
Content-Type: application/json; charset=utf-8
host: localhost:16377
accept: */*

Response DefaultHttpResponse(decodeResult: success, version: HTTP/1.1)
HTTP/1.1 200 OK
Content-Length: 88
Content-Type: application/json; charset=utf-8
cache-control: no-cache

[DEBUG] Adding key: http://localhost:16377 for channel [id: 0x9b7e950f, L:/127.0.0.1:59689 - R:localhost/127.0.0.1:16377]
[DEBUG] Using pooled Channel '[id: 0x9b7e950f, L:/127.0.0.1:59689 - R:localhost/127.0.0.1:16377]' for 'POST' to 'http://localhost:16377/session/3d9ce75e9c77293a1ee002ab136f535b/element/e8cb90d4-fc7e-45ab-a6b0-6c0a7b860f03/value'
[DEBUG] Using open Channel [id: 0x9b7e950f, L:/127.0.0.1:59689 - R:localhost/127.0.0.1:16377] for POST '/session/3d9ce75e9c77293a1ee002ab136f535b/element/e8cb90d4-fc7e-45ab-a6b0-6c0a7b860f03/value'
[DEBUG] 

Request DefaultHttpRequest(decodeResult: success, version: HTTP/1.1)
POST /session/3d9ce75e9c77293a1ee002ab136f535b/element/e8cb90d4-fc7e-45ab-a6b0-6c0a7b860f03/value HTTP/1.1
User-Agent: selenium/4.8.1 (java windows)
Content-Length: 211
Content-Type: application/json; charset=utf-8
host: localhost:16377
accept: */*

Response DefaultHttpResponse(decodeResult: success, version: HTTP/1.1)
HTTP/1.1 200 OK
Content-Length: 14
Content-Type: application/json; charset=utf-8
cache-control: no-cache

[DEBUG] Adding key: http://localhost:16377 for channel [id: 0x9b7e950f, L:/127.0.0.1:59689 - R:localhost/127.0.0.1:16377]
[DEBUG] Using pooled Channel '[id: 0x9b7e950f, L:/127.0.0.1:59689 - R:localhost/127.0.0.1:16377]' for 'POST' to 'http://localhost:16377/session/3d9ce75e9c77293a1ee002ab136f535b/element'
[DEBUG] Using open Channel [id: 0x9b7e950f, L:/127.0.0.1:59689 - R:localhost/127.0.0.1:16377] for POST '/session/3d9ce75e9c77293a1ee002ab136f535b/element'
[DEBUG] 

Request DefaultHttpRequest(decodeResult: success, version: HTTP/1.1)
POST /session/3d9ce75e9c77293a1ee002ab136f535b/element HTTP/1.1
User-Agent: selenium/4.8.1 (java windows)
Content-Length: 66
Content-Type: application/json; charset=utf-8
host: localhost:16377
accept: */*

Response DefaultHttpResponse(decodeResult: success, version: HTTP/1.1)
HTTP/1.1 200 OK
Content-Length: 88
Content-Type: application/json; charset=utf-8
cache-control: no-cache

[DEBUG] Adding key: http://localhost:16377 for channel [id: 0x9b7e950f, L:/127.0.0.1:59689 - R:localhost/127.0.0.1:16377]
[DEBUG] Using pooled Channel '[id: 0x9b7e950f, L:/127.0.0.1:59689 - R:localhost/127.0.0.1:16377]' for 'GET' to 'http://localhost:16377/session/3d9ce75e9c77293a1ee002ab136f535b/element/c95324d0-defe-4f02-b610-523b68772c72/name'
[DEBUG] Using open Channel [id: 0x9b7e950f, L:/127.0.0.1:59689 - R:localhost/127.0.0.1:16377] for GET '/session/3d9ce75e9c77293a1ee002ab136f535b/element/c95324d0-defe-4f02-b610-523b68772c72/name'
[DEBUG] 

Request DefaultFullHttpRequest(decodeResult: success, version: HTTP/1.1, content: EmptyByteBufBE)
GET /session/3d9ce75e9c77293a1ee002ab136f535b/element/c95324d0-defe-4f02-b610-523b68772c72/name HTTP/1.1
User-Agent: selenium/4.8.1 (java windows)
Cache-Control: no-cache
Content-Type: application/json; charset=utf-8
host: localhost:16377
accept: */*

Response DefaultHttpResponse(decodeResult: success, version: HTTP/1.1)
HTTP/1.1 200 OK
Content-Length: 18
Content-Type: application/json; charset=utf-8
cache-control: no-cache

[DEBUG] Adding key: http://localhost:16377 for channel [id: 0x9b7e950f, L:/127.0.0.1:59689 - R:localhost/127.0.0.1:16377]
[DEBUG] Using pooled Channel '[id: 0x9b7e950f, L:/127.0.0.1:59689 - R:localhost/127.0.0.1:16377]' for 'POST' to 'http://localhost:16377/session/3d9ce75e9c77293a1ee002ab136f535b/element'
[DEBUG] Using open Channel [id: 0x9b7e950f, L:/127.0.0.1:59689 - R:localhost/127.0.0.1:16377] for POST '/session/3d9ce75e9c77293a1ee002ab136f535b/element'
[DEBUG] 

Request DefaultHttpRequest(decodeResult: success, version: HTTP/1.1)
POST /session/3d9ce75e9c77293a1ee002ab136f535b/element HTTP/1.1
User-Agent: selenium/4.8.1 (java windows)
Content-Length: 66
Content-Type: application/json; charset=utf-8
host: localhost:16377
accept: */*

Response DefaultHttpResponse(decodeResult: success, version: HTTP/1.1)
HTTP/1.1 200 OK
Content-Length: 88
Content-Type: application/json; charset=utf-8
cache-control: no-cache

[DEBUG] Adding key: http://localhost:16377 for channel [id: 0x9b7e950f, L:/127.0.0.1:59689 - R:localhost/127.0.0.1:16377]
[DEBUG] Using pooled Channel '[id: 0x9b7e950f, L:/127.0.0.1:59689 - R:localhost/127.0.0.1:16377]' for 'GET' to 'http://localhost:16377/session/3d9ce75e9c77293a1ee002ab136f535b/element/c95324d0-defe-4f02-b610-523b68772c72/attribute/multiple'
[DEBUG] Using open Channel [id: 0x9b7e950f, L:/127.0.0.1:59689 - R:localhost/127.0.0.1:16377] for GET '/session/3d9ce75e9c77293a1ee002ab136f535b/element/c95324d0-defe-4f02-b610-523b68772c72/attribute/multiple'
[DEBUG] 

Request DefaultFullHttpRequest(decodeResult: success, version: HTTP/1.1, content: EmptyByteBufBE)
GET /session/3d9ce75e9c77293a1ee002ab136f535b/element/c95324d0-defe-4f02-b610-523b68772c72/attribute/multiple HTTP/1.1
User-Agent: selenium/4.8.1 (java windows)
Cache-Control: no-cache
Content-Type: application/json; charset=utf-8
host: localhost:16377
accept: */*

Response DefaultHttpResponse(decodeResult: success, version: HTTP/1.1)
HTTP/1.1 200 OK
Content-Length: 14
Content-Type: application/json; charset=utf-8
cache-control: no-cache

[DEBUG] Adding key: http://localhost:16377 for channel [id: 0x9b7e950f, L:/127.0.0.1:59689 - R:localhost/127.0.0.1:16377]
[DEBUG] Using pooled Channel '[id: 0x9b7e950f, L:/127.0.0.1:59689 - R:localhost/127.0.0.1:16377]' for 'POST' to 'http://localhost:16377/session/3d9ce75e9c77293a1ee002ab136f535b/element'
[DEBUG] Using open Channel [id: 0x9b7e950f, L:/127.0.0.1:59689 - R:localhost/127.0.0.1:16377] for POST '/session/3d9ce75e9c77293a1ee002ab136f535b/element'
[DEBUG] 

Request DefaultHttpRequest(decodeResult: success, version: HTTP/1.1)
POST /session/3d9ce75e9c77293a1ee002ab136f535b/element HTTP/1.1
User-Agent: selenium/4.8.1 (java windows)
Content-Length: 66
Content-Type: application/json; charset=utf-8
host: localhost:16377
accept: */*

Response DefaultHttpResponse(decodeResult: success, version: HTTP/1.1)
HTTP/1.1 200 OK
Content-Length: 88
Content-Type: application/json; charset=utf-8
cache-control: no-cache

[DEBUG] Adding key: http://localhost:16377 for channel [id: 0x9b7e950f, L:/127.0.0.1:59689 - R:localhost/127.0.0.1:16377]
[DEBUG] Using pooled Channel '[id: 0x9b7e950f, L:/127.0.0.1:59689 - R:localhost/127.0.0.1:16377]' for 'GET' to 'http://localhost:16377/session/3d9ce75e9c77293a1ee002ab136f535b/element/c95324d0-defe-4f02-b610-523b68772c72/enabled'
[DEBUG] Using open Channel [id: 0x9b7e950f, L:/127.0.0.1:59689 - R:localhost/127.0.0.1:16377] for GET '/session/3d9ce75e9c77293a1ee002ab136f535b/element/c95324d0-defe-4f02-b610-523b68772c72/enabled'
[DEBUG] 

Request DefaultFullHttpRequest(decodeResult: success, version: HTTP/1.1, content: EmptyByteBufBE)
GET /session/3d9ce75e9c77293a1ee002ab136f535b/element/c95324d0-defe-4f02-b610-523b68772c72/enabled HTTP/1.1
User-Agent: selenium/4.8.1 (java windows)
Cache-Control: no-cache
Content-Type: application/json; charset=utf-8
host: localhost:16377
accept: */*

Response DefaultHttpResponse(decodeResult: success, version: HTTP/1.1)
HTTP/1.1 200 OK
Content-Length: 14
Content-Type: application/json; charset=utf-8
cache-control: no-cache

[DEBUG] Adding key: http://localhost:16377 for channel [id: 0x9b7e950f, L:/127.0.0.1:59689 - R:localhost/127.0.0.1:16377]
[DEBUG] Using pooled Channel '[id: 0x9b7e950f, L:/127.0.0.1:59689 - R:localhost/127.0.0.1:16377]' for 'POST' to 'http://localhost:16377/session/3d9ce75e9c77293a1ee002ab136f535b/element'
[DEBUG] Using open Channel [id: 0x9b7e950f, L:/127.0.0.1:59689 - R:localhost/127.0.0.1:16377] for POST '/session/3d9ce75e9c77293a1ee002ab136f535b/element'
[DEBUG] 

Request DefaultHttpRequest(decodeResult: success, version: HTTP/1.1)
POST /session/3d9ce75e9c77293a1ee002ab136f535b/element HTTP/1.1
User-Agent: selenium/4.8.1 (java windows)
Content-Length: 66
Content-Type: application/json; charset=utf-8
host: localhost:16377
accept: */*

Response DefaultHttpResponse(decodeResult: success, version: HTTP/1.1)
HTTP/1.1 200 OK
Content-Length: 88
Content-Type: application/json; charset=utf-8
cache-control: no-cache

[DEBUG] Adding key: http://localhost:16377 for channel [id: 0x9b7e950f, L:/127.0.0.1:59689 - R:localhost/127.0.0.1:16377]
[DEBUG] Using pooled Channel '[id: 0x9b7e950f, L:/127.0.0.1:59689 - R:localhost/127.0.0.1:16377]' for 'POST' to 'http://localhost:16377/session/3d9ce75e9c77293a1ee002ab136f535b/element/c95324d0-defe-4f02-b610-523b68772c72/elements'
[DEBUG] Using open Channel [id: 0x9b7e950f, L:/127.0.0.1:59689 - R:localhost/127.0.0.1:16377] for POST '/session/3d9ce75e9c77293a1ee002ab136f535b/element/c95324d0-defe-4f02-b610-523b68772c72/elements'
[DEBUG] Entry count for : http://localhost:59690 : 1
[DEBUG] 

Request DefaultHttpRequest(decodeResult: success, version: HTTP/1.1)
POST /session/3d9ce75e9c77293a1ee002ab136f535b/element/c95324d0-defe-4f02-b610-523b68772c72/elements HTTP/1.1
User-Agent: selenium/4.8.1 (java windows)
Content-Length: 140
Content-Type: application/json; charset=utf-8
host: localhost:16377
accept: */*

Response DefaultHttpResponse(decodeResult: success, version: HTTP/1.1)
HTTP/1.1 200 OK
Content-Length: 12
Content-Type: application/json; charset=utf-8
cache-control: no-cache

[DEBUG] Adding key: http://localhost:16377 for channel [id: 0x9b7e950f, L:/127.0.0.1:59689 - R:localhost/127.0.0.1:16377]
[DEBUG] Using pooled Channel '[id: 0x9b7e950f, L:/127.0.0.1:59689 - R:localhost/127.0.0.1:16377]' for 'POST' to 'http://localhost:16377/session/3d9ce75e9c77293a1ee002ab136f535b/element'
[DEBUG] Using open Channel [id: 0x9b7e950f, L:/127.0.0.1:59689 - R:localhost/127.0.0.1:16377] for POST '/session/3d9ce75e9c77293a1ee002ab136f535b/element'
[DEBUG] 

Request DefaultHttpRequest(decodeResult: success, version: HTTP/1.1)
POST /session/3d9ce75e9c77293a1ee002ab136f535b/element HTTP/1.1
User-Agent: selenium/4.8.1 (java windows)
Content-Length: 66
Content-Type: application/json; charset=utf-8
host: localhost:16377
accept: */*

Response DefaultHttpResponse(decodeResult: success, version: HTTP/1.1)
HTTP/1.1 200 OK
Content-Length: 88
Content-Type: application/json; charset=utf-8
cache-control: no-cache

[DEBUG] Adding key: http://localhost:16377 for channel [id: 0x9b7e950f, L:/127.0.0.1:59689 - R:localhost/127.0.0.1:16377]
[DEBUG] Using pooled Channel '[id: 0x9b7e950f, L:/127.0.0.1:59689 - R:localhost/127.0.0.1:16377]' for 'POST' to 'http://localhost:16377/session/3d9ce75e9c77293a1ee002ab136f535b/element/c95324d0-defe-4f02-b610-523b68772c72/elements'
[DEBUG] Using open Channel [id: 0x9b7e950f, L:/127.0.0.1:59689 - R:localhost/127.0.0.1:16377] for POST '/session/3d9ce75e9c77293a1ee002ab136f535b/element/c95324d0-defe-4f02-b610-523b68772c72/elements'
[DEBUG] 

Request DefaultHttpRequest(decodeResult: success, version: HTTP/1.1)
POST /session/3d9ce75e9c77293a1ee002ab136f535b/element/c95324d0-defe-4f02-b610-523b68772c72/elements HTTP/1.1
User-Agent: selenium/4.8.1 (java windows)
Content-Length: 129
Content-Type: application/json; charset=utf-8
host: localhost:16377
accept: */*

Response DefaultHttpResponse(decodeResult: success, version: HTTP/1.1)
HTTP/1.1 200 OK
Content-Length: 169
Content-Type: application/json; charset=utf-8
cache-control: no-cache

[DEBUG] Adding key: http://localhost:16377 for channel [id: 0x9b7e950f, L:/127.0.0.1:59689 - R:localhost/127.0.0.1:16377]
[DEBUG] Using pooled Channel '[id: 0x9b7e950f, L:/127.0.0.1:59689 - R:localhost/127.0.0.1:16377]' for 'GET' to 'http://localhost:16377/session/3d9ce75e9c77293a1ee002ab136f535b/element/6c2e58c7-2e50-46a2-bdc5-42265dd2558c/text'
[DEBUG] Using open Channel [id: 0x9b7e950f, L:/127.0.0.1:59689 - R:localhost/127.0.0.1:16377] for GET '/session/3d9ce75e9c77293a1ee002ab136f535b/element/6c2e58c7-2e50-46a2-bdc5-42265dd2558c/text'
[DEBUG] 

Request DefaultFullHttpRequest(decodeResult: success, version: HTTP/1.1, content: EmptyByteBufBE)
GET /session/3d9ce75e9c77293a1ee002ab136f535b/element/6c2e58c7-2e50-46a2-bdc5-42265dd2558c/text HTTP/1.1
User-Agent: selenium/4.8.1 (java windows)
Cache-Control: no-cache
Content-Type: application/json; charset=utf-8
host: localhost:16377
accept: */*

Response DefaultHttpResponse(decodeResult: success, version: HTTP/1.1)
HTTP/1.1 200 OK
Content-Length: 20
Content-Type: application/json; charset=utf-8
cache-control: no-cache

[DEBUG] Adding key: http://localhost:16377 for channel [id: 0x9b7e950f, L:/127.0.0.1:59689 - R:localhost/127.0.0.1:16377]
[DEBUG] Using pooled Channel '[id: 0x9b7e950f, L:/127.0.0.1:59689 - R:localhost/127.0.0.1:16377]' for 'GET' to 'http://localhost:16377/session/3d9ce75e9c77293a1ee002ab136f535b/element/6c2e58c7-2e50-46a2-bdc5-42265dd2558c/enabled'
[DEBUG] Using open Channel [id: 0x9b7e950f, L:/127.0.0.1:59689 - R:localhost/127.0.0.1:16377] for GET '/session/3d9ce75e9c77293a1ee002ab136f535b/element/6c2e58c7-2e50-46a2-bdc5-42265dd2558c/enabled'
[DEBUG] 

Request DefaultFullHttpRequest(decodeResult: success, version: HTTP/1.1, content: EmptyByteBufBE)
GET /session/3d9ce75e9c77293a1ee002ab136f535b/element/6c2e58c7-2e50-46a2-bdc5-42265dd2558c/enabled HTTP/1.1
User-Agent: selenium/4.8.1 (java windows)
Cache-Control: no-cache
Content-Type: application/json; charset=utf-8
host: localhost:16377
accept: */*

Response DefaultHttpResponse(decodeResult: success, version: HTTP/1.1)
HTTP/1.1 200 OK
Content-Length: 14
Content-Type: application/json; charset=utf-8
cache-control: no-cache

[DEBUG] Adding key: http://localhost:16377 for channel [id: 0x9b7e950f, L:/127.0.0.1:59689 - R:localhost/127.0.0.1:16377]
[DEBUG] Using pooled Channel '[id: 0x9b7e950f, L:/127.0.0.1:59689 - R:localhost/127.0.0.1:16377]' for 'GET' to 'http://localhost:16377/session/3d9ce75e9c77293a1ee002ab136f535b/element/6c2e58c7-2e50-46a2-bdc5-42265dd2558c/selected'
[DEBUG] Using open Channel [id: 0x9b7e950f, L:/127.0.0.1:59689 - R:localhost/127.0.0.1:16377] for GET '/session/3d9ce75e9c77293a1ee002ab136f535b/element/6c2e58c7-2e50-46a2-bdc5-42265dd2558c/selected'
[DEBUG] 

Request DefaultFullHttpRequest(decodeResult: success, version: HTTP/1.1, content: EmptyByteBufBE)
GET /session/3d9ce75e9c77293a1ee002ab136f535b/element/6c2e58c7-2e50-46a2-bdc5-42265dd2558c/selected HTTP/1.1
User-Agent: selenium/4.8.1 (java windows)
Cache-Control: no-cache
Content-Type: application/json; charset=utf-8
host: localhost:16377
accept: */*

Response DefaultHttpResponse(decodeResult: success, version: HTTP/1.1)
HTTP/1.1 200 OK
Content-Length: 15
Content-Type: application/json; charset=utf-8
cache-control: no-cache

[DEBUG] Adding key: http://localhost:16377 for channel [id: 0x9b7e950f, L:/127.0.0.1:59689 - R:localhost/127.0.0.1:16377]
[DEBUG] Using pooled Channel '[id: 0x9b7e950f, L:/127.0.0.1:59689 - R:localhost/127.0.0.1:16377]' for 'POST' to 'http://localhost:16377/session/3d9ce75e9c77293a1ee002ab136f535b/element/6c2e58c7-2e50-46a2-bdc5-42265dd2558c/click'
[DEBUG] Using open Channel [id: 0x9b7e950f, L:/127.0.0.1:59689 - R:localhost/127.0.0.1:16377] for POST '/session/3d9ce75e9c77293a1ee002ab136f535b/element/6c2e58c7-2e50-46a2-bdc5-42265dd2558c/click'
[DEBUG] 

Request DefaultHttpRequest(decodeResult: success, version: HTTP/1.1)
POST /session/3d9ce75e9c77293a1ee002ab136f535b/element/6c2e58c7-2e50-46a2-bdc5-42265dd2558c/click HTTP/1.1
User-Agent: selenium/4.8.1 (java windows)
Content-Length: 50
Content-Type: application/json; charset=utf-8
host: localhost:16377
accept: */*

Response DefaultHttpResponse(decodeResult: success, version: HTTP/1.1)
HTTP/1.1 200 OK
Content-Length: 14
Content-Type: application/json; charset=utf-8
cache-control: no-cache

[DEBUG] Adding key: http://localhost:16377 for channel [id: 0x9b7e950f, L:/127.0.0.1:59689 - R:localhost/127.0.0.1:16377]
[DEBUG] Entry count for : http://localhost:59690 : 1
[DEBUG] Entry count for : http://localhost:16377 : 1
[DEBUG] Entry count for : http://localhost:59690 : 1
[DEBUG] Entry count for : http://localhost:16377 : 1
[DEBUG] Entry count for : http://localhost:59690 : 1
[DEBUG] Entry count for : http://localhost:16377 : 1
[DEBUG] Entry count for : http://localhost:59690 : 1
[DEBUG] Entry count for : http://localhost:16377 : 1
[DEBUG] Entry count for : http://localhost:59690 : 1
[DEBUG] Entry count for : http://localhost:16377 : 1
  When User enter customer info                                                           # StepDefination.StepDef.user_enter_customer_info()
[DEBUG] Using pooled Channel '[id: 0x9b7e950f, L:/127.0.0.1:59689 - R:localhost/127.0.0.1:16377]' for 'POST' to 'http://localhost:16377/session/3d9ce75e9c77293a1ee002ab136f535b/element'
[DEBUG] Using open Channel [id: 0x9b7e950f, L:/127.0.0.1:59689 - R:localhost/127.0.0.1:16377] for POST '/session/3d9ce75e9c77293a1ee002ab136f535b/element'
[DEBUG] 

Request DefaultHttpRequest(decodeResult: success, version: HTTP/1.1)
POST /session/3d9ce75e9c77293a1ee002ab136f535b/element HTTP/1.1
User-Agent: selenium/4.8.1 (java windows)
Content-Length: 69
Content-Type: application/json; charset=utf-8
host: localhost:16377
accept: */*

Response DefaultHttpResponse(decodeResult: success, version: HTTP/1.1)
HTTP/1.1 200 OK
Content-Length: 88
Content-Type: application/json; charset=utf-8
cache-control: no-cache

[DEBUG] Adding key: http://localhost:16377 for channel [id: 0x9b7e950f, L:/127.0.0.1:59689 - R:localhost/127.0.0.1:16377]
[DEBUG] Using pooled Channel '[id: 0x9b7e950f, L:/127.0.0.1:59689 - R:localhost/127.0.0.1:16377]' for 'POST' to 'http://localhost:16377/session/3d9ce75e9c77293a1ee002ab136f535b/element/098e2ed6-d3a0-453f-a6a2-6db77be60bdd/click'
[DEBUG] Using open Channel [id: 0x9b7e950f, L:/127.0.0.1:59689 - R:localhost/127.0.0.1:16377] for POST '/session/3d9ce75e9c77293a1ee002ab136f535b/element/098e2ed6-d3a0-453f-a6a2-6db77be60bdd/click'
[DEBUG] Entry count for : http://localhost:59690 : 1
[DEBUG] 

Request DefaultHttpRequest(decodeResult: success, version: HTTP/1.1)
POST /session/3d9ce75e9c77293a1ee002ab136f535b/element/098e2ed6-d3a0-453f-a6a2-6db77be60bdd/click HTTP/1.1
User-Agent: selenium/4.8.1 (java windows)
Content-Length: 50
Content-Type: application/json; charset=utf-8
host: localhost:16377
accept: */*

Response DefaultHttpResponse(decodeResult: success, version: HTTP/1.1)
HTTP/1.1 200 OK
Content-Length: 14
Content-Type: application/json; charset=utf-8
cache-control: no-cache

[DEBUG] Adding key: http://localhost:16377 for channel [id: 0x9b7e950f, L:/127.0.0.1:59689 - R:localhost/127.0.0.1:16377]
  And click on Save button                                                                # StepDefination.StepDef.click_on_save_button()
[DEBUG] Using pooled Channel '[id: 0x9b7e950f, L:/127.0.0.1:59689 - R:localhost/127.0.0.1:16377]' for 'POST' to 'http://localhost:16377/session/3d9ce75e9c77293a1ee002ab136f535b/element'
[DEBUG] Using open Channel [id: 0x9b7e950f, L:/127.0.0.1:59689 - R:localhost/127.0.0.1:16377] for POST '/session/3d9ce75e9c77293a1ee002ab136f535b/element'
[DEBUG] 

Request DefaultHttpRequest(decodeResult: success, version: HTTP/1.1)
POST /session/3d9ce75e9c77293a1ee002ab136f535b/element HTTP/1.1
User-Agent: selenium/4.8.1 (java windows)
Content-Length: 44
Content-Type: application/json; charset=utf-8
host: localhost:16377
accept: */*

Response DefaultHttpResponse(decodeResult: success, version: HTTP/1.1)
HTTP/1.1 200 OK
Content-Length: 88
Content-Type: application/json; charset=utf-8
cache-control: no-cache

[DEBUG] Adding key: http://localhost:16377 for channel [id: 0x9b7e950f, L:/127.0.0.1:59689 - R:localhost/127.0.0.1:16377]
[DEBUG] Using pooled Channel '[id: 0x9b7e950f, L:/127.0.0.1:59689 - R:localhost/127.0.0.1:16377]' for 'GET' to 'http://localhost:16377/session/3d9ce75e9c77293a1ee002ab136f535b/element/cf657cb1-5515-42f9-93f4-47b1d56dc013/text'
[DEBUG] Using open Channel [id: 0x9b7e950f, L:/127.0.0.1:59689 - R:localhost/127.0.0.1:16377] for GET '/session/3d9ce75e9c77293a1ee002ab136f535b/element/cf657cb1-5515-42f9-93f4-47b1d56dc013/text'
[DEBUG] 

Request DefaultFullHttpRequest(decodeResult: success, version: HTTP/1.1, content: EmptyByteBufBE)
GET /session/3d9ce75e9c77293a1ee002ab136f535b/element/cf657cb1-5515-42f9-93f4-47b1d56dc013/text HTTP/1.1
User-Agent: selenium/4.8.1 (java windows)
Cache-Control: no-cache
Content-Type: application/json; charset=utf-8
host: localhost:16377
accept: */*

Response DefaultHttpResponse(decodeResult: success, version: HTTP/1.1)
HTTP/1.1 200 OK
Content-Length: 883
Content-Type: application/json; charset=utf-8
cache-control: no-cache

[DEBUG] Adding key: http://localhost:16377 for channel [id: 0x9b7e950f, L:/127.0.0.1:59689 - R:localhost/127.0.0.1:16377]
  Then User can view confirmation message "The new customer has been added successfully." # StepDefination.StepDef.user_can_view_confirmation_message(java.lang.String)
  And close browser                                                                       # StepDefination.StepDef.close_browser()
[DEBUG] Using pooled Channel '[id: 0x9b7e950f, L:/127.0.0.1:59689 - R:localhost/127.0.0.1:16377]' for 'DELETE' to 'http://localhost:16377/session/3d9ce75e9c77293a1ee002ab136f535b/window'
[DEBUG] Using open Channel [id: 0x9b7e950f, L:/127.0.0.1:59689 - R:localhost/127.0.0.1:16377] for DELETE '/session/3d9ce75e9c77293a1ee002ab136f535b/window'
[DEBUG] Channel Closed: [id: 0x169e6ff9, L:/127.0.0.1:59697 ! R:localhost/127.0.0.1:59690] with attribute NettyResponseFuture{currentRetry=0,
	isDone=1,
	isCancelled=0,
	asyncHandler=org.asynchttpclient.ws.WebSocketUpgradeHandler@3cdc1120,
	nettyRequest=org.asynchttpclient.netty.request.NettyRequest@17343fd7,
	future=java.util.concurrent.CompletableFuture@31ae264[Completed normally],
	uri=ws://localhost:59690/devtools/browser/5d611a50-f2e4-48a8-a8c2-5a3e31bcbb29,
	keepAlive=true,
	redirectCount=0,
	timeoutsHolder=null,
	inAuth=0,
	touch=1682718021260}
[DEBUG] Channel Closed: [id: 0x5039b805, L:/127.0.0.1:59696 ! R:localhost/127.0.0.1:59690] with attribute DISCARD
[DEBUG] Closing Channel [id: 0x169e6ff9, L:/127.0.0.1:59697 ! R:localhost/127.0.0.1:59690] 
[DEBUG] 

Request DefaultFullHttpRequest(decodeResult: success, version: HTTP/1.1, content: EmptyByteBufBE)
DELETE /session/3d9ce75e9c77293a1ee002ab136f535b/window HTTP/1.1
User-Agent: selenium/4.8.1 (java windows)
Content-Type: application/json; charset=utf-8
host: localhost:16377
accept: */*

Response DefaultHttpResponse(decodeResult: success, version: HTTP/1.1)
HTTP/1.1 200 OK
Content-Length: 12
Content-Type: application/json; charset=utf-8
cache-control: no-cache

[DEBUG] Adding key: http://localhost:16377 for channel [id: 0x9b7e950f, L:/127.0.0.1:59689 - R:localhost/127.0.0.1:16377]
]]></system-out>
    <system-err><![CDATA[Starting ChromeDriver 112.0.5615.49 (bd2a7bcb881c11e8cfe3078709382934e3916914-refs/branch-heads/5615@{#936}) on port 16377
Only local connections are allowed.
Please see https://chromedriver.chromium.org/security-considerations for suggestions on keeping ChromeDriver safe.
ChromeDriver was started successfully.
Apr. 28, 2023 5:40:21 P.M. org.openqa.selenium.devtools.CdpVersionFinder findNearestMatch
WARNING: Unable to find an exact match for CDP version 112, so returning the closest version found: 110
]]></system-err>
  </testcase>
  <testcase name="Search Customer by Email" classname="Customer" time="13.44">
    <system-out><![CDATA[
@sanity
Scenario: Search Customer by Email                                       # Features/AddCustomer.feature:24
[DEBUG] Resolution chrome=112 in cache (valid until 18:14:52 28/04/2023 EDT)
[DEBUG] Resolution chrome112=112.0.5615.49 in cache (valid until 18:41:48 28/04/2023 EDT)
[INFO] Using chromedriver 112.0.5615.49 (resolved driver for Chrome 112)
[DEBUG] Driver chromedriver 112.0.5615.49 found in cache
[INFO] Exporting webdriver.chrome.driver as C:\Users\kumar\.cache\selenium\chromedriver\win32\112.0.5615.49\chromedriver.exe
[DEBUG] Using new Channel '[id: 0x7fd43def, L:/127.0.0.1:59720 - R:localhost/127.0.0.1:47300]' for 'POST' to '/session'
[DEBUG] Entry count for : http://localhost:59690 : 1
[DEBUG] Entry count for : http://localhost:16377 : 1
[DEBUG] Adding Candidate expired Channel [id: 0x5039b805, L:/127.0.0.1:59696 ! R:localhost/127.0.0.1:59690] isIdleTimeoutExpired=false isRemotelyClosed=true isTtlExpired=false
[DEBUG] Closing Idle Channel [id: 0x5039b805, L:/127.0.0.1:59696 ! R:localhost/127.0.0.1:59690]
[DEBUG] Closed 1 connections out of 2 in 1 ms
[DEBUG] 

Request DefaultHttpRequest(decodeResult: success, version: HTTP/1.1)
POST /session HTTP/1.1
User-Agent: selenium/4.8.1 (java windows)
Content-Length: 439
Content-Type: application/json; charset=utf-8
host: localhost:47300
accept: */*

Response DefaultHttpResponse(decodeResult: success, version: HTTP/1.1)
HTTP/1.1 200 OK
Content-Length: 859
Content-Type: application/json; charset=utf-8
cache-control: no-cache

[DEBUG] Adding key: http://localhost:47300 for channel [id: 0x7fd43def, L:/127.0.0.1:59720 - R:localhost/127.0.0.1:47300]
[DEBUG] Using new Channel '[id: 0x00793a02, L:/127.0.0.1:59726 - R:localhost/127.0.0.1:59721]' for 'GET' to '/json/version'
[DEBUG] 

Request DefaultFullHttpRequest(decodeResult: success, version: HTTP/1.1, content: EmptyByteBufBE)
GET /json/version HTTP/1.1
User-Agent: selenium/4.8.1 (java windows)
host: localhost:59721
accept: */*

Response DefaultHttpResponse(decodeResult: success, version: HTTP/1.1)
HTTP/1.1 200 OK
Content-Security-Policy: frame-ancestors 'none'
Content-Length: 424
Content-Type: application/json; charset=UTF-8

[DEBUG] Adding key: http://localhost:59721 for channel [id: 0x00793a02, L:/127.0.0.1:59726 - R:localhost/127.0.0.1:59721]
[DEBUG] Using new Channel '[id: 0x375d4a7b, L:/127.0.0.1:59727 - R:localhost/127.0.0.1:59721]' for 'GET' to '/devtools/browser/4b20f7a5-71ca-4225-a818-f06cb61a64b5'
[DEBUG] 

Request DefaultFullHttpRequest(decodeResult: success, version: HTTP/1.1, content: EmptyByteBufBE)
GET /devtools/browser/4b20f7a5-71ca-4225-a818-f06cb61a64b5 HTTP/1.1
upgrade: websocket
connection: upgrade
sec-websocket-key: 8sIcfCvsW0c63LGmGPsEEQ==
sec-websocket-version: 13
origin: http://localhost:59721
host: localhost:59721
accept: */*
user-agent: AHC/2.1

Response DefaultHttpResponse(decodeResult: success, version: HTTP/1.1)
HTTP/1.1 101 WebSocket Protocol Handshake
Upgrade: WebSocket
Connection: Upgrade
Sec-WebSocket-Accept: sjSR1CWfrzdW40VeMnVLO88V+yg=

  Given User Launch Chrome browser                                       # StepDefination.StepDef.user_launch_chrome_browser()
[DEBUG] Using pooled Channel '[id: 0x7fd43def, L:/127.0.0.1:59720 - R:localhost/127.0.0.1:47300]' for 'POST' to 'http://localhost:47300/session/0d323641ce90424be3f7dc933f771b1f/url'
[DEBUG] Using open Channel [id: 0x7fd43def, L:/127.0.0.1:59720 - R:localhost/127.0.0.1:47300] for POST '/session/0d323641ce90424be3f7dc933f771b1f/url'
[DEBUG] Entry count for : http://localhost:59721 : 1
[DEBUG] Entry count for : http://localhost:16377 : 1
[DEBUG] 

Request DefaultHttpRequest(decodeResult: success, version: HTTP/1.1)
POST /session/0d323641ce90424be3f7dc933f771b1f/url HTTP/1.1
User-Agent: selenium/4.8.1 (java windows)
Content-Length: 69
Content-Type: application/json; charset=utf-8
host: localhost:47300
accept: */*

Response DefaultHttpResponse(decodeResult: success, version: HTTP/1.1)
HTTP/1.1 200 OK
Content-Length: 14
Content-Type: application/json; charset=utf-8
cache-control: no-cache

[DEBUG] Adding key: http://localhost:47300 for channel [id: 0x7fd43def, L:/127.0.0.1:59720 - R:localhost/127.0.0.1:47300]
  When User opens URL "http://admin-demo.nopcommerce.com/login"          # StepDefination.StepDef.user_opens_url(java.lang.String)
[DEBUG] Using pooled Channel '[id: 0x7fd43def, L:/127.0.0.1:59720 - R:localhost/127.0.0.1:47300]' for 'POST' to 'http://localhost:47300/session/0d323641ce90424be3f7dc933f771b1f/element'
[DEBUG] Using open Channel [id: 0x7fd43def, L:/127.0.0.1:59720 - R:localhost/127.0.0.1:47300] for POST '/session/0d323641ce90424be3f7dc933f771b1f/element'
[DEBUG] 

Request DefaultHttpRequest(decodeResult: success, version: HTTP/1.1)
POST /session/0d323641ce90424be3f7dc933f771b1f/element HTTP/1.1
User-Agent: selenium/4.8.1 (java windows)
Content-Length: 50
Content-Type: application/json; charset=utf-8
host: localhost:47300
accept: */*

Response DefaultHttpResponse(decodeResult: success, version: HTTP/1.1)
HTTP/1.1 200 OK
Content-Length: 88
Content-Type: application/json; charset=utf-8
cache-control: no-cache

[DEBUG] Adding key: http://localhost:47300 for channel [id: 0x7fd43def, L:/127.0.0.1:59720 - R:localhost/127.0.0.1:47300]
[DEBUG] Using pooled Channel '[id: 0x7fd43def, L:/127.0.0.1:59720 - R:localhost/127.0.0.1:47300]' for 'POST' to 'http://localhost:47300/session/0d323641ce90424be3f7dc933f771b1f/element/bc3b4156-e156-4864-9c77-57b286f46808/clear'
[DEBUG] Using open Channel [id: 0x7fd43def, L:/127.0.0.1:59720 - R:localhost/127.0.0.1:47300] for POST '/session/0d323641ce90424be3f7dc933f771b1f/element/bc3b4156-e156-4864-9c77-57b286f46808/clear'
[DEBUG] 

Request DefaultHttpRequest(decodeResult: success, version: HTTP/1.1)
POST /session/0d323641ce90424be3f7dc933f771b1f/element/bc3b4156-e156-4864-9c77-57b286f46808/clear HTTP/1.1
User-Agent: selenium/4.8.1 (java windows)
Content-Length: 50
Content-Type: application/json; charset=utf-8
host: localhost:47300
accept: */*

Response DefaultHttpResponse(decodeResult: success, version: HTTP/1.1)
HTTP/1.1 200 OK
Content-Length: 14
Content-Type: application/json; charset=utf-8
cache-control: no-cache

[DEBUG] Adding key: http://localhost:47300 for channel [id: 0x7fd43def, L:/127.0.0.1:59720 - R:localhost/127.0.0.1:47300]
[DEBUG] Using pooled Channel '[id: 0x7fd43def, L:/127.0.0.1:59720 - R:localhost/127.0.0.1:47300]' for 'POST' to 'http://localhost:47300/session/0d323641ce90424be3f7dc933f771b1f/element'
[DEBUG] Using open Channel [id: 0x7fd43def, L:/127.0.0.1:59720 - R:localhost/127.0.0.1:47300] for POST '/session/0d323641ce90424be3f7dc933f771b1f/element'
[DEBUG] 

Request DefaultHttpRequest(decodeResult: success, version: HTTP/1.1)
POST /session/0d323641ce90424be3f7dc933f771b1f/element HTTP/1.1
User-Agent: selenium/4.8.1 (java windows)
Content-Length: 50
Content-Type: application/json; charset=utf-8
host: localhost:47300
accept: */*

Response DefaultHttpResponse(decodeResult: success, version: HTTP/1.1)
HTTP/1.1 200 OK
Content-Length: 88
Content-Type: application/json; charset=utf-8
cache-control: no-cache

[DEBUG] Adding key: http://localhost:47300 for channel [id: 0x7fd43def, L:/127.0.0.1:59720 - R:localhost/127.0.0.1:47300]
[DEBUG] Using pooled Channel '[id: 0x7fd43def, L:/127.0.0.1:59720 - R:localhost/127.0.0.1:47300]' for 'POST' to 'http://localhost:47300/session/0d323641ce90424be3f7dc933f771b1f/element/bc3b4156-e156-4864-9c77-57b286f46808/value'
[DEBUG] Using open Channel [id: 0x7fd43def, L:/127.0.0.1:59720 - R:localhost/127.0.0.1:47300] for POST '/session/0d323641ce90424be3f7dc933f771b1f/element/bc3b4156-e156-4864-9c77-57b286f46808/value'
[DEBUG] 

Request DefaultHttpRequest(decodeResult: success, version: HTTP/1.1)
POST /session/0d323641ce90424be3f7dc933f771b1f/element/bc3b4156-e156-4864-9c77-57b286f46808/value HTTP/1.1
User-Agent: selenium/4.8.1 (java windows)
Content-Length: 271
Content-Type: application/json; charset=utf-8
host: localhost:47300
accept: */*

Response DefaultHttpResponse(decodeResult: success, version: HTTP/1.1)
HTTP/1.1 200 OK
Content-Length: 14
Content-Type: application/json; charset=utf-8
cache-control: no-cache

[DEBUG] Adding key: http://localhost:47300 for channel [id: 0x7fd43def, L:/127.0.0.1:59720 - R:localhost/127.0.0.1:47300]
[DEBUG] Using pooled Channel '[id: 0x7fd43def, L:/127.0.0.1:59720 - R:localhost/127.0.0.1:47300]' for 'POST' to 'http://localhost:47300/session/0d323641ce90424be3f7dc933f771b1f/element'
[DEBUG] Using open Channel [id: 0x7fd43def, L:/127.0.0.1:59720 - R:localhost/127.0.0.1:47300] for POST '/session/0d323641ce90424be3f7dc933f771b1f/element'
[DEBUG] 

Request DefaultHttpRequest(decodeResult: success, version: HTTP/1.1)
POST /session/0d323641ce90424be3f7dc933f771b1f/element HTTP/1.1
User-Agent: selenium/4.8.1 (java windows)
Content-Length: 53
Content-Type: application/json; charset=utf-8
host: localhost:47300
accept: */*

Response DefaultHttpResponse(decodeResult: success, version: HTTP/1.1)
HTTP/1.1 200 OK
Content-Length: 88
Content-Type: application/json; charset=utf-8
cache-control: no-cache

[DEBUG] Adding key: http://localhost:47300 for channel [id: 0x7fd43def, L:/127.0.0.1:59720 - R:localhost/127.0.0.1:47300]
[DEBUG] Using pooled Channel '[id: 0x7fd43def, L:/127.0.0.1:59720 - R:localhost/127.0.0.1:47300]' for 'POST' to 'http://localhost:47300/session/0d323641ce90424be3f7dc933f771b1f/element/fc137560-c1f2-439c-8f22-b737e9d53bdf/clear'
[DEBUG] Using open Channel [id: 0x7fd43def, L:/127.0.0.1:59720 - R:localhost/127.0.0.1:47300] for POST '/session/0d323641ce90424be3f7dc933f771b1f/element/fc137560-c1f2-439c-8f22-b737e9d53bdf/clear'
[DEBUG] 

Request DefaultHttpRequest(decodeResult: success, version: HTTP/1.1)
POST /session/0d323641ce90424be3f7dc933f771b1f/element/fc137560-c1f2-439c-8f22-b737e9d53bdf/clear HTTP/1.1
User-Agent: selenium/4.8.1 (java windows)
Content-Length: 50
Content-Type: application/json; charset=utf-8
host: localhost:47300
accept: */*

Response DefaultHttpResponse(decodeResult: success, version: HTTP/1.1)
HTTP/1.1 200 OK
Content-Length: 14
Content-Type: application/json; charset=utf-8
cache-control: no-cache

[DEBUG] Adding key: http://localhost:47300 for channel [id: 0x7fd43def, L:/127.0.0.1:59720 - R:localhost/127.0.0.1:47300]
[DEBUG] Using pooled Channel '[id: 0x7fd43def, L:/127.0.0.1:59720 - R:localhost/127.0.0.1:47300]' for 'POST' to 'http://localhost:47300/session/0d323641ce90424be3f7dc933f771b1f/element'
[DEBUG] Using open Channel [id: 0x7fd43def, L:/127.0.0.1:59720 - R:localhost/127.0.0.1:47300] for POST '/session/0d323641ce90424be3f7dc933f771b1f/element'
[DEBUG] 

Request DefaultHttpRequest(decodeResult: success, version: HTTP/1.1)
POST /session/0d323641ce90424be3f7dc933f771b1f/element HTTP/1.1
User-Agent: selenium/4.8.1 (java windows)
Content-Length: 53
Content-Type: application/json; charset=utf-8
host: localhost:47300
accept: */*

Response DefaultHttpResponse(decodeResult: success, version: HTTP/1.1)
HTTP/1.1 200 OK
Content-Length: 88
Content-Type: application/json; charset=utf-8
cache-control: no-cache

[DEBUG] Adding key: http://localhost:47300 for channel [id: 0x7fd43def, L:/127.0.0.1:59720 - R:localhost/127.0.0.1:47300]
[DEBUG] Using pooled Channel '[id: 0x7fd43def, L:/127.0.0.1:59720 - R:localhost/127.0.0.1:47300]' for 'POST' to 'http://localhost:47300/session/0d323641ce90424be3f7dc933f771b1f/element/fc137560-c1f2-439c-8f22-b737e9d53bdf/value'
[DEBUG] Using open Channel [id: 0x7fd43def, L:/127.0.0.1:59720 - R:localhost/127.0.0.1:47300] for POST '/session/0d323641ce90424be3f7dc933f771b1f/element/fc137560-c1f2-439c-8f22-b737e9d53bdf/value'
[DEBUG] 

Request DefaultHttpRequest(decodeResult: success, version: HTTP/1.1)
POST /session/0d323641ce90424be3f7dc933f771b1f/element/fc137560-c1f2-439c-8f22-b737e9d53bdf/value HTTP/1.1
User-Agent: selenium/4.8.1 (java windows)
Content-Length: 131
Content-Type: application/json; charset=utf-8
host: localhost:47300
accept: */*

Response DefaultHttpResponse(decodeResult: success, version: HTTP/1.1)
HTTP/1.1 200 OK
Content-Length: 14
Content-Type: application/json; charset=utf-8
cache-control: no-cache

[DEBUG] Adding key: http://localhost:47300 for channel [id: 0x7fd43def, L:/127.0.0.1:59720 - R:localhost/127.0.0.1:47300]
  And User enters Email as "admin@yourstore.com" and Password as "admin" # StepDefination.StepDef.user_enters_email_as_and_password_as(java.lang.String,java.lang.String)
[DEBUG] Using pooled Channel '[id: 0x7fd43def, L:/127.0.0.1:59720 - R:localhost/127.0.0.1:47300]' for 'POST' to 'http://localhost:47300/session/0d323641ce90424be3f7dc933f771b1f/element'
[DEBUG] Using open Channel [id: 0x7fd43def, L:/127.0.0.1:59720 - R:localhost/127.0.0.1:47300] for POST '/session/0d323641ce90424be3f7dc933f771b1f/element'
[DEBUG] 

Request DefaultHttpRequest(decodeResult: success, version: HTTP/1.1)
POST /session/0d323641ce90424be3f7dc933f771b1f/element HTTP/1.1
User-Agent: selenium/4.8.1 (java windows)
Content-Length: 71
Content-Type: application/json; charset=utf-8
host: localhost:47300
accept: */*

Response DefaultHttpResponse(decodeResult: success, version: HTTP/1.1)
HTTP/1.1 200 OK
Content-Length: 88
Content-Type: application/json; charset=utf-8
cache-control: no-cache

[DEBUG] Adding key: http://localhost:47300 for channel [id: 0x7fd43def, L:/127.0.0.1:59720 - R:localhost/127.0.0.1:47300]
[DEBUG] Using pooled Channel '[id: 0x7fd43def, L:/127.0.0.1:59720 - R:localhost/127.0.0.1:47300]' for 'POST' to 'http://localhost:47300/session/0d323641ce90424be3f7dc933f771b1f/element/bc3ab803-5978-4dda-9528-8c84a4df84f8/click'
[DEBUG] Using open Channel [id: 0x7fd43def, L:/127.0.0.1:59720 - R:localhost/127.0.0.1:47300] for POST '/session/0d323641ce90424be3f7dc933f771b1f/element/bc3ab803-5978-4dda-9528-8c84a4df84f8/click'
[DEBUG] Entry count for : http://localhost:59721 : 1
[DEBUG] Entry count for : http://localhost:16377 : 1
[DEBUG] 

Request DefaultHttpRequest(decodeResult: success, version: HTTP/1.1)
POST /session/0d323641ce90424be3f7dc933f771b1f/element/bc3ab803-5978-4dda-9528-8c84a4df84f8/click HTTP/1.1
User-Agent: selenium/4.8.1 (java windows)
Content-Length: 50
Content-Type: application/json; charset=utf-8
host: localhost:47300
accept: */*

Response DefaultHttpResponse(decodeResult: success, version: HTTP/1.1)
HTTP/1.1 200 OK
Content-Length: 14
Content-Type: application/json; charset=utf-8
cache-control: no-cache

[DEBUG] Adding key: http://localhost:47300 for channel [id: 0x7fd43def, L:/127.0.0.1:59720 - R:localhost/127.0.0.1:47300]
  And Click on Login                                                     # StepDefination.StepDef.click_on_login()
[DEBUG] Using pooled Channel '[id: 0x7fd43def, L:/127.0.0.1:59720 - R:localhost/127.0.0.1:47300]' for 'GET' to 'http://localhost:47300/session/0d323641ce90424be3f7dc933f771b1f/title'
[DEBUG] Using open Channel [id: 0x7fd43def, L:/127.0.0.1:59720 - R:localhost/127.0.0.1:47300] for GET '/session/0d323641ce90424be3f7dc933f771b1f/title'
[DEBUG] 

Request DefaultFullHttpRequest(decodeResult: success, version: HTTP/1.1, content: EmptyByteBufBE)
GET /session/0d323641ce90424be3f7dc933f771b1f/title HTTP/1.1
User-Agent: selenium/4.8.1 (java windows)
Cache-Control: no-cache
Content-Type: application/json; charset=utf-8
host: localhost:47300
accept: */*

Response DefaultHttpResponse(decodeResult: success, version: HTTP/1.1)
HTTP/1.1 200 OK
Content-Length: 50
Content-Type: application/json; charset=utf-8
cache-control: no-cache

[DEBUG] Adding key: http://localhost:47300 for channel [id: 0x7fd43def, L:/127.0.0.1:59720 - R:localhost/127.0.0.1:47300]
  Then User can view Dashboad                                            # StepDefination.StepDef.user_can_view_dashboad()
[DEBUG] Entry count for : http://localhost:47300 : 1
[DEBUG] Entry count for : http://localhost:59721 : 1
[DEBUG] Entry count for : http://localhost:16377 : 1
[DEBUG] Entry count for : http://localhost:47300 : 1
[DEBUG] Entry count for : http://localhost:59721 : 1
[DEBUG] Entry count for : http://localhost:16377 : 1
[DEBUG] Entry count for : http://localhost:47300 : 1
[DEBUG] Entry count for : http://localhost:59721 : 1
[DEBUG] Entry count for : http://localhost:16377 : 1
[DEBUG] Using pooled Channel '[id: 0x7fd43def, L:/127.0.0.1:59720 - R:localhost/127.0.0.1:47300]' for 'POST' to 'http://localhost:47300/session/0d323641ce90424be3f7dc933f771b1f/element'
[DEBUG] Using open Channel [id: 0x7fd43def, L:/127.0.0.1:59720 - R:localhost/127.0.0.1:47300] for POST '/session/0d323641ce90424be3f7dc933f771b1f/element'
[DEBUG] 

Request DefaultHttpRequest(decodeResult: success, version: HTTP/1.1)
POST /session/0d323641ce90424be3f7dc933f771b1f/element HTTP/1.1
User-Agent: selenium/4.8.1 (java windows)
Content-Length: 104
Content-Type: application/json; charset=utf-8
host: localhost:47300
accept: */*

Response DefaultHttpResponse(decodeResult: success, version: HTTP/1.1)
HTTP/1.1 200 OK
Content-Length: 88
Content-Type: application/json; charset=utf-8
cache-control: no-cache

[DEBUG] Adding key: http://localhost:47300 for channel [id: 0x7fd43def, L:/127.0.0.1:59720 - R:localhost/127.0.0.1:47300]
[DEBUG] Using pooled Channel '[id: 0x7fd43def, L:/127.0.0.1:59720 - R:localhost/127.0.0.1:47300]' for 'POST' to 'http://localhost:47300/session/0d323641ce90424be3f7dc933f771b1f/element/095167fc-47bd-45ba-a230-dfe89dffa9a6/click'
[DEBUG] Using open Channel [id: 0x7fd43def, L:/127.0.0.1:59720 - R:localhost/127.0.0.1:47300] for POST '/session/0d323641ce90424be3f7dc933f771b1f/element/095167fc-47bd-45ba-a230-dfe89dffa9a6/click'
[DEBUG] 

Request DefaultHttpRequest(decodeResult: success, version: HTTP/1.1)
POST /session/0d323641ce90424be3f7dc933f771b1f/element/095167fc-47bd-45ba-a230-dfe89dffa9a6/click HTTP/1.1
User-Agent: selenium/4.8.1 (java windows)
Content-Length: 50
Content-Type: application/json; charset=utf-8
host: localhost:47300
accept: */*

Response DefaultHttpResponse(decodeResult: success, version: HTTP/1.1)
HTTP/1.1 200 OK
Content-Length: 14
Content-Type: application/json; charset=utf-8
cache-control: no-cache

[DEBUG] Adding key: http://localhost:47300 for channel [id: 0x7fd43def, L:/127.0.0.1:59720 - R:localhost/127.0.0.1:47300]
[DEBUG] Entry count for : http://localhost:47300 : 1
[DEBUG] Entry count for : http://localhost:59721 : 1
[DEBUG] Entry count for : http://localhost:16377 : 1
[DEBUG] Entry count for : http://localhost:47300 : 1
[DEBUG] Entry count for : http://localhost:59721 : 1
[DEBUG] Entry count for : http://localhost:16377 : 1
  When User click on customers Menu                                      # StepDefination.StepDef.user_click_on_customers_menu()
[DEBUG] Using pooled Channel '[id: 0x7fd43def, L:/127.0.0.1:59720 - R:localhost/127.0.0.1:47300]' for 'POST' to 'http://localhost:47300/session/0d323641ce90424be3f7dc933f771b1f/element'
[DEBUG] Using open Channel [id: 0x7fd43def, L:/127.0.0.1:59720 - R:localhost/127.0.0.1:47300] for POST '/session/0d323641ce90424be3f7dc933f771b1f/element'
[DEBUG] 

Request DefaultHttpRequest(decodeResult: success, version: HTTP/1.1)
POST /session/0d323641ce90424be3f7dc933f771b1f/element HTTP/1.1
User-Agent: selenium/4.8.1 (java windows)
Content-Length: 138
Content-Type: application/json; charset=utf-8
host: localhost:47300
accept: */*

Response DefaultHttpResponse(decodeResult: success, version: HTTP/1.1)
HTTP/1.1 200 OK
Content-Length: 88
Content-Type: application/json; charset=utf-8
cache-control: no-cache

[DEBUG] Adding key: http://localhost:47300 for channel [id: 0x7fd43def, L:/127.0.0.1:59720 - R:localhost/127.0.0.1:47300]
[DEBUG] Using pooled Channel '[id: 0x7fd43def, L:/127.0.0.1:59720 - R:localhost/127.0.0.1:47300]' for 'POST' to 'http://localhost:47300/session/0d323641ce90424be3f7dc933f771b1f/element/e7d719e0-048c-41f2-8b66-91eb41a45d7c/click'
[DEBUG] Using open Channel [id: 0x7fd43def, L:/127.0.0.1:59720 - R:localhost/127.0.0.1:47300] for POST '/session/0d323641ce90424be3f7dc933f771b1f/element/e7d719e0-048c-41f2-8b66-91eb41a45d7c/click'
[DEBUG] 

Request DefaultHttpRequest(decodeResult: success, version: HTTP/1.1)
POST /session/0d323641ce90424be3f7dc933f771b1f/element/e7d719e0-048c-41f2-8b66-91eb41a45d7c/click HTTP/1.1
User-Agent: selenium/4.8.1 (java windows)
Content-Length: 50
Content-Type: application/json; charset=utf-8
host: localhost:47300
accept: */*

Response DefaultHttpResponse(decodeResult: success, version: HTTP/1.1)
HTTP/1.1 200 OK
Content-Length: 14
Content-Type: application/json; charset=utf-8
cache-control: no-cache

[DEBUG] Adding key: http://localhost:47300 for channel [id: 0x7fd43def, L:/127.0.0.1:59720 - R:localhost/127.0.0.1:47300]
[DEBUG] Entry count for : http://localhost:47300 : 1
[DEBUG] Entry count for : http://localhost:59721 : 1
[DEBUG] Entry count for : http://localhost:16377 : 1
[DEBUG] Entry count for : http://localhost:47300 : 1
[DEBUG] Entry count for : http://localhost:59721 : 1
[DEBUG] Entry count for : http://localhost:16377 : 1
  And click on customers Menu Item                                       # StepDefination.StepDef.click_on_customers_menu_item()
[DEBUG] Using pooled Channel '[id: 0x7fd43def, L:/127.0.0.1:59720 - R:localhost/127.0.0.1:47300]' for 'POST' to 'http://localhost:47300/session/0d323641ce90424be3f7dc933f771b1f/element'
[DEBUG] Using open Channel [id: 0x7fd43def, L:/127.0.0.1:59720 - R:localhost/127.0.0.1:47300] for POST '/session/0d323641ce90424be3f7dc933f771b1f/element'
[DEBUG] 

Request DefaultHttpRequest(decodeResult: success, version: HTTP/1.1)
POST /session/0d323641ce90424be3f7dc933f771b1f/element HTTP/1.1
User-Agent: selenium/4.8.1 (java windows)
Content-Length: 73
Content-Type: application/json; charset=utf-8
host: localhost:47300
accept: */*

Response DefaultHttpResponse(decodeResult: success, version: HTTP/1.1)
HTTP/1.1 200 OK
Content-Length: 88
Content-Type: application/json; charset=utf-8
cache-control: no-cache

[DEBUG] Adding key: http://localhost:47300 for channel [id: 0x7fd43def, L:/127.0.0.1:59720 - R:localhost/127.0.0.1:47300]
[DEBUG] Using pooled Channel '[id: 0x7fd43def, L:/127.0.0.1:59720 - R:localhost/127.0.0.1:47300]' for 'POST' to 'http://localhost:47300/session/0d323641ce90424be3f7dc933f771b1f/element/993bdfc3-5b4b-4b4a-84d2-1d565446c0e6/value'
[DEBUG] Using open Channel [id: 0x7fd43def, L:/127.0.0.1:59720 - R:localhost/127.0.0.1:47300] for POST '/session/0d323641ce90424be3f7dc933f771b1f/element/993bdfc3-5b4b-4b4a-84d2-1d565446c0e6/value'
[DEBUG] 

Request DefaultHttpRequest(decodeResult: success, version: HTTP/1.1)
POST /session/0d323641ce90424be3f7dc933f771b1f/element/993bdfc3-5b4b-4b4a-84d2-1d565446c0e6/value HTTP/1.1
User-Agent: selenium/4.8.1 (java windows)
Content-Length: 411
Content-Type: application/json; charset=utf-8
host: localhost:47300
accept: */*

Response DefaultHttpResponse(decodeResult: success, version: HTTP/1.1)
HTTP/1.1 200 OK
Content-Length: 14
Content-Type: application/json; charset=utf-8
cache-control: no-cache

[DEBUG] Adding key: http://localhost:47300 for channel [id: 0x7fd43def, L:/127.0.0.1:59720 - R:localhost/127.0.0.1:47300]
  And Enter customer EMail                                               # StepDefination.StepDef.enter_customer_e_mail()
[DEBUG] Using pooled Channel '[id: 0x7fd43def, L:/127.0.0.1:59720 - R:localhost/127.0.0.1:47300]' for 'POST' to 'http://localhost:47300/session/0d323641ce90424be3f7dc933f771b1f/element'
[DEBUG] Using open Channel [id: 0x7fd43def, L:/127.0.0.1:59720 - R:localhost/127.0.0.1:47300] for POST '/session/0d323641ce90424be3f7dc933f771b1f/element'
[DEBUG] 

Request DefaultHttpRequest(decodeResult: success, version: HTTP/1.1)
POST /session/0d323641ce90424be3f7dc933f771b1f/element HTTP/1.1
User-Agent: selenium/4.8.1 (java windows)
Content-Length: 79
Content-Type: application/json; charset=utf-8
host: localhost:47300
accept: */*

Response DefaultHttpResponse(decodeResult: success, version: HTTP/1.1)
HTTP/1.1 200 OK
Content-Length: 88
Content-Type: application/json; charset=utf-8
cache-control: no-cache

[DEBUG] Adding key: http://localhost:47300 for channel [id: 0x7fd43def, L:/127.0.0.1:59720 - R:localhost/127.0.0.1:47300]
[DEBUG] Using pooled Channel '[id: 0x7fd43def, L:/127.0.0.1:59720 - R:localhost/127.0.0.1:47300]' for 'POST' to 'http://localhost:47300/session/0d323641ce90424be3f7dc933f771b1f/element/f21238db-3fec-42a9-9eff-41d2ea10493b/click'
[DEBUG] Using open Channel [id: 0x7fd43def, L:/127.0.0.1:59720 - R:localhost/127.0.0.1:47300] for POST '/session/0d323641ce90424be3f7dc933f771b1f/element/f21238db-3fec-42a9-9eff-41d2ea10493b/click'
[DEBUG] 

Request DefaultHttpRequest(decodeResult: success, version: HTTP/1.1)
POST /session/0d323641ce90424be3f7dc933f771b1f/element/f21238db-3fec-42a9-9eff-41d2ea10493b/click HTTP/1.1
User-Agent: selenium/4.8.1 (java windows)
Content-Length: 50
Content-Type: application/json; charset=utf-8
host: localhost:47300
accept: */*

Response DefaultHttpResponse(decodeResult: success, version: HTTP/1.1)
HTTP/1.1 200 OK
Content-Length: 14
Content-Type: application/json; charset=utf-8
cache-control: no-cache

[DEBUG] Adding key: http://localhost:47300 for channel [id: 0x7fd43def, L:/127.0.0.1:59720 - R:localhost/127.0.0.1:47300]
[DEBUG] Entry count for : http://localhost:47300 : 1
[DEBUG] Entry count for : http://localhost:59721 : 1
[DEBUG] Entry count for : http://localhost:16377 : 1
[DEBUG] Entry count for : http://localhost:47300 : 1
[DEBUG] Entry count for : http://localhost:59721 : 1
[DEBUG] Entry count for : http://localhost:16377 : 1
  When Click on search button                                            # StepDefination.StepDef.click_on_search_button()
[DEBUG] Using pooled Channel '[id: 0x7fd43def, L:/127.0.0.1:59720 - R:localhost/127.0.0.1:47300]' for 'POST' to 'http://localhost:47300/session/0d323641ce90424be3f7dc933f771b1f/elements'
[DEBUG] Using open Channel [id: 0x7fd43def, L:/127.0.0.1:59720 - R:localhost/127.0.0.1:47300] for POST '/session/0d323641ce90424be3f7dc933f771b1f/elements'
[DEBUG] 

Request DefaultHttpRequest(decodeResult: success, version: HTTP/1.1)
POST /session/0d323641ce90424be3f7dc933f771b1f/elements HTTP/1.1
User-Agent: selenium/4.8.1 (java windows)
Content-Length: 101
Content-Type: application/json; charset=utf-8
host: localhost:47300
accept: */*

Response DefaultHttpResponse(decodeResult: success, version: HTTP/1.1)
HTTP/1.1 200 OK
Content-Length: 90
Content-Type: application/json; charset=utf-8
cache-control: no-cache

[DEBUG] Adding key: http://localhost:47300 for channel [id: 0x7fd43def, L:/127.0.0.1:59720 - R:localhost/127.0.0.1:47300]
[DEBUG] Using pooled Channel '[id: 0x7fd43def, L:/127.0.0.1:59720 - R:localhost/127.0.0.1:47300]' for 'POST' to 'http://localhost:47300/session/0d323641ce90424be3f7dc933f771b1f/element'
[DEBUG] Using open Channel [id: 0x7fd43def, L:/127.0.0.1:59720 - R:localhost/127.0.0.1:47300] for POST '/session/0d323641ce90424be3f7dc933f771b1f/element'
[DEBUG] 

Request DefaultHttpRequest(decodeResult: success, version: HTTP/1.1)
POST /session/0d323641ce90424be3f7dc933f771b1f/element HTTP/1.1
User-Agent: selenium/4.8.1 (java windows)
Content-Length: 126
Content-Type: application/json; charset=utf-8
host: localhost:47300
accept: */*

Response DefaultHttpResponse(decodeResult: success, version: HTTP/1.1)
HTTP/1.1 200 OK
Content-Length: 88
Content-Type: application/json; charset=utf-8
cache-control: no-cache

[DEBUG] Adding key: http://localhost:47300 for channel [id: 0x7fd43def, L:/127.0.0.1:59720 - R:localhost/127.0.0.1:47300]
[DEBUG] Using pooled Channel '[id: 0x7fd43def, L:/127.0.0.1:59720 - R:localhost/127.0.0.1:47300]' for 'GET' to 'http://localhost:47300/session/0d323641ce90424be3f7dc933f771b1f/element/d94dc82f-f9de-4878-b1c3-95ef26187b36/text'
[DEBUG] Using open Channel [id: 0x7fd43def, L:/127.0.0.1:59720 - R:localhost/127.0.0.1:47300] for GET '/session/0d323641ce90424be3f7dc933f771b1f/element/d94dc82f-f9de-4878-b1c3-95ef26187b36/text'
[DEBUG] 

Request DefaultFullHttpRequest(decodeResult: success, version: HTTP/1.1, content: EmptyByteBufBE)
GET /session/0d323641ce90424be3f7dc933f771b1f/element/d94dc82f-f9de-4878-b1c3-95ef26187b36/text HTTP/1.1
User-Agent: selenium/4.8.1 (java windows)
Cache-Control: no-cache
Content-Type: application/json; charset=utf-8
host: localhost:47300
accept: */*

Response DefaultHttpResponse(decodeResult: success, version: HTTP/1.1)
HTTP/1.1 200 OK
Content-Length: 45
Content-Type: application/json; charset=utf-8
cache-control: no-cache

[DEBUG] Adding key: http://localhost:47300 for channel [id: 0x7fd43def, L:/127.0.0.1:59720 - R:localhost/127.0.0.1:47300]
victoria_victoria@nopCommerce.com
  Then User should found Email in the Search table                       # StepDefination.StepDef.user_should_found_email_in_the_search_table()
  And close browser                                                      # StepDefination.StepDef.close_browser()
[DEBUG] Using pooled Channel '[id: 0x7fd43def, L:/127.0.0.1:59720 - R:localhost/127.0.0.1:47300]' for 'DELETE' to 'http://localhost:47300/session/0d323641ce90424be3f7dc933f771b1f/window'
[DEBUG] Using open Channel [id: 0x7fd43def, L:/127.0.0.1:59720 - R:localhost/127.0.0.1:47300] for DELETE '/session/0d323641ce90424be3f7dc933f771b1f/window'
[DEBUG] Channel Closed: [id: 0x00793a02, L:/127.0.0.1:59726 ! R:localhost/127.0.0.1:59721] with attribute DISCARD
[DEBUG] Channel Closed: [id: 0x375d4a7b, L:/127.0.0.1:59727 ! R:localhost/127.0.0.1:59721] with attribute NettyResponseFuture{currentRetry=0,
	isDone=1,
	isCancelled=0,
	asyncHandler=org.asynchttpclient.ws.WebSocketUpgradeHandler@1617e013,
	nettyRequest=org.asynchttpclient.netty.request.NettyRequest@53157cb5,
	future=java.util.concurrent.CompletableFuture@33c14127[Completed normally],
	uri=ws://localhost:59721/devtools/browser/4b20f7a5-71ca-4225-a818-f06cb61a64b5,
	keepAlive=true,
	redirectCount=0,
	timeoutsHolder=null,
	inAuth=0,
	touch=1682718043500}
[DEBUG] Closing Channel [id: 0x375d4a7b, L:/127.0.0.1:59727 ! R:localhost/127.0.0.1:59721] 
[DEBUG] 

Request DefaultFullHttpRequest(decodeResult: success, version: HTTP/1.1, content: EmptyByteBufBE)
DELETE /session/0d323641ce90424be3f7dc933f771b1f/window HTTP/1.1
User-Agent: selenium/4.8.1 (java windows)
Content-Type: application/json; charset=utf-8
host: localhost:47300
accept: */*

Response DefaultHttpResponse(decodeResult: success, version: HTTP/1.1)
HTTP/1.1 200 OK
Content-Length: 12
Content-Type: application/json; charset=utf-8
cache-control: no-cache

[DEBUG] Adding key: http://localhost:47300 for channel [id: 0x7fd43def, L:/127.0.0.1:59720 - R:localhost/127.0.0.1:47300]
]]></system-out>
    <system-err><![CDATA[Starting ChromeDriver 112.0.5615.49 (bd2a7bcb881c11e8cfe3078709382934e3916914-refs/branch-heads/5615@{#936}) on port 47300
Only local connections are allowed.
Please see https://chromedriver.chromium.org/security-considerations for suggestions on keeping ChromeDriver safe.
ChromeDriver was started successfully.
Apr. 28, 2023 5:40:43 P.M. org.openqa.selenium.devtools.CdpVersionFinder findNearestMatch
WARNING: Unable to find an exact match for CDP version 112, so returning the closest version found: 110
]]></system-err>
  </testcase>
  <testcase name="Search Customer by Name" classname="Customer" time="13.245">
    <system-out><![CDATA[
@sanity
Scenario: Search Customer by Name                                        # Features/AddCustomer.feature:34
[DEBUG] Resolution chrome=112 in cache (valid until 18:14:52 28/04/2023 EDT)
[DEBUG] Resolution chrome112=112.0.5615.49 in cache (valid until 18:41:48 28/04/2023 EDT)
[INFO] Using chromedriver 112.0.5615.49 (resolved driver for Chrome 112)
[DEBUG] Driver chromedriver 112.0.5615.49 found in cache
[INFO] Exporting webdriver.chrome.driver as C:\Users\kumar\.cache\selenium\chromedriver\win32\112.0.5615.49\chromedriver.exe
[DEBUG] Using new Channel '[id: 0x590e235b, L:/127.0.0.1:59739 - R:localhost/127.0.0.1:48981]' for 'POST' to '/session'
[DEBUG] Entry count for : http://localhost:47300 : 1
[DEBUG] Entry count for : http://localhost:59721 : 1
[DEBUG] Entry count for : http://localhost:16377 : 1
[DEBUG] Adding Candidate expired Channel [id: 0x00793a02, L:/127.0.0.1:59726 ! R:localhost/127.0.0.1:59721] isIdleTimeoutExpired=false isRemotelyClosed=true isTtlExpired=false
[DEBUG] Closing Idle Channel [id: 0x00793a02, L:/127.0.0.1:59726 ! R:localhost/127.0.0.1:59721]
[DEBUG] Closed 1 connections out of 3 in 0 ms
[DEBUG] 

Request DefaultHttpRequest(decodeResult: success, version: HTTP/1.1)
POST /session HTTP/1.1
User-Agent: selenium/4.8.1 (java windows)
Content-Length: 439
Content-Type: application/json; charset=utf-8
host: localhost:48981
accept: */*

Response DefaultHttpResponse(decodeResult: success, version: HTTP/1.1)
HTTP/1.1 200 OK
Content-Length: 859
Content-Type: application/json; charset=utf-8
cache-control: no-cache

[DEBUG] Adding key: http://localhost:48981 for channel [id: 0x590e235b, L:/127.0.0.1:59739 - R:localhost/127.0.0.1:48981]
[DEBUG] Using new Channel '[id: 0x6fd4b6f1, L:/127.0.0.1:59746 - R:localhost/127.0.0.1:59740]' for 'GET' to '/json/version'
[DEBUG] 

Request DefaultFullHttpRequest(decodeResult: success, version: HTTP/1.1, content: EmptyByteBufBE)
GET /json/version HTTP/1.1
User-Agent: selenium/4.8.1 (java windows)
host: localhost:59740
accept: */*

Response DefaultHttpResponse(decodeResult: success, version: HTTP/1.1)
HTTP/1.1 200 OK
Content-Security-Policy: frame-ancestors 'none'
Content-Length: 424
Content-Type: application/json; charset=UTF-8

[DEBUG] Adding key: http://localhost:59740 for channel [id: 0x6fd4b6f1, L:/127.0.0.1:59746 - R:localhost/127.0.0.1:59740]
[DEBUG] Using new Channel '[id: 0xcd59bd42, L:/127.0.0.1:59747 - R:localhost/127.0.0.1:59740]' for 'GET' to '/devtools/browser/60a8cfa5-b215-4e1d-b5a9-225f4f20a8d7'
[DEBUG] 

Request DefaultFullHttpRequest(decodeResult: success, version: HTTP/1.1, content: EmptyByteBufBE)
GET /devtools/browser/60a8cfa5-b215-4e1d-b5a9-225f4f20a8d7 HTTP/1.1
upgrade: websocket
connection: upgrade
sec-websocket-key: R+rFzJOpwEH96wwZI5vnhw==
sec-websocket-version: 13
origin: http://localhost:59740
host: localhost:59740
accept: */*
user-agent: AHC/2.1

Response DefaultHttpResponse(decodeResult: success, version: HTTP/1.1)
HTTP/1.1 101 WebSocket Protocol Handshake
Upgrade: WebSocket
Connection: Upgrade
Sec-WebSocket-Accept: WVUYGFAMYHIVKYYOWQNka9dXLmA=

  Given User Launch Chrome browser                                       # StepDefination.StepDef.user_launch_chrome_browser()
[DEBUG] Using pooled Channel '[id: 0x590e235b, L:/127.0.0.1:59739 - R:localhost/127.0.0.1:48981]' for 'POST' to 'http://localhost:48981/session/913d87ddc720a3547ce0abf3ab3e530c/url'
[DEBUG] Using open Channel [id: 0x590e235b, L:/127.0.0.1:59739 - R:localhost/127.0.0.1:48981] for POST '/session/913d87ddc720a3547ce0abf3ab3e530c/url'
[DEBUG] Entry count for : http://localhost:47300 : 1
[DEBUG] Entry count for : http://localhost:59740 : 1
[DEBUG] Entry count for : http://localhost:16377 : 1
[DEBUG] 

Request DefaultHttpRequest(decodeResult: success, version: HTTP/1.1)
POST /session/913d87ddc720a3547ce0abf3ab3e530c/url HTTP/1.1
User-Agent: selenium/4.8.1 (java windows)
Content-Length: 69
Content-Type: application/json; charset=utf-8
host: localhost:48981
accept: */*

Response DefaultHttpResponse(decodeResult: success, version: HTTP/1.1)
HTTP/1.1 200 OK
Content-Length: 14
Content-Type: application/json; charset=utf-8
cache-control: no-cache

[DEBUG] Adding key: http://localhost:48981 for channel [id: 0x590e235b, L:/127.0.0.1:59739 - R:localhost/127.0.0.1:48981]
  When User opens URL "http://admin-demo.nopcommerce.com/login"          # StepDefination.StepDef.user_opens_url(java.lang.String)
[DEBUG] Using pooled Channel '[id: 0x590e235b, L:/127.0.0.1:59739 - R:localhost/127.0.0.1:48981]' for 'POST' to 'http://localhost:48981/session/913d87ddc720a3547ce0abf3ab3e530c/element'
[DEBUG] Using open Channel [id: 0x590e235b, L:/127.0.0.1:59739 - R:localhost/127.0.0.1:48981] for POST '/session/913d87ddc720a3547ce0abf3ab3e530c/element'
[DEBUG] 

Request DefaultHttpRequest(decodeResult: success, version: HTTP/1.1)
POST /session/913d87ddc720a3547ce0abf3ab3e530c/element HTTP/1.1
User-Agent: selenium/4.8.1 (java windows)
Content-Length: 50
Content-Type: application/json; charset=utf-8
host: localhost:48981
accept: */*

Response DefaultHttpResponse(decodeResult: success, version: HTTP/1.1)
HTTP/1.1 200 OK
Content-Length: 88
Content-Type: application/json; charset=utf-8
cache-control: no-cache

[DEBUG] Adding key: http://localhost:48981 for channel [id: 0x590e235b, L:/127.0.0.1:59739 - R:localhost/127.0.0.1:48981]
[DEBUG] Using pooled Channel '[id: 0x590e235b, L:/127.0.0.1:59739 - R:localhost/127.0.0.1:48981]' for 'POST' to 'http://localhost:48981/session/913d87ddc720a3547ce0abf3ab3e530c/element/2d13d254-be34-44cc-992a-ea1038273076/clear'
[DEBUG] Using open Channel [id: 0x590e235b, L:/127.0.0.1:59739 - R:localhost/127.0.0.1:48981] for POST '/session/913d87ddc720a3547ce0abf3ab3e530c/element/2d13d254-be34-44cc-992a-ea1038273076/clear'
[DEBUG] 

Request DefaultHttpRequest(decodeResult: success, version: HTTP/1.1)
POST /session/913d87ddc720a3547ce0abf3ab3e530c/element/2d13d254-be34-44cc-992a-ea1038273076/clear HTTP/1.1
User-Agent: selenium/4.8.1 (java windows)
Content-Length: 50
Content-Type: application/json; charset=utf-8
host: localhost:48981
accept: */*

Response DefaultHttpResponse(decodeResult: success, version: HTTP/1.1)
HTTP/1.1 200 OK
Content-Length: 14
Content-Type: application/json; charset=utf-8
cache-control: no-cache

[DEBUG] Adding key: http://localhost:48981 for channel [id: 0x590e235b, L:/127.0.0.1:59739 - R:localhost/127.0.0.1:48981]
[DEBUG] Using pooled Channel '[id: 0x590e235b, L:/127.0.0.1:59739 - R:localhost/127.0.0.1:48981]' for 'POST' to 'http://localhost:48981/session/913d87ddc720a3547ce0abf3ab3e530c/element'
[DEBUG] Using open Channel [id: 0x590e235b, L:/127.0.0.1:59739 - R:localhost/127.0.0.1:48981] for POST '/session/913d87ddc720a3547ce0abf3ab3e530c/element'
[DEBUG] 

Request DefaultHttpRequest(decodeResult: success, version: HTTP/1.1)
POST /session/913d87ddc720a3547ce0abf3ab3e530c/element HTTP/1.1
User-Agent: selenium/4.8.1 (java windows)
Content-Length: 50
Content-Type: application/json; charset=utf-8
host: localhost:48981
accept: */*

Response DefaultHttpResponse(decodeResult: success, version: HTTP/1.1)
HTTP/1.1 200 OK
Content-Length: 88
Content-Type: application/json; charset=utf-8
cache-control: no-cache

[DEBUG] Adding key: http://localhost:48981 for channel [id: 0x590e235b, L:/127.0.0.1:59739 - R:localhost/127.0.0.1:48981]
[DEBUG] Using pooled Channel '[id: 0x590e235b, L:/127.0.0.1:59739 - R:localhost/127.0.0.1:48981]' for 'POST' to 'http://localhost:48981/session/913d87ddc720a3547ce0abf3ab3e530c/element/2d13d254-be34-44cc-992a-ea1038273076/value'
[DEBUG] Using open Channel [id: 0x590e235b, L:/127.0.0.1:59739 - R:localhost/127.0.0.1:48981] for POST '/session/913d87ddc720a3547ce0abf3ab3e530c/element/2d13d254-be34-44cc-992a-ea1038273076/value'
[DEBUG] 

Request DefaultHttpRequest(decodeResult: success, version: HTTP/1.1)
POST /session/913d87ddc720a3547ce0abf3ab3e530c/element/2d13d254-be34-44cc-992a-ea1038273076/value HTTP/1.1
User-Agent: selenium/4.8.1 (java windows)
Content-Length: 271
Content-Type: application/json; charset=utf-8
host: localhost:48981
accept: */*

Response DefaultHttpResponse(decodeResult: success, version: HTTP/1.1)
HTTP/1.1 200 OK
Content-Length: 14
Content-Type: application/json; charset=utf-8
cache-control: no-cache

[DEBUG] Adding key: http://localhost:48981 for channel [id: 0x590e235b, L:/127.0.0.1:59739 - R:localhost/127.0.0.1:48981]
[DEBUG] Using pooled Channel '[id: 0x590e235b, L:/127.0.0.1:59739 - R:localhost/127.0.0.1:48981]' for 'POST' to 'http://localhost:48981/session/913d87ddc720a3547ce0abf3ab3e530c/element'
[DEBUG] Using open Channel [id: 0x590e235b, L:/127.0.0.1:59739 - R:localhost/127.0.0.1:48981] for POST '/session/913d87ddc720a3547ce0abf3ab3e530c/element'
[DEBUG] 

Request DefaultHttpRequest(decodeResult: success, version: HTTP/1.1)
POST /session/913d87ddc720a3547ce0abf3ab3e530c/element HTTP/1.1
User-Agent: selenium/4.8.1 (java windows)
Content-Length: 53
Content-Type: application/json; charset=utf-8
host: localhost:48981
accept: */*

Response DefaultHttpResponse(decodeResult: success, version: HTTP/1.1)
HTTP/1.1 200 OK
Content-Length: 88
Content-Type: application/json; charset=utf-8
cache-control: no-cache

[DEBUG] Adding key: http://localhost:48981 for channel [id: 0x590e235b, L:/127.0.0.1:59739 - R:localhost/127.0.0.1:48981]
[DEBUG] Using pooled Channel '[id: 0x590e235b, L:/127.0.0.1:59739 - R:localhost/127.0.0.1:48981]' for 'POST' to 'http://localhost:48981/session/913d87ddc720a3547ce0abf3ab3e530c/element/56334d7c-499f-4a85-822a-527f22b844fc/clear'
[DEBUG] Using open Channel [id: 0x590e235b, L:/127.0.0.1:59739 - R:localhost/127.0.0.1:48981] for POST '/session/913d87ddc720a3547ce0abf3ab3e530c/element/56334d7c-499f-4a85-822a-527f22b844fc/clear'
[DEBUG] 

Request DefaultHttpRequest(decodeResult: success, version: HTTP/1.1)
POST /session/913d87ddc720a3547ce0abf3ab3e530c/element/56334d7c-499f-4a85-822a-527f22b844fc/clear HTTP/1.1
User-Agent: selenium/4.8.1 (java windows)
Content-Length: 50
Content-Type: application/json; charset=utf-8
host: localhost:48981
accept: */*

Response DefaultHttpResponse(decodeResult: success, version: HTTP/1.1)
HTTP/1.1 200 OK
Content-Length: 14
Content-Type: application/json; charset=utf-8
cache-control: no-cache

[DEBUG] Adding key: http://localhost:48981 for channel [id: 0x590e235b, L:/127.0.0.1:59739 - R:localhost/127.0.0.1:48981]
[DEBUG] Using pooled Channel '[id: 0x590e235b, L:/127.0.0.1:59739 - R:localhost/127.0.0.1:48981]' for 'POST' to 'http://localhost:48981/session/913d87ddc720a3547ce0abf3ab3e530c/element'
[DEBUG] Using open Channel [id: 0x590e235b, L:/127.0.0.1:59739 - R:localhost/127.0.0.1:48981] for POST '/session/913d87ddc720a3547ce0abf3ab3e530c/element'
[DEBUG] 

Request DefaultHttpRequest(decodeResult: success, version: HTTP/1.1)
POST /session/913d87ddc720a3547ce0abf3ab3e530c/element HTTP/1.1
User-Agent: selenium/4.8.1 (java windows)
Content-Length: 53
Content-Type: application/json; charset=utf-8
host: localhost:48981
accept: */*

Response DefaultHttpResponse(decodeResult: success, version: HTTP/1.1)
HTTP/1.1 200 OK
Content-Length: 88
Content-Type: application/json; charset=utf-8
cache-control: no-cache

[DEBUG] Adding key: http://localhost:48981 for channel [id: 0x590e235b, L:/127.0.0.1:59739 - R:localhost/127.0.0.1:48981]
[DEBUG] Using pooled Channel '[id: 0x590e235b, L:/127.0.0.1:59739 - R:localhost/127.0.0.1:48981]' for 'POST' to 'http://localhost:48981/session/913d87ddc720a3547ce0abf3ab3e530c/element/56334d7c-499f-4a85-822a-527f22b844fc/value'
[DEBUG] Using open Channel [id: 0x590e235b, L:/127.0.0.1:59739 - R:localhost/127.0.0.1:48981] for POST '/session/913d87ddc720a3547ce0abf3ab3e530c/element/56334d7c-499f-4a85-822a-527f22b844fc/value'
[DEBUG] 

Request DefaultHttpRequest(decodeResult: success, version: HTTP/1.1)
POST /session/913d87ddc720a3547ce0abf3ab3e530c/element/56334d7c-499f-4a85-822a-527f22b844fc/value HTTP/1.1
User-Agent: selenium/4.8.1 (java windows)
Content-Length: 131
Content-Type: application/json; charset=utf-8
host: localhost:48981
accept: */*

Response DefaultHttpResponse(decodeResult: success, version: HTTP/1.1)
HTTP/1.1 200 OK
Content-Length: 14
Content-Type: application/json; charset=utf-8
cache-control: no-cache

[DEBUG] Adding key: http://localhost:48981 for channel [id: 0x590e235b, L:/127.0.0.1:59739 - R:localhost/127.0.0.1:48981]
  And User enters Email as "admin@yourstore.com" and Password as "admin" # StepDefination.StepDef.user_enters_email_as_and_password_as(java.lang.String,java.lang.String)
[DEBUG] Using pooled Channel '[id: 0x590e235b, L:/127.0.0.1:59739 - R:localhost/127.0.0.1:48981]' for 'POST' to 'http://localhost:48981/session/913d87ddc720a3547ce0abf3ab3e530c/element'
[DEBUG] Using open Channel [id: 0x590e235b, L:/127.0.0.1:59739 - R:localhost/127.0.0.1:48981] for POST '/session/913d87ddc720a3547ce0abf3ab3e530c/element'
[DEBUG] 

Request DefaultHttpRequest(decodeResult: success, version: HTTP/1.1)
POST /session/913d87ddc720a3547ce0abf3ab3e530c/element HTTP/1.1
User-Agent: selenium/4.8.1 (java windows)
Content-Length: 71
Content-Type: application/json; charset=utf-8
host: localhost:48981
accept: */*

Response DefaultHttpResponse(decodeResult: success, version: HTTP/1.1)
HTTP/1.1 200 OK
Content-Length: 88
Content-Type: application/json; charset=utf-8
cache-control: no-cache

[DEBUG] Adding key: http://localhost:48981 for channel [id: 0x590e235b, L:/127.0.0.1:59739 - R:localhost/127.0.0.1:48981]
[DEBUG] Using pooled Channel '[id: 0x590e235b, L:/127.0.0.1:59739 - R:localhost/127.0.0.1:48981]' for 'POST' to 'http://localhost:48981/session/913d87ddc720a3547ce0abf3ab3e530c/element/5f7f4032-577b-446f-b1ac-127be19d533a/click'
[DEBUG] Using open Channel [id: 0x590e235b, L:/127.0.0.1:59739 - R:localhost/127.0.0.1:48981] for POST '/session/913d87ddc720a3547ce0abf3ab3e530c/element/5f7f4032-577b-446f-b1ac-127be19d533a/click'
[DEBUG] Entry count for : http://localhost:47300 : 1
[DEBUG] Entry count for : http://localhost:59740 : 1
[DEBUG] Entry count for : http://localhost:16377 : 1
[DEBUG] 

Request DefaultHttpRequest(decodeResult: success, version: HTTP/1.1)
POST /session/913d87ddc720a3547ce0abf3ab3e530c/element/5f7f4032-577b-446f-b1ac-127be19d533a/click HTTP/1.1
User-Agent: selenium/4.8.1 (java windows)
Content-Length: 50
Content-Type: application/json; charset=utf-8
host: localhost:48981
accept: */*

Response DefaultHttpResponse(decodeResult: success, version: HTTP/1.1)
HTTP/1.1 200 OK
Content-Length: 14
Content-Type: application/json; charset=utf-8
cache-control: no-cache

[DEBUG] Adding key: http://localhost:48981 for channel [id: 0x590e235b, L:/127.0.0.1:59739 - R:localhost/127.0.0.1:48981]
  And Click on Login                                                     # StepDefination.StepDef.click_on_login()
[DEBUG] Using pooled Channel '[id: 0x590e235b, L:/127.0.0.1:59739 - R:localhost/127.0.0.1:48981]' for 'GET' to 'http://localhost:48981/session/913d87ddc720a3547ce0abf3ab3e530c/title'
[DEBUG] Using open Channel [id: 0x590e235b, L:/127.0.0.1:59739 - R:localhost/127.0.0.1:48981] for GET '/session/913d87ddc720a3547ce0abf3ab3e530c/title'
[DEBUG] 

Request DefaultFullHttpRequest(decodeResult: success, version: HTTP/1.1, content: EmptyByteBufBE)
GET /session/913d87ddc720a3547ce0abf3ab3e530c/title HTTP/1.1
User-Agent: selenium/4.8.1 (java windows)
Cache-Control: no-cache
Content-Type: application/json; charset=utf-8
host: localhost:48981
accept: */*

Response DefaultHttpResponse(decodeResult: success, version: HTTP/1.1)
HTTP/1.1 200 OK
Content-Length: 50
Content-Type: application/json; charset=utf-8
cache-control: no-cache

[DEBUG] Adding key: http://localhost:48981 for channel [id: 0x590e235b, L:/127.0.0.1:59739 - R:localhost/127.0.0.1:48981]
  Then User can view Dashboad                                            # StepDefination.StepDef.user_can_view_dashboad()
[DEBUG] Entry count for : http://localhost:48981 : 1
[DEBUG] Entry count for : http://localhost:47300 : 1
[DEBUG] Entry count for : http://localhost:59740 : 1
[DEBUG] Entry count for : http://localhost:16377 : 1
[DEBUG] Entry count for : http://localhost:48981 : 1
[DEBUG] Entry count for : http://localhost:47300 : 1
[DEBUG] Entry count for : http://localhost:59740 : 1
[DEBUG] Entry count for : http://localhost:16377 : 1
[DEBUG] Entry count for : http://localhost:48981 : 1
[DEBUG] Entry count for : http://localhost:47300 : 1
[DEBUG] Entry count for : http://localhost:59740 : 1
[DEBUG] Entry count for : http://localhost:16377 : 1
[DEBUG] Using pooled Channel '[id: 0x590e235b, L:/127.0.0.1:59739 - R:localhost/127.0.0.1:48981]' for 'POST' to 'http://localhost:48981/session/913d87ddc720a3547ce0abf3ab3e530c/element'
[DEBUG] Using open Channel [id: 0x590e235b, L:/127.0.0.1:59739 - R:localhost/127.0.0.1:48981] for POST '/session/913d87ddc720a3547ce0abf3ab3e530c/element'
[DEBUG] 

Request DefaultHttpRequest(decodeResult: success, version: HTTP/1.1)
POST /session/913d87ddc720a3547ce0abf3ab3e530c/element HTTP/1.1
User-Agent: selenium/4.8.1 (java windows)
Content-Length: 104
Content-Type: application/json; charset=utf-8
host: localhost:48981
accept: */*

Response DefaultHttpResponse(decodeResult: success, version: HTTP/1.1)
HTTP/1.1 200 OK
Content-Length: 88
Content-Type: application/json; charset=utf-8
cache-control: no-cache

[DEBUG] Adding key: http://localhost:48981 for channel [id: 0x590e235b, L:/127.0.0.1:59739 - R:localhost/127.0.0.1:48981]
[DEBUG] Using pooled Channel '[id: 0x590e235b, L:/127.0.0.1:59739 - R:localhost/127.0.0.1:48981]' for 'POST' to 'http://localhost:48981/session/913d87ddc720a3547ce0abf3ab3e530c/element/dacc423e-a342-4c08-802d-af38b439598f/click'
[DEBUG] Using open Channel [id: 0x590e235b, L:/127.0.0.1:59739 - R:localhost/127.0.0.1:48981] for POST '/session/913d87ddc720a3547ce0abf3ab3e530c/element/dacc423e-a342-4c08-802d-af38b439598f/click'
[DEBUG] 

Request DefaultHttpRequest(decodeResult: success, version: HTTP/1.1)
POST /session/913d87ddc720a3547ce0abf3ab3e530c/element/dacc423e-a342-4c08-802d-af38b439598f/click HTTP/1.1
User-Agent: selenium/4.8.1 (java windows)
Content-Length: 50
Content-Type: application/json; charset=utf-8
host: localhost:48981
accept: */*

Response DefaultHttpResponse(decodeResult: success, version: HTTP/1.1)
HTTP/1.1 200 OK
Content-Length: 14
Content-Type: application/json; charset=utf-8
cache-control: no-cache

[DEBUG] Adding key: http://localhost:48981 for channel [id: 0x590e235b, L:/127.0.0.1:59739 - R:localhost/127.0.0.1:48981]
[DEBUG] Entry count for : http://localhost:48981 : 1
[DEBUG] Entry count for : http://localhost:47300 : 1
[DEBUG] Entry count for : http://localhost:59740 : 1
[DEBUG] Entry count for : http://localhost:16377 : 1
[DEBUG] Entry count for : http://localhost:48981 : 1
[DEBUG] Entry count for : http://localhost:47300 : 1
[DEBUG] Entry count for : http://localhost:59740 : 1
[DEBUG] Entry count for : http://localhost:16377 : 1
  When User click on customers Menu                                      # StepDefination.StepDef.user_click_on_customers_menu()
[DEBUG] Using pooled Channel '[id: 0x590e235b, L:/127.0.0.1:59739 - R:localhost/127.0.0.1:48981]' for 'POST' to 'http://localhost:48981/session/913d87ddc720a3547ce0abf3ab3e530c/element'
[DEBUG] Using open Channel [id: 0x590e235b, L:/127.0.0.1:59739 - R:localhost/127.0.0.1:48981] for POST '/session/913d87ddc720a3547ce0abf3ab3e530c/element'
[DEBUG] 

Request DefaultHttpRequest(decodeResult: success, version: HTTP/1.1)
POST /session/913d87ddc720a3547ce0abf3ab3e530c/element HTTP/1.1
User-Agent: selenium/4.8.1 (java windows)
Content-Length: 138
Content-Type: application/json; charset=utf-8
host: localhost:48981
accept: */*

Response DefaultHttpResponse(decodeResult: success, version: HTTP/1.1)
HTTP/1.1 200 OK
Content-Length: 88
Content-Type: application/json; charset=utf-8
cache-control: no-cache

[DEBUG] Adding key: http://localhost:48981 for channel [id: 0x590e235b, L:/127.0.0.1:59739 - R:localhost/127.0.0.1:48981]
[DEBUG] Using pooled Channel '[id: 0x590e235b, L:/127.0.0.1:59739 - R:localhost/127.0.0.1:48981]' for 'POST' to 'http://localhost:48981/session/913d87ddc720a3547ce0abf3ab3e530c/element/70e2cecb-425d-4757-86ee-2915188ac54b/click'
[DEBUG] Using open Channel [id: 0x590e235b, L:/127.0.0.1:59739 - R:localhost/127.0.0.1:48981] for POST '/session/913d87ddc720a3547ce0abf3ab3e530c/element/70e2cecb-425d-4757-86ee-2915188ac54b/click'
[DEBUG] 

Request DefaultHttpRequest(decodeResult: success, version: HTTP/1.1)
POST /session/913d87ddc720a3547ce0abf3ab3e530c/element/70e2cecb-425d-4757-86ee-2915188ac54b/click HTTP/1.1
User-Agent: selenium/4.8.1 (java windows)
Content-Length: 50
Content-Type: application/json; charset=utf-8
host: localhost:48981
accept: */*

Response DefaultHttpResponse(decodeResult: success, version: HTTP/1.1)
HTTP/1.1 200 OK
Content-Length: 14
Content-Type: application/json; charset=utf-8
cache-control: no-cache

[DEBUG] Adding key: http://localhost:48981 for channel [id: 0x590e235b, L:/127.0.0.1:59739 - R:localhost/127.0.0.1:48981]
[DEBUG] Entry count for : http://localhost:48981 : 1
[DEBUG] Entry count for : http://localhost:47300 : 1
[DEBUG] Entry count for : http://localhost:59740 : 1
[DEBUG] Entry count for : http://localhost:16377 : 1
[DEBUG] Entry count for : http://localhost:48981 : 1
[DEBUG] Entry count for : http://localhost:47300 : 1
[DEBUG] Entry count for : http://localhost:59740 : 1
[DEBUG] Entry count for : http://localhost:16377 : 1
  And click on customers Menu Item                                       # StepDefination.StepDef.click_on_customers_menu_item()
[DEBUG] Using pooled Channel '[id: 0x590e235b, L:/127.0.0.1:59739 - R:localhost/127.0.0.1:48981]' for 'POST' to 'http://localhost:48981/session/913d87ddc720a3547ce0abf3ab3e530c/element'
[DEBUG] Using open Channel [id: 0x590e235b, L:/127.0.0.1:59739 - R:localhost/127.0.0.1:48981] for POST '/session/913d87ddc720a3547ce0abf3ab3e530c/element'
[DEBUG] 

Request DefaultHttpRequest(decodeResult: success, version: HTTP/1.1)
POST /session/913d87ddc720a3547ce0abf3ab3e530c/element HTTP/1.1
User-Agent: selenium/4.8.1 (java windows)
Content-Length: 60
Content-Type: application/json; charset=utf-8
host: localhost:48981
accept: */*

Response DefaultHttpResponse(decodeResult: success, version: HTTP/1.1)
HTTP/1.1 200 OK
Content-Length: 88
Content-Type: application/json; charset=utf-8
cache-control: no-cache

[DEBUG] Adding key: http://localhost:48981 for channel [id: 0x590e235b, L:/127.0.0.1:59739 - R:localhost/127.0.0.1:48981]
[DEBUG] Using pooled Channel '[id: 0x590e235b, L:/127.0.0.1:59739 - R:localhost/127.0.0.1:48981]' for 'POST' to 'http://localhost:48981/session/913d87ddc720a3547ce0abf3ab3e530c/element/181ca427-7325-4cbd-a21f-07eba1c986a9/value'
[DEBUG] Using open Channel [id: 0x590e235b, L:/127.0.0.1:59739 - R:localhost/127.0.0.1:48981] for POST '/session/913d87ddc720a3547ce0abf3ab3e530c/element/181ca427-7325-4cbd-a21f-07eba1c986a9/value'
[DEBUG] 

Request DefaultHttpRequest(decodeResult: success, version: HTTP/1.1)
POST /session/913d87ddc720a3547ce0abf3ab3e530c/element/181ca427-7325-4cbd-a21f-07eba1c986a9/value HTTP/1.1
User-Agent: selenium/4.8.1 (java windows)
Content-Length: 131
Content-Type: application/json; charset=utf-8
host: localhost:48981
accept: */*

Response DefaultHttpResponse(decodeResult: success, version: HTTP/1.1)
HTTP/1.1 200 OK
Content-Length: 14
Content-Type: application/json; charset=utf-8
cache-control: no-cache

[DEBUG] Adding key: http://localhost:48981 for channel [id: 0x590e235b, L:/127.0.0.1:59739 - R:localhost/127.0.0.1:48981]
  And Enter customer FirstName                                           # StepDefination.StepDef.enter_customer_first_name()
[DEBUG] Using pooled Channel '[id: 0x590e235b, L:/127.0.0.1:59739 - R:localhost/127.0.0.1:48981]' for 'POST' to 'http://localhost:48981/session/913d87ddc720a3547ce0abf3ab3e530c/element'
[DEBUG] Using open Channel [id: 0x590e235b, L:/127.0.0.1:59739 - R:localhost/127.0.0.1:48981] for POST '/session/913d87ddc720a3547ce0abf3ab3e530c/element'
[DEBUG] 

Request DefaultHttpRequest(decodeResult: success, version: HTTP/1.1)
POST /session/913d87ddc720a3547ce0abf3ab3e530c/element HTTP/1.1
User-Agent: selenium/4.8.1 (java windows)
Content-Length: 59
Content-Type: application/json; charset=utf-8
host: localhost:48981
accept: */*

Response DefaultHttpResponse(decodeResult: success, version: HTTP/1.1)
HTTP/1.1 200 OK
Content-Length: 88
Content-Type: application/json; charset=utf-8
cache-control: no-cache

[DEBUG] Adding key: http://localhost:48981 for channel [id: 0x590e235b, L:/127.0.0.1:59739 - R:localhost/127.0.0.1:48981]
[DEBUG] Using pooled Channel '[id: 0x590e235b, L:/127.0.0.1:59739 - R:localhost/127.0.0.1:48981]' for 'POST' to 'http://localhost:48981/session/913d87ddc720a3547ce0abf3ab3e530c/element/4d9a50eb-d544-46f1-9b3e-96861014bf01/value'
[DEBUG] Using open Channel [id: 0x590e235b, L:/127.0.0.1:59739 - R:localhost/127.0.0.1:48981] for POST '/session/913d87ddc720a3547ce0abf3ab3e530c/element/4d9a50eb-d544-46f1-9b3e-96861014bf01/value'
[DEBUG] 

Request DefaultHttpRequest(decodeResult: success, version: HTTP/1.1)
POST /session/913d87ddc720a3547ce0abf3ab3e530c/element/4d9a50eb-d544-46f1-9b3e-96861014bf01/value HTTP/1.1
User-Agent: selenium/4.8.1 (java windows)
Content-Length: 131
Content-Type: application/json; charset=utf-8
host: localhost:48981
accept: */*

Response DefaultHttpResponse(decodeResult: success, version: HTTP/1.1)
HTTP/1.1 200 OK
Content-Length: 14
Content-Type: application/json; charset=utf-8
cache-control: no-cache

[DEBUG] Adding key: http://localhost:48981 for channel [id: 0x590e235b, L:/127.0.0.1:59739 - R:localhost/127.0.0.1:48981]
  And Enter customer LastName                                            # StepDefination.StepDef.enter_customer_last_name()
[DEBUG] Using pooled Channel '[id: 0x590e235b, L:/127.0.0.1:59739 - R:localhost/127.0.0.1:48981]' for 'POST' to 'http://localhost:48981/session/913d87ddc720a3547ce0abf3ab3e530c/element'
[DEBUG] Using open Channel [id: 0x590e235b, L:/127.0.0.1:59739 - R:localhost/127.0.0.1:48981] for POST '/session/913d87ddc720a3547ce0abf3ab3e530c/element'
[DEBUG] 

Request DefaultHttpRequest(decodeResult: success, version: HTTP/1.1)
POST /session/913d87ddc720a3547ce0abf3ab3e530c/element HTTP/1.1
User-Agent: selenium/4.8.1 (java windows)
Content-Length: 79
Content-Type: application/json; charset=utf-8
host: localhost:48981
accept: */*

Response DefaultHttpResponse(decodeResult: success, version: HTTP/1.1)
HTTP/1.1 200 OK
Content-Length: 88
Content-Type: application/json; charset=utf-8
cache-control: no-cache

[DEBUG] Adding key: http://localhost:48981 for channel [id: 0x590e235b, L:/127.0.0.1:59739 - R:localhost/127.0.0.1:48981]
[DEBUG] Using pooled Channel '[id: 0x590e235b, L:/127.0.0.1:59739 - R:localhost/127.0.0.1:48981]' for 'POST' to 'http://localhost:48981/session/913d87ddc720a3547ce0abf3ab3e530c/element/69389546-a295-484e-8a70-00194606735e/click'
[DEBUG] Using open Channel [id: 0x590e235b, L:/127.0.0.1:59739 - R:localhost/127.0.0.1:48981] for POST '/session/913d87ddc720a3547ce0abf3ab3e530c/element/69389546-a295-484e-8a70-00194606735e/click'
[DEBUG] 

Request DefaultHttpRequest(decodeResult: success, version: HTTP/1.1)
POST /session/913d87ddc720a3547ce0abf3ab3e530c/element/69389546-a295-484e-8a70-00194606735e/click HTTP/1.1
User-Agent: selenium/4.8.1 (java windows)
Content-Length: 50
Content-Type: application/json; charset=utf-8
host: localhost:48981
accept: */*

Response DefaultHttpResponse(decodeResult: success, version: HTTP/1.1)
HTTP/1.1 200 OK
Content-Length: 14
Content-Type: application/json; charset=utf-8
cache-control: no-cache

[DEBUG] Adding key: http://localhost:48981 for channel [id: 0x590e235b, L:/127.0.0.1:59739 - R:localhost/127.0.0.1:48981]
[DEBUG] Entry count for : http://localhost:48981 : 1
[DEBUG] Entry count for : http://localhost:47300 : 1
[DEBUG] Entry count for : http://localhost:59740 : 1
[DEBUG] Entry count for : http://localhost:16377 : 1
[DEBUG] Entry count for : http://localhost:48981 : 1
[DEBUG] Entry count for : http://localhost:47300 : 1
[DEBUG] Entry count for : http://localhost:59740 : 1
[DEBUG] Entry count for : http://localhost:16377 : 1
  When Click on search button                                            # StepDefination.StepDef.click_on_search_button()
[DEBUG] Using pooled Channel '[id: 0x590e235b, L:/127.0.0.1:59739 - R:localhost/127.0.0.1:48981]' for 'POST' to 'http://localhost:48981/session/913d87ddc720a3547ce0abf3ab3e530c/elements'
[DEBUG] Using open Channel [id: 0x590e235b, L:/127.0.0.1:59739 - R:localhost/127.0.0.1:48981] for POST '/session/913d87ddc720a3547ce0abf3ab3e530c/elements'
[DEBUG] 

Request DefaultHttpRequest(decodeResult: success, version: HTTP/1.1)
POST /session/913d87ddc720a3547ce0abf3ab3e530c/elements HTTP/1.1
User-Agent: selenium/4.8.1 (java windows)
Content-Length: 101
Content-Type: application/json; charset=utf-8
host: localhost:48981
accept: */*

Response DefaultHttpResponse(decodeResult: success, version: HTTP/1.1)
HTTP/1.1 200 OK
Content-Length: 90
Content-Type: application/json; charset=utf-8
cache-control: no-cache

[DEBUG] Adding key: http://localhost:48981 for channel [id: 0x590e235b, L:/127.0.0.1:59739 - R:localhost/127.0.0.1:48981]
[DEBUG] Using pooled Channel '[id: 0x590e235b, L:/127.0.0.1:59739 - R:localhost/127.0.0.1:48981]' for 'POST' to 'http://localhost:48981/session/913d87ddc720a3547ce0abf3ab3e530c/element'
[DEBUG] Using open Channel [id: 0x590e235b, L:/127.0.0.1:59739 - R:localhost/127.0.0.1:48981] for POST '/session/913d87ddc720a3547ce0abf3ab3e530c/element'
[DEBUG] 

Request DefaultHttpRequest(decodeResult: success, version: HTTP/1.1)
POST /session/913d87ddc720a3547ce0abf3ab3e530c/element HTTP/1.1
User-Agent: selenium/4.8.1 (java windows)
Content-Length: 126
Content-Type: application/json; charset=utf-8
host: localhost:48981
accept: */*

Response DefaultHttpResponse(decodeResult: success, version: HTTP/1.1)
HTTP/1.1 200 OK
Content-Length: 88
Content-Type: application/json; charset=utf-8
cache-control: no-cache

[DEBUG] Adding key: http://localhost:48981 for channel [id: 0x590e235b, L:/127.0.0.1:59739 - R:localhost/127.0.0.1:48981]
[DEBUG] Using pooled Channel '[id: 0x590e235b, L:/127.0.0.1:59739 - R:localhost/127.0.0.1:48981]' for 'GET' to 'http://localhost:48981/session/913d87ddc720a3547ce0abf3ab3e530c/element/e2493121-c067-40fa-803d-039ddc7f3e90/text'
[DEBUG] Using open Channel [id: 0x590e235b, L:/127.0.0.1:59739 - R:localhost/127.0.0.1:48981] for GET '/session/913d87ddc720a3547ce0abf3ab3e530c/element/e2493121-c067-40fa-803d-039ddc7f3e90/text'
[DEBUG] 

Request DefaultFullHttpRequest(decodeResult: success, version: HTTP/1.1, content: EmptyByteBufBE)
GET /session/913d87ddc720a3547ce0abf3ab3e530c/element/e2493121-c067-40fa-803d-039ddc7f3e90/text HTTP/1.1
User-Agent: selenium/4.8.1 (java windows)
Cache-Control: no-cache
Content-Type: application/json; charset=utf-8
host: localhost:48981
accept: */*

Response DefaultHttpResponse(decodeResult: success, version: HTTP/1.1)
HTTP/1.1 200 OK
Content-Length: 23
Content-Type: application/json; charset=utf-8
cache-control: no-cache

[DEBUG] Adding key: http://localhost:48981 for channel [id: 0x590e235b, L:/127.0.0.1:59739 - R:localhost/127.0.0.1:48981]
Virat Kohli
  Then User should found Name in the Search table                        # StepDefination.StepDef.user_should_found_name_in_the_search_table()
  And close browser                                                      # StepDefination.StepDef.close_browser()
[DEBUG] Using pooled Channel '[id: 0x590e235b, L:/127.0.0.1:59739 - R:localhost/127.0.0.1:48981]' for 'DELETE' to 'http://localhost:48981/session/913d87ddc720a3547ce0abf3ab3e530c/window'
[DEBUG] Using open Channel [id: 0x590e235b, L:/127.0.0.1:59739 - R:localhost/127.0.0.1:48981] for DELETE '/session/913d87ddc720a3547ce0abf3ab3e530c/window'
[DEBUG] Channel Closed: [id: 0xcd59bd42, L:/127.0.0.1:59747 ! R:localhost/127.0.0.1:59740] with attribute NettyResponseFuture{currentRetry=0,
	isDone=1,
	isCancelled=0,
	asyncHandler=org.asynchttpclient.ws.WebSocketUpgradeHandler@7ef5c8d6,
	nettyRequest=org.asynchttpclient.netty.request.NettyRequest@3bf7496c,
	future=java.util.concurrent.CompletableFuture@227ecd27[Completed normally],
	uri=ws://localhost:59740/devtools/browser/60a8cfa5-b215-4e1d-b5a9-225f4f20a8d7,
	keepAlive=true,
	redirectCount=0,
	timeoutsHolder=null,
	inAuth=0,
	touch=1682718056796}
[DEBUG] Channel Closed: [id: 0x6fd4b6f1, L:/127.0.0.1:59746 ! R:localhost/127.0.0.1:59740] with attribute DISCARD
[DEBUG] Closing Channel [id: 0xcd59bd42, L:/127.0.0.1:59747 ! R:localhost/127.0.0.1:59740] 
[DEBUG] 

Request DefaultFullHttpRequest(decodeResult: success, version: HTTP/1.1, content: EmptyByteBufBE)
DELETE /session/913d87ddc720a3547ce0abf3ab3e530c/window HTTP/1.1
User-Agent: selenium/4.8.1 (java windows)
Content-Type: application/json; charset=utf-8
host: localhost:48981
accept: */*

Response DefaultHttpResponse(decodeResult: success, version: HTTP/1.1)
HTTP/1.1 200 OK
Content-Length: 12
Content-Type: application/json; charset=utf-8
cache-control: no-cache

[DEBUG] Adding key: http://localhost:48981 for channel [id: 0x590e235b, L:/127.0.0.1:59739 - R:localhost/127.0.0.1:48981]
]]></system-out>
    <system-err><![CDATA[Starting ChromeDriver 112.0.5615.49 (bd2a7bcb881c11e8cfe3078709382934e3916914-refs/branch-heads/5615@{#936}) on port 48981
Only local connections are allowed.
Please see https://chromedriver.chromium.org/security-considerations for suggestions on keeping ChromeDriver safe.
ChromeDriver was started successfully.
Apr. 28, 2023 5:40:56 P.M. org.openqa.selenium.devtools.CdpVersionFinder findNearestMatch
WARNING: Unable to find an exact match for CDP version 112, so returning the closest version found: 110
]]></system-err>
  </testcase>
  <testcase name="Sucessful Login With valid Credentials DDT #1" classname="Login" time="6.22">
    <system-out><![CDATA[
@sanity
Scenario Outline: Sucessful Login With valid Credentials DDT             # Features/LoginFeature.feature:30
[DEBUG] Resolution chrome=112 in cache (valid until 18:14:52 28/04/2023 EDT)
[DEBUG] Resolution chrome112=112.0.5615.49 in cache (valid until 18:41:48 28/04/2023 EDT)
[INFO] Using chromedriver 112.0.5615.49 (resolved driver for Chrome 112)
[DEBUG] Driver chromedriver 112.0.5615.49 found in cache
[INFO] Exporting webdriver.chrome.driver as C:\Users\kumar\.cache\selenium\chromedriver\win32\112.0.5615.49\chromedriver.exe
[DEBUG] Using new Channel '[id: 0x9087fad2, L:/127.0.0.1:59765 - R:localhost/127.0.0.1:18675]' for 'POST' to '/session'
[DEBUG] Entry count for : http://localhost:48981 : 1
[DEBUG] Entry count for : http://localhost:47300 : 1
[DEBUG] Entry count for : http://localhost:59740 : 1
[DEBUG] Entry count for : http://localhost:16377 : 1
[DEBUG] Adding Candidate expired Channel [id: 0x6fd4b6f1, L:/127.0.0.1:59746 ! R:localhost/127.0.0.1:59740] isIdleTimeoutExpired=false isRemotelyClosed=true isTtlExpired=false
[DEBUG] Closing Idle Channel [id: 0x6fd4b6f1, L:/127.0.0.1:59746 ! R:localhost/127.0.0.1:59740]
[DEBUG] Closed 1 connections out of 4 in 1 ms
[DEBUG] 

Request DefaultHttpRequest(decodeResult: success, version: HTTP/1.1)
POST /session HTTP/1.1
User-Agent: selenium/4.8.1 (java windows)
Content-Length: 439
Content-Type: application/json; charset=utf-8
host: localhost:18675
accept: */*

Response DefaultHttpResponse(decodeResult: success, version: HTTP/1.1)
HTTP/1.1 200 OK
Content-Length: 860
Content-Type: application/json; charset=utf-8
cache-control: no-cache

[DEBUG] Adding key: http://localhost:18675 for channel [id: 0x9087fad2, L:/127.0.0.1:59765 - R:localhost/127.0.0.1:18675]
[DEBUG] Using new Channel '[id: 0xb53f9538, L:/127.0.0.1:59772 - R:localhost/127.0.0.1:59766]' for 'GET' to '/json/version'
[DEBUG] 

Request DefaultFullHttpRequest(decodeResult: success, version: HTTP/1.1, content: EmptyByteBufBE)
GET /json/version HTTP/1.1
User-Agent: selenium/4.8.1 (java windows)
host: localhost:59766
accept: */*

Response DefaultHttpResponse(decodeResult: success, version: HTTP/1.1)
HTTP/1.1 200 OK
Content-Security-Policy: frame-ancestors 'none'
Content-Length: 424
Content-Type: application/json; charset=UTF-8

[DEBUG] Adding key: http://localhost:59766 for channel [id: 0xb53f9538, L:/127.0.0.1:59772 - R:localhost/127.0.0.1:59766]
[DEBUG] Using new Channel '[id: 0x2985e1c0, L:/127.0.0.1:59773 - R:localhost/127.0.0.1:59766]' for 'GET' to '/devtools/browser/ea18fc99-db76-41b0-8f87-193f0af7f55d'
[DEBUG] 

Request DefaultFullHttpRequest(decodeResult: success, version: HTTP/1.1, content: EmptyByteBufBE)
GET /devtools/browser/ea18fc99-db76-41b0-8f87-193f0af7f55d HTTP/1.1
upgrade: websocket
connection: upgrade
sec-websocket-key: f04yWA4XbPNNne0W3QHU2A==
sec-websocket-version: 13
origin: http://localhost:59766
host: localhost:59766
accept: */*
user-agent: AHC/2.1

Response DefaultHttpResponse(decodeResult: success, version: HTTP/1.1)
HTTP/1.1 101 WebSocket Protocol Handshake
Upgrade: WebSocket
Connection: Upgrade
Sec-WebSocket-Accept: uDBZyIuSOCXQGJNzL60PqorO66o=

  Given User Launch Chrome browser                                       # StepDefination.StepDef.user_launch_chrome_browser()
[DEBUG] Using pooled Channel '[id: 0x9087fad2, L:/127.0.0.1:59765 - R:localhost/127.0.0.1:18675]' for 'POST' to 'http://localhost:18675/session/8aca2c41e14239cc72cdf799ce67dc1c/url'
[DEBUG] Using open Channel [id: 0x9087fad2, L:/127.0.0.1:59765 - R:localhost/127.0.0.1:18675] for POST '/session/8aca2c41e14239cc72cdf799ce67dc1c/url'
[DEBUG] Entry count for : http://localhost:48981 : 1
[DEBUG] Entry count for : http://localhost:47300 : 1
[DEBUG] Entry count for : http://localhost:59766 : 1
[DEBUG] Entry count for : http://localhost:16377 : 1
[DEBUG] 

Request DefaultHttpRequest(decodeResult: success, version: HTTP/1.1)
POST /session/8aca2c41e14239cc72cdf799ce67dc1c/url HTTP/1.1
User-Agent: selenium/4.8.1 (java windows)
Content-Length: 69
Content-Type: application/json; charset=utf-8
host: localhost:18675
accept: */*

Response DefaultHttpResponse(decodeResult: success, version: HTTP/1.1)
HTTP/1.1 200 OK
Content-Length: 14
Content-Type: application/json; charset=utf-8
cache-control: no-cache

[DEBUG] Adding key: http://localhost:18675 for channel [id: 0x9087fad2, L:/127.0.0.1:59765 - R:localhost/127.0.0.1:18675]
  When User opens URL "http://admin-demo.nopcommerce.com/login"          # StepDefination.StepDef.user_opens_url(java.lang.String)
[DEBUG] Using pooled Channel '[id: 0x9087fad2, L:/127.0.0.1:59765 - R:localhost/127.0.0.1:18675]' for 'POST' to 'http://localhost:18675/session/8aca2c41e14239cc72cdf799ce67dc1c/element'
[DEBUG] Using open Channel [id: 0x9087fad2, L:/127.0.0.1:59765 - R:localhost/127.0.0.1:18675] for POST '/session/8aca2c41e14239cc72cdf799ce67dc1c/element'
[DEBUG] 

Request DefaultHttpRequest(decodeResult: success, version: HTTP/1.1)
POST /session/8aca2c41e14239cc72cdf799ce67dc1c/element HTTP/1.1
User-Agent: selenium/4.8.1 (java windows)
Content-Length: 50
Content-Type: application/json; charset=utf-8
host: localhost:18675
accept: */*

Response DefaultHttpResponse(decodeResult: success, version: HTTP/1.1)
HTTP/1.1 200 OK
Content-Length: 88
Content-Type: application/json; charset=utf-8
cache-control: no-cache

[DEBUG] Adding key: http://localhost:18675 for channel [id: 0x9087fad2, L:/127.0.0.1:59765 - R:localhost/127.0.0.1:18675]
[DEBUG] Using pooled Channel '[id: 0x9087fad2, L:/127.0.0.1:59765 - R:localhost/127.0.0.1:18675]' for 'POST' to 'http://localhost:18675/session/8aca2c41e14239cc72cdf799ce67dc1c/element/ef52f0c7-2d2f-47fe-8a69-f5417cdb0bdb/clear'
[DEBUG] Using open Channel [id: 0x9087fad2, L:/127.0.0.1:59765 - R:localhost/127.0.0.1:18675] for POST '/session/8aca2c41e14239cc72cdf799ce67dc1c/element/ef52f0c7-2d2f-47fe-8a69-f5417cdb0bdb/clear'
[DEBUG] 

Request DefaultHttpRequest(decodeResult: success, version: HTTP/1.1)
POST /session/8aca2c41e14239cc72cdf799ce67dc1c/element/ef52f0c7-2d2f-47fe-8a69-f5417cdb0bdb/clear HTTP/1.1
User-Agent: selenium/4.8.1 (java windows)
Content-Length: 50
Content-Type: application/json; charset=utf-8
host: localhost:18675
accept: */*

Response DefaultHttpResponse(decodeResult: success, version: HTTP/1.1)
HTTP/1.1 200 OK
Content-Length: 14
Content-Type: application/json; charset=utf-8
cache-control: no-cache

[DEBUG] Adding key: http://localhost:18675 for channel [id: 0x9087fad2, L:/127.0.0.1:59765 - R:localhost/127.0.0.1:18675]
[DEBUG] Using pooled Channel '[id: 0x9087fad2, L:/127.0.0.1:59765 - R:localhost/127.0.0.1:18675]' for 'POST' to 'http://localhost:18675/session/8aca2c41e14239cc72cdf799ce67dc1c/element'
[DEBUG] Using open Channel [id: 0x9087fad2, L:/127.0.0.1:59765 - R:localhost/127.0.0.1:18675] for POST '/session/8aca2c41e14239cc72cdf799ce67dc1c/element'
[DEBUG] 

Request DefaultHttpRequest(decodeResult: success, version: HTTP/1.1)
POST /session/8aca2c41e14239cc72cdf799ce67dc1c/element HTTP/1.1
User-Agent: selenium/4.8.1 (java windows)
Content-Length: 50
Content-Type: application/json; charset=utf-8
host: localhost:18675
accept: */*

Response DefaultHttpResponse(decodeResult: success, version: HTTP/1.1)
HTTP/1.1 200 OK
Content-Length: 88
Content-Type: application/json; charset=utf-8
cache-control: no-cache

[DEBUG] Adding key: http://localhost:18675 for channel [id: 0x9087fad2, L:/127.0.0.1:59765 - R:localhost/127.0.0.1:18675]
[DEBUG] Using pooled Channel '[id: 0x9087fad2, L:/127.0.0.1:59765 - R:localhost/127.0.0.1:18675]' for 'POST' to 'http://localhost:18675/session/8aca2c41e14239cc72cdf799ce67dc1c/element/ef52f0c7-2d2f-47fe-8a69-f5417cdb0bdb/value'
[DEBUG] Using open Channel [id: 0x9087fad2, L:/127.0.0.1:59765 - R:localhost/127.0.0.1:18675] for POST '/session/8aca2c41e14239cc72cdf799ce67dc1c/element/ef52f0c7-2d2f-47fe-8a69-f5417cdb0bdb/value'
[DEBUG] 

Request DefaultHttpRequest(decodeResult: success, version: HTTP/1.1)
POST /session/8aca2c41e14239cc72cdf799ce67dc1c/element/ef52f0c7-2d2f-47fe-8a69-f5417cdb0bdb/value HTTP/1.1
User-Agent: selenium/4.8.1 (java windows)
Content-Length: 271
Content-Type: application/json; charset=utf-8
host: localhost:18675
accept: */*

Response DefaultHttpResponse(decodeResult: success, version: HTTP/1.1)
HTTP/1.1 200 OK
Content-Length: 14
Content-Type: application/json; charset=utf-8
cache-control: no-cache

[DEBUG] Adding key: http://localhost:18675 for channel [id: 0x9087fad2, L:/127.0.0.1:59765 - R:localhost/127.0.0.1:18675]
[DEBUG] Using pooled Channel '[id: 0x9087fad2, L:/127.0.0.1:59765 - R:localhost/127.0.0.1:18675]' for 'POST' to 'http://localhost:18675/session/8aca2c41e14239cc72cdf799ce67dc1c/element'
[DEBUG] Using open Channel [id: 0x9087fad2, L:/127.0.0.1:59765 - R:localhost/127.0.0.1:18675] for POST '/session/8aca2c41e14239cc72cdf799ce67dc1c/element'
[DEBUG] 

Request DefaultHttpRequest(decodeResult: success, version: HTTP/1.1)
POST /session/8aca2c41e14239cc72cdf799ce67dc1c/element HTTP/1.1
User-Agent: selenium/4.8.1 (java windows)
Content-Length: 53
Content-Type: application/json; charset=utf-8
host: localhost:18675
accept: */*

Response DefaultHttpResponse(decodeResult: success, version: HTTP/1.1)
HTTP/1.1 200 OK
Content-Length: 88
Content-Type: application/json; charset=utf-8
cache-control: no-cache

[DEBUG] Adding key: http://localhost:18675 for channel [id: 0x9087fad2, L:/127.0.0.1:59765 - R:localhost/127.0.0.1:18675]
[DEBUG] Using pooled Channel '[id: 0x9087fad2, L:/127.0.0.1:59765 - R:localhost/127.0.0.1:18675]' for 'POST' to 'http://localhost:18675/session/8aca2c41e14239cc72cdf799ce67dc1c/element/8d436158-7e98-4aca-a46f-2880e787c680/clear'
[DEBUG] Using open Channel [id: 0x9087fad2, L:/127.0.0.1:59765 - R:localhost/127.0.0.1:18675] for POST '/session/8aca2c41e14239cc72cdf799ce67dc1c/element/8d436158-7e98-4aca-a46f-2880e787c680/clear'
[DEBUG] 

Request DefaultHttpRequest(decodeResult: success, version: HTTP/1.1)
POST /session/8aca2c41e14239cc72cdf799ce67dc1c/element/8d436158-7e98-4aca-a46f-2880e787c680/clear HTTP/1.1
User-Agent: selenium/4.8.1 (java windows)
Content-Length: 50
Content-Type: application/json; charset=utf-8
host: localhost:18675
accept: */*

Response DefaultHttpResponse(decodeResult: success, version: HTTP/1.1)
HTTP/1.1 200 OK
Content-Length: 14
Content-Type: application/json; charset=utf-8
cache-control: no-cache

[DEBUG] Adding key: http://localhost:18675 for channel [id: 0x9087fad2, L:/127.0.0.1:59765 - R:localhost/127.0.0.1:18675]
[DEBUG] Using pooled Channel '[id: 0x9087fad2, L:/127.0.0.1:59765 - R:localhost/127.0.0.1:18675]' for 'POST' to 'http://localhost:18675/session/8aca2c41e14239cc72cdf799ce67dc1c/element'
[DEBUG] Using open Channel [id: 0x9087fad2, L:/127.0.0.1:59765 - R:localhost/127.0.0.1:18675] for POST '/session/8aca2c41e14239cc72cdf799ce67dc1c/element'
[DEBUG] 

Request DefaultHttpRequest(decodeResult: success, version: HTTP/1.1)
POST /session/8aca2c41e14239cc72cdf799ce67dc1c/element HTTP/1.1
User-Agent: selenium/4.8.1 (java windows)
Content-Length: 53
Content-Type: application/json; charset=utf-8
host: localhost:18675
accept: */*

Response DefaultHttpResponse(decodeResult: success, version: HTTP/1.1)
HTTP/1.1 200 OK
Content-Length: 88
Content-Type: application/json; charset=utf-8
cache-control: no-cache

[DEBUG] Adding key: http://localhost:18675 for channel [id: 0x9087fad2, L:/127.0.0.1:59765 - R:localhost/127.0.0.1:18675]
[DEBUG] Using pooled Channel '[id: 0x9087fad2, L:/127.0.0.1:59765 - R:localhost/127.0.0.1:18675]' for 'POST' to 'http://localhost:18675/session/8aca2c41e14239cc72cdf799ce67dc1c/element/8d436158-7e98-4aca-a46f-2880e787c680/value'
[DEBUG] Using open Channel [id: 0x9087fad2, L:/127.0.0.1:59765 - R:localhost/127.0.0.1:18675] for POST '/session/8aca2c41e14239cc72cdf799ce67dc1c/element/8d436158-7e98-4aca-a46f-2880e787c680/value'
[DEBUG] 

Request DefaultHttpRequest(decodeResult: success, version: HTTP/1.1)
POST /session/8aca2c41e14239cc72cdf799ce67dc1c/element/8d436158-7e98-4aca-a46f-2880e787c680/value HTTP/1.1
User-Agent: selenium/4.8.1 (java windows)
Content-Length: 131
Content-Type: application/json; charset=utf-8
host: localhost:18675
accept: */*

Response DefaultHttpResponse(decodeResult: success, version: HTTP/1.1)
HTTP/1.1 200 OK
Content-Length: 14
Content-Type: application/json; charset=utf-8
cache-control: no-cache

[DEBUG] Adding key: http://localhost:18675 for channel [id: 0x9087fad2, L:/127.0.0.1:59765 - R:localhost/127.0.0.1:18675]
  And User enters Email as "admin@yourstore.com" and Password as "admin" # StepDefination.StepDef.user_enters_email_as_and_password_as(java.lang.String,java.lang.String)
[DEBUG] Using pooled Channel '[id: 0x9087fad2, L:/127.0.0.1:59765 - R:localhost/127.0.0.1:18675]' for 'POST' to 'http://localhost:18675/session/8aca2c41e14239cc72cdf799ce67dc1c/element'
[DEBUG] Using open Channel [id: 0x9087fad2, L:/127.0.0.1:59765 - R:localhost/127.0.0.1:18675] for POST '/session/8aca2c41e14239cc72cdf799ce67dc1c/element'
[DEBUG] 

Request DefaultHttpRequest(decodeResult: success, version: HTTP/1.1)
POST /session/8aca2c41e14239cc72cdf799ce67dc1c/element HTTP/1.1
User-Agent: selenium/4.8.1 (java windows)
Content-Length: 71
Content-Type: application/json; charset=utf-8
host: localhost:18675
accept: */*

Response DefaultHttpResponse(decodeResult: success, version: HTTP/1.1)
HTTP/1.1 200 OK
Content-Length: 88
Content-Type: application/json; charset=utf-8
cache-control: no-cache

[DEBUG] Adding key: http://localhost:18675 for channel [id: 0x9087fad2, L:/127.0.0.1:59765 - R:localhost/127.0.0.1:18675]
[DEBUG] Using pooled Channel '[id: 0x9087fad2, L:/127.0.0.1:59765 - R:localhost/127.0.0.1:18675]' for 'POST' to 'http://localhost:18675/session/8aca2c41e14239cc72cdf799ce67dc1c/element/1000dd27-bbfa-4929-be21-3c989a65b37c/click'
[DEBUG] Using open Channel [id: 0x9087fad2, L:/127.0.0.1:59765 - R:localhost/127.0.0.1:18675] for POST '/session/8aca2c41e14239cc72cdf799ce67dc1c/element/1000dd27-bbfa-4929-be21-3c989a65b37c/click'
[DEBUG] Entry count for : http://localhost:48981 : 1
[DEBUG] Entry count for : http://localhost:47300 : 1
[DEBUG] Entry count for : http://localhost:59766 : 1
[DEBUG] Entry count for : http://localhost:16377 : 1
[DEBUG] 

Request DefaultHttpRequest(decodeResult: success, version: HTTP/1.1)
POST /session/8aca2c41e14239cc72cdf799ce67dc1c/element/1000dd27-bbfa-4929-be21-3c989a65b37c/click HTTP/1.1
User-Agent: selenium/4.8.1 (java windows)
Content-Length: 50
Content-Type: application/json; charset=utf-8
host: localhost:18675
accept: */*

Response DefaultHttpResponse(decodeResult: success, version: HTTP/1.1)
HTTP/1.1 200 OK
Content-Length: 14
Content-Type: application/json; charset=utf-8
cache-control: no-cache

[DEBUG] Adding key: http://localhost:18675 for channel [id: 0x9087fad2, L:/127.0.0.1:59765 - R:localhost/127.0.0.1:18675]
  And Click on Login                                                     # StepDefination.StepDef.click_on_login()
[DEBUG] Using pooled Channel '[id: 0x9087fad2, L:/127.0.0.1:59765 - R:localhost/127.0.0.1:18675]' for 'GET' to 'http://localhost:18675/session/8aca2c41e14239cc72cdf799ce67dc1c/title'
[DEBUG] Using open Channel [id: 0x9087fad2, L:/127.0.0.1:59765 - R:localhost/127.0.0.1:18675] for GET '/session/8aca2c41e14239cc72cdf799ce67dc1c/title'
[DEBUG] 

Request DefaultFullHttpRequest(decodeResult: success, version: HTTP/1.1, content: EmptyByteBufBE)
GET /session/8aca2c41e14239cc72cdf799ce67dc1c/title HTTP/1.1
User-Agent: selenium/4.8.1 (java windows)
Cache-Control: no-cache
Content-Type: application/json; charset=utf-8
host: localhost:18675
accept: */*

Response DefaultHttpResponse(decodeResult: success, version: HTTP/1.1)
HTTP/1.1 200 OK
Content-Length: 50
Content-Type: application/json; charset=utf-8
cache-control: no-cache

[DEBUG] Adding key: http://localhost:18675 for channel [id: 0x9087fad2, L:/127.0.0.1:59765 - R:localhost/127.0.0.1:18675]
  Then Page Title should be "Dashboard / nopCommerce administration"     # StepDefination.StepDef.page_title_should_be(java.lang.String)
[DEBUG] Entry count for : http://localhost:48981 : 1
[DEBUG] Entry count for : http://localhost:47300 : 1
[DEBUG] Entry count for : http://localhost:59766 : 1
[DEBUG] Entry count for : http://localhost:16377 : 1
[DEBUG] Entry count for : http://localhost:18675 : 1
[DEBUG] Entry count for : http://localhost:48981 : 1
[DEBUG] Entry count for : http://localhost:47300 : 1
[DEBUG] Entry count for : http://localhost:59766 : 1
[DEBUG] Entry count for : http://localhost:16377 : 1
[DEBUG] Entry count for : http://localhost:18675 : 1
[DEBUG] Using pooled Channel '[id: 0x9087fad2, L:/127.0.0.1:59765 - R:localhost/127.0.0.1:18675]' for 'POST' to 'http://localhost:18675/session/8aca2c41e14239cc72cdf799ce67dc1c/element'
[DEBUG] Using open Channel [id: 0x9087fad2, L:/127.0.0.1:59765 - R:localhost/127.0.0.1:18675] for POST '/session/8aca2c41e14239cc72cdf799ce67dc1c/element'
[DEBUG] 

Request DefaultHttpRequest(decodeResult: success, version: HTTP/1.1)
POST /session/8aca2c41e14239cc72cdf799ce67dc1c/element HTTP/1.1
User-Agent: selenium/4.8.1 (java windows)
Content-Length: 78
Content-Type: application/json; charset=utf-8
host: localhost:18675
accept: */*

Response DefaultHttpResponse(decodeResult: success, version: HTTP/1.1)
HTTP/1.1 200 OK
Content-Length: 88
Content-Type: application/json; charset=utf-8
cache-control: no-cache

[DEBUG] Adding key: http://localhost:18675 for channel [id: 0x9087fad2, L:/127.0.0.1:59765 - R:localhost/127.0.0.1:18675]
[DEBUG] Using pooled Channel '[id: 0x9087fad2, L:/127.0.0.1:59765 - R:localhost/127.0.0.1:18675]' for 'POST' to 'http://localhost:18675/session/8aca2c41e14239cc72cdf799ce67dc1c/element/5fbf9130-726a-4aae-8734-b0a8adb7a5e5/click'
[DEBUG] Using open Channel [id: 0x9087fad2, L:/127.0.0.1:59765 - R:localhost/127.0.0.1:18675] for POST '/session/8aca2c41e14239cc72cdf799ce67dc1c/element/5fbf9130-726a-4aae-8734-b0a8adb7a5e5/click'
[DEBUG] Entry count for : http://localhost:48981 : 1
[DEBUG] Entry count for : http://localhost:47300 : 1
[DEBUG] Entry count for : http://localhost:59766 : 1
[DEBUG] Entry count for : http://localhost:16377 : 1
[DEBUG] 

Request DefaultHttpRequest(decodeResult: success, version: HTTP/1.1)
POST /session/8aca2c41e14239cc72cdf799ce67dc1c/element/5fbf9130-726a-4aae-8734-b0a8adb7a5e5/click HTTP/1.1
User-Agent: selenium/4.8.1 (java windows)
Content-Length: 50
Content-Type: application/json; charset=utf-8
host: localhost:18675
accept: */*

Response DefaultHttpResponse(decodeResult: success, version: HTTP/1.1)
HTTP/1.1 200 OK
Content-Length: 14
Content-Type: application/json; charset=utf-8
cache-control: no-cache

[DEBUG] Adding key: http://localhost:18675 for channel [id: 0x9087fad2, L:/127.0.0.1:59765 - R:localhost/127.0.0.1:18675]
  When User click on Log out link                                        # StepDefination.StepDef.user_click_on_log_out_link()
[DEBUG] Using pooled Channel '[id: 0x9087fad2, L:/127.0.0.1:59765 - R:localhost/127.0.0.1:18675]' for 'GET' to 'http://localhost:18675/session/8aca2c41e14239cc72cdf799ce67dc1c/title'
[DEBUG] Using open Channel [id: 0x9087fad2, L:/127.0.0.1:59765 - R:localhost/127.0.0.1:18675] for GET '/session/8aca2c41e14239cc72cdf799ce67dc1c/title'
[DEBUG] 

Request DefaultFullHttpRequest(decodeResult: success, version: HTTP/1.1, content: EmptyByteBufBE)
GET /session/8aca2c41e14239cc72cdf799ce67dc1c/title HTTP/1.1
User-Agent: selenium/4.8.1 (java windows)
Cache-Control: no-cache
Content-Type: application/json; charset=utf-8
host: localhost:18675
accept: */*

Response DefaultHttpResponse(decodeResult: success, version: HTTP/1.1)
HTTP/1.1 200 OK
Content-Length: 29
Content-Type: application/json; charset=utf-8
cache-control: no-cache

[DEBUG] Adding key: http://localhost:18675 for channel [id: 0x9087fad2, L:/127.0.0.1:59765 - R:localhost/127.0.0.1:18675]
  Then Page Title should be "Your store. Login"                          # StepDefination.StepDef.page_title_should_be(java.lang.String)
  And close browser                                                      # StepDefination.StepDef.close_browser()
[DEBUG] Using pooled Channel '[id: 0x9087fad2, L:/127.0.0.1:59765 - R:localhost/127.0.0.1:18675]' for 'DELETE' to 'http://localhost:18675/session/8aca2c41e14239cc72cdf799ce67dc1c/window'
[DEBUG] Using open Channel [id: 0x9087fad2, L:/127.0.0.1:59765 - R:localhost/127.0.0.1:18675] for DELETE '/session/8aca2c41e14239cc72cdf799ce67dc1c/window'
[DEBUG] Channel Closed: [id: 0xb53f9538, L:/127.0.0.1:59772 ! R:localhost/127.0.0.1:59766] with attribute DISCARD
[DEBUG] Channel Closed: [id: 0x2985e1c0, L:/127.0.0.1:59773 ! R:localhost/127.0.0.1:59766] with attribute NettyResponseFuture{currentRetry=0,
	isDone=1,
	isCancelled=0,
	asyncHandler=org.asynchttpclient.ws.WebSocketUpgradeHandler@a24efa4,
	nettyRequest=org.asynchttpclient.netty.request.NettyRequest@4f267084,
	future=java.util.concurrent.CompletableFuture@2b38b790[Completed normally],
	uri=ws://localhost:59766/devtools/browser/ea18fc99-db76-41b0-8f87-193f0af7f55d,
	keepAlive=true,
	redirectCount=0,
	timeoutsHolder=null,
	inAuth=0,
	touch=1682718070108}
[DEBUG] Closing Channel [id: 0x2985e1c0, L:/127.0.0.1:59773 ! R:localhost/127.0.0.1:59766] 
[DEBUG] 

Request DefaultFullHttpRequest(decodeResult: success, version: HTTP/1.1, content: EmptyByteBufBE)
DELETE /session/8aca2c41e14239cc72cdf799ce67dc1c/window HTTP/1.1
User-Agent: selenium/4.8.1 (java windows)
Content-Type: application/json; charset=utf-8
host: localhost:18675
accept: */*

Response DefaultHttpResponse(decodeResult: success, version: HTTP/1.1)
HTTP/1.1 200 OK
Content-Length: 12
Content-Type: application/json; charset=utf-8
cache-control: no-cache

[DEBUG] Adding key: http://localhost:18675 for channel [id: 0x9087fad2, L:/127.0.0.1:59765 - R:localhost/127.0.0.1:18675]
]]></system-out>
    <system-err><![CDATA[Starting ChromeDriver 112.0.5615.49 (bd2a7bcb881c11e8cfe3078709382934e3916914-refs/branch-heads/5615@{#936}) on port 18675
Only local connections are allowed.
Please see https://chromedriver.chromium.org/security-considerations for suggestions on keeping ChromeDriver safe.
ChromeDriver was started successfully.
Apr. 28, 2023 5:41:10 P.M. org.openqa.selenium.devtools.CdpVersionFinder findNearestMatch
WARNING: Unable to find an exact match for CDP version 112, so returning the closest version found: 110
]]></system-err>
  </testcase>
  <testcase name="Sucessful Login With valid Credentials DDT #2" classname="Login" time="3.22">
    <failure type="junit.framework.AssertionFailedError"><![CDATA[junit.framework.AssertionFailedError
	at junit.framework.Assert.fail(Assert.java:55)
	at junit.framework.Assert.assertTrue(Assert.java:22)
	at junit.framework.Assert.assertTrue(Assert.java:31)
	at StepDefination.StepDef.page_title_should_be(StepDef.java:113)
	at ✽.Page Title should be "Dashboard / nopCommerce administration"(file:///C:/Users/kumar/eclipse-workspace/CucumberFramwork/./Features/LoginFeature.feature:23)
]]></failure>
    <system-out><![CDATA[
@sanity
Scenario Outline: Sucessful Login With valid Credentials DDT         # Features/LoginFeature.feature:31
[DEBUG] Resolution chrome=112 in cache (valid until 18:14:52 28/04/2023 EDT)
[DEBUG] Resolution chrome112=112.0.5615.49 in cache (valid until 18:41:48 28/04/2023 EDT)
[INFO] Using chromedriver 112.0.5615.49 (resolved driver for Chrome 112)
[DEBUG] Driver chromedriver 112.0.5615.49 found in cache
[INFO] Exporting webdriver.chrome.driver as C:\Users\kumar\.cache\selenium\chromedriver\win32\112.0.5615.49\chromedriver.exe
[DEBUG] Using new Channel '[id: 0x8cbb6401, L:/127.0.0.1:59783 - R:localhost/127.0.0.1:34008]' for 'POST' to '/session'
[DEBUG] 

Request DefaultHttpRequest(decodeResult: success, version: HTTP/1.1)
POST /session HTTP/1.1
User-Agent: selenium/4.8.1 (java windows)
Content-Length: 439
Content-Type: application/json; charset=utf-8
host: localhost:34008
accept: */*

Response DefaultHttpResponse(decodeResult: success, version: HTTP/1.1)
HTTP/1.1 200 OK
Content-Length: 858
Content-Type: application/json; charset=utf-8
cache-control: no-cache

[DEBUG] Adding key: http://localhost:34008 for channel [id: 0x8cbb6401, L:/127.0.0.1:59783 - R:localhost/127.0.0.1:34008]
[DEBUG] Entry count for : http://localhost:48981 : 1
[DEBUG] Entry count for : http://localhost:47300 : 1
[DEBUG] Entry count for : http://localhost:34008 : 1
[DEBUG] Entry count for : http://localhost:59766 : 1
[DEBUG] Entry count for : http://localhost:16377 : 1
[DEBUG] Entry count for : http://localhost:18675 : 1
[DEBUG] Adding Candidate expired Channel [id: 0xb53f9538, L:/127.0.0.1:59772 ! R:localhost/127.0.0.1:59766] isIdleTimeoutExpired=false isRemotelyClosed=true isTtlExpired=false
[DEBUG] Closing Idle Channel [id: 0xb53f9538, L:/127.0.0.1:59772 ! R:localhost/127.0.0.1:59766]
[DEBUG] Closed 1 connections out of 6 in 0 ms
[DEBUG] Using new Channel '[id: 0xfceee790, L:/127.0.0.1:59790 - R:localhost/127.0.0.1:59784]' for 'GET' to '/json/version'
[DEBUG] 

Request DefaultFullHttpRequest(decodeResult: success, version: HTTP/1.1, content: EmptyByteBufBE)
GET /json/version HTTP/1.1
User-Agent: selenium/4.8.1 (java windows)
host: localhost:59784
accept: */*

Response DefaultHttpResponse(decodeResult: success, version: HTTP/1.1)
HTTP/1.1 200 OK
Content-Security-Policy: frame-ancestors 'none'
Content-Length: 424
Content-Type: application/json; charset=UTF-8

[DEBUG] Adding key: http://localhost:59784 for channel [id: 0xfceee790, L:/127.0.0.1:59790 - R:localhost/127.0.0.1:59784]
[DEBUG] Using new Channel '[id: 0x568c3f1e, L:/127.0.0.1:59791 - R:localhost/127.0.0.1:59784]' for 'GET' to '/devtools/browser/d0b0ddc7-23d4-42f2-a318-b21d6bc8c54f'
[DEBUG] 

Request DefaultFullHttpRequest(decodeResult: success, version: HTTP/1.1, content: EmptyByteBufBE)
GET /devtools/browser/d0b0ddc7-23d4-42f2-a318-b21d6bc8c54f HTTP/1.1
upgrade: websocket
connection: upgrade
sec-websocket-key: zKnH984K2KT9dWquX0Jw/w==
sec-websocket-version: 13
origin: http://localhost:59784
host: localhost:59784
accept: */*
user-agent: AHC/2.1

Response DefaultHttpResponse(decodeResult: success, version: HTTP/1.1)
HTTP/1.1 101 WebSocket Protocol Handshake
Upgrade: WebSocket
Connection: Upgrade
Sec-WebSocket-Accept: gJC2Q6GuIh41PGviQjEhiEBF14w=

  Given User Launch Chrome browser                                   # StepDefination.StepDef.user_launch_chrome_browser()
[DEBUG] Using pooled Channel '[id: 0x8cbb6401, L:/127.0.0.1:59783 - R:localhost/127.0.0.1:34008]' for 'POST' to 'http://localhost:34008/session/1f97b8003f9a4f94a87254525a054a82/url'
[DEBUG] Using open Channel [id: 0x8cbb6401, L:/127.0.0.1:59783 - R:localhost/127.0.0.1:34008] for POST '/session/1f97b8003f9a4f94a87254525a054a82/url'
[DEBUG] Entry count for : http://localhost:48981 : 1
[DEBUG] Entry count for : http://localhost:47300 : 1
[DEBUG] Entry count for : http://localhost:59784 : 1
[DEBUG] Entry count for : http://localhost:16377 : 1
[DEBUG] Entry count for : http://localhost:18675 : 1
[DEBUG] 

Request DefaultHttpRequest(decodeResult: success, version: HTTP/1.1)
POST /session/1f97b8003f9a4f94a87254525a054a82/url HTTP/1.1
User-Agent: selenium/4.8.1 (java windows)
Content-Length: 69
Content-Type: application/json; charset=utf-8
host: localhost:34008
accept: */*

Response DefaultHttpResponse(decodeResult: success, version: HTTP/1.1)
HTTP/1.1 200 OK
Content-Length: 14
Content-Type: application/json; charset=utf-8
cache-control: no-cache

[DEBUG] Adding key: http://localhost:34008 for channel [id: 0x8cbb6401, L:/127.0.0.1:59783 - R:localhost/127.0.0.1:34008]
  When User opens URL "http://admin-demo.nopcommerce.com/login"      # StepDefination.StepDef.user_opens_url(java.lang.String)
[DEBUG] Using pooled Channel '[id: 0x8cbb6401, L:/127.0.0.1:59783 - R:localhost/127.0.0.1:34008]' for 'POST' to 'http://localhost:34008/session/1f97b8003f9a4f94a87254525a054a82/element'
[DEBUG] Using open Channel [id: 0x8cbb6401, L:/127.0.0.1:59783 - R:localhost/127.0.0.1:34008] for POST '/session/1f97b8003f9a4f94a87254525a054a82/element'
[DEBUG] 

Request DefaultHttpRequest(decodeResult: success, version: HTTP/1.1)
POST /session/1f97b8003f9a4f94a87254525a054a82/element HTTP/1.1
User-Agent: selenium/4.8.1 (java windows)
Content-Length: 50
Content-Type: application/json; charset=utf-8
host: localhost:34008
accept: */*

Response DefaultHttpResponse(decodeResult: success, version: HTTP/1.1)
HTTP/1.1 200 OK
Content-Length: 88
Content-Type: application/json; charset=utf-8
cache-control: no-cache

[DEBUG] Adding key: http://localhost:34008 for channel [id: 0x8cbb6401, L:/127.0.0.1:59783 - R:localhost/127.0.0.1:34008]
[DEBUG] Using pooled Channel '[id: 0x8cbb6401, L:/127.0.0.1:59783 - R:localhost/127.0.0.1:34008]' for 'POST' to 'http://localhost:34008/session/1f97b8003f9a4f94a87254525a054a82/element/07f0e931-7412-450a-9b99-dc473105c654/clear'
[DEBUG] Using open Channel [id: 0x8cbb6401, L:/127.0.0.1:59783 - R:localhost/127.0.0.1:34008] for POST '/session/1f97b8003f9a4f94a87254525a054a82/element/07f0e931-7412-450a-9b99-dc473105c654/clear'
[DEBUG] 

Request DefaultHttpRequest(decodeResult: success, version: HTTP/1.1)
POST /session/1f97b8003f9a4f94a87254525a054a82/element/07f0e931-7412-450a-9b99-dc473105c654/clear HTTP/1.1
User-Agent: selenium/4.8.1 (java windows)
Content-Length: 50
Content-Type: application/json; charset=utf-8
host: localhost:34008
accept: */*

Response DefaultHttpResponse(decodeResult: success, version: HTTP/1.1)
HTTP/1.1 200 OK
Content-Length: 14
Content-Type: application/json; charset=utf-8
cache-control: no-cache

[DEBUG] Adding key: http://localhost:34008 for channel [id: 0x8cbb6401, L:/127.0.0.1:59783 - R:localhost/127.0.0.1:34008]
[DEBUG] Using pooled Channel '[id: 0x8cbb6401, L:/127.0.0.1:59783 - R:localhost/127.0.0.1:34008]' for 'POST' to 'http://localhost:34008/session/1f97b8003f9a4f94a87254525a054a82/element'
[DEBUG] Using open Channel [id: 0x8cbb6401, L:/127.0.0.1:59783 - R:localhost/127.0.0.1:34008] for POST '/session/1f97b8003f9a4f94a87254525a054a82/element'
[DEBUG] 

Request DefaultHttpRequest(decodeResult: success, version: HTTP/1.1)
POST /session/1f97b8003f9a4f94a87254525a054a82/element HTTP/1.1
User-Agent: selenium/4.8.1 (java windows)
Content-Length: 50
Content-Type: application/json; charset=utf-8
host: localhost:34008
accept: */*

Response DefaultHttpResponse(decodeResult: success, version: HTTP/1.1)
HTTP/1.1 200 OK
Content-Length: 88
Content-Type: application/json; charset=utf-8
cache-control: no-cache

[DEBUG] Adding key: http://localhost:34008 for channel [id: 0x8cbb6401, L:/127.0.0.1:59783 - R:localhost/127.0.0.1:34008]
[DEBUG] Using pooled Channel '[id: 0x8cbb6401, L:/127.0.0.1:59783 - R:localhost/127.0.0.1:34008]' for 'POST' to 'http://localhost:34008/session/1f97b8003f9a4f94a87254525a054a82/element/07f0e931-7412-450a-9b99-dc473105c654/value'
[DEBUG] Using open Channel [id: 0x8cbb6401, L:/127.0.0.1:59783 - R:localhost/127.0.0.1:34008] for POST '/session/1f97b8003f9a4f94a87254525a054a82/element/07f0e931-7412-450a-9b99-dc473105c654/value'
[DEBUG] 

Request DefaultHttpRequest(decodeResult: success, version: HTTP/1.1)
POST /session/1f97b8003f9a4f94a87254525a054a82/element/07f0e931-7412-450a-9b99-dc473105c654/value HTTP/1.1
User-Agent: selenium/4.8.1 (java windows)
Content-Length: 231
Content-Type: application/json; charset=utf-8
host: localhost:34008
accept: */*

Response DefaultHttpResponse(decodeResult: success, version: HTTP/1.1)
HTTP/1.1 200 OK
Content-Length: 14
Content-Type: application/json; charset=utf-8
cache-control: no-cache

[DEBUG] Adding key: http://localhost:34008 for channel [id: 0x8cbb6401, L:/127.0.0.1:59783 - R:localhost/127.0.0.1:34008]
[DEBUG] Using pooled Channel '[id: 0x8cbb6401, L:/127.0.0.1:59783 - R:localhost/127.0.0.1:34008]' for 'POST' to 'http://localhost:34008/session/1f97b8003f9a4f94a87254525a054a82/element'
[DEBUG] Using open Channel [id: 0x8cbb6401, L:/127.0.0.1:59783 - R:localhost/127.0.0.1:34008] for POST '/session/1f97b8003f9a4f94a87254525a054a82/element'
[DEBUG] 

Request DefaultHttpRequest(decodeResult: success, version: HTTP/1.1)
POST /session/1f97b8003f9a4f94a87254525a054a82/element HTTP/1.1
User-Agent: selenium/4.8.1 (java windows)
Content-Length: 53
Content-Type: application/json; charset=utf-8
host: localhost:34008
accept: */*

Response DefaultHttpResponse(decodeResult: success, version: HTTP/1.1)
HTTP/1.1 200 OK
Content-Length: 88
Content-Type: application/json; charset=utf-8
cache-control: no-cache

[DEBUG] Adding key: http://localhost:34008 for channel [id: 0x8cbb6401, L:/127.0.0.1:59783 - R:localhost/127.0.0.1:34008]
[DEBUG] Using pooled Channel '[id: 0x8cbb6401, L:/127.0.0.1:59783 - R:localhost/127.0.0.1:34008]' for 'POST' to 'http://localhost:34008/session/1f97b8003f9a4f94a87254525a054a82/element/bf9d23c1-1652-4d88-80dc-b04e87e0f151/clear'
[DEBUG] Using open Channel [id: 0x8cbb6401, L:/127.0.0.1:59783 - R:localhost/127.0.0.1:34008] for POST '/session/1f97b8003f9a4f94a87254525a054a82/element/bf9d23c1-1652-4d88-80dc-b04e87e0f151/clear'
[DEBUG] 

Request DefaultHttpRequest(decodeResult: success, version: HTTP/1.1)
POST /session/1f97b8003f9a4f94a87254525a054a82/element/bf9d23c1-1652-4d88-80dc-b04e87e0f151/clear HTTP/1.1
User-Agent: selenium/4.8.1 (java windows)
Content-Length: 50
Content-Type: application/json; charset=utf-8
host: localhost:34008
accept: */*

Response DefaultHttpResponse(decodeResult: success, version: HTTP/1.1)
HTTP/1.1 200 OK
Content-Length: 14
Content-Type: application/json; charset=utf-8
cache-control: no-cache

[DEBUG] Adding key: http://localhost:34008 for channel [id: 0x8cbb6401, L:/127.0.0.1:59783 - R:localhost/127.0.0.1:34008]
[DEBUG] Using pooled Channel '[id: 0x8cbb6401, L:/127.0.0.1:59783 - R:localhost/127.0.0.1:34008]' for 'POST' to 'http://localhost:34008/session/1f97b8003f9a4f94a87254525a054a82/element'
[DEBUG] Using open Channel [id: 0x8cbb6401, L:/127.0.0.1:59783 - R:localhost/127.0.0.1:34008] for POST '/session/1f97b8003f9a4f94a87254525a054a82/element'
[DEBUG] 

Request DefaultHttpRequest(decodeResult: success, version: HTTP/1.1)
POST /session/1f97b8003f9a4f94a87254525a054a82/element HTTP/1.1
User-Agent: selenium/4.8.1 (java windows)
Content-Length: 53
Content-Type: application/json; charset=utf-8
host: localhost:34008
accept: */*

Response DefaultHttpResponse(decodeResult: success, version: HTTP/1.1)
HTTP/1.1 200 OK
Content-Length: 88
Content-Type: application/json; charset=utf-8
cache-control: no-cache

[DEBUG] Adding key: http://localhost:34008 for channel [id: 0x8cbb6401, L:/127.0.0.1:59783 - R:localhost/127.0.0.1:34008]
[DEBUG] Using pooled Channel '[id: 0x8cbb6401, L:/127.0.0.1:59783 - R:localhost/127.0.0.1:34008]' for 'POST' to 'http://localhost:34008/session/1f97b8003f9a4f94a87254525a054a82/element/bf9d23c1-1652-4d88-80dc-b04e87e0f151/value'
[DEBUG] Using open Channel [id: 0x8cbb6401, L:/127.0.0.1:59783 - R:localhost/127.0.0.1:34008] for POST '/session/1f97b8003f9a4f94a87254525a054a82/element/bf9d23c1-1652-4d88-80dc-b04e87e0f151/value'
[DEBUG] 

Request DefaultHttpRequest(decodeResult: success, version: HTTP/1.1)
POST /session/1f97b8003f9a4f94a87254525a054a82/element/bf9d23c1-1652-4d88-80dc-b04e87e0f151/value HTTP/1.1
User-Agent: selenium/4.8.1 (java windows)
Content-Length: 131
Content-Type: application/json; charset=utf-8
host: localhost:34008
accept: */*

Response DefaultHttpResponse(decodeResult: success, version: HTTP/1.1)
HTTP/1.1 200 OK
Content-Length: 14
Content-Type: application/json; charset=utf-8
cache-control: no-cache

[DEBUG] Adding key: http://localhost:34008 for channel [id: 0x8cbb6401, L:/127.0.0.1:59783 - R:localhost/127.0.0.1:34008]
  And User enters Email as "ksPB6@gmail.com" and Password as "test1" # StepDefination.StepDef.user_enters_email_as_and_password_as(java.lang.String,java.lang.String)
[DEBUG] Using pooled Channel '[id: 0x8cbb6401, L:/127.0.0.1:59783 - R:localhost/127.0.0.1:34008]' for 'POST' to 'http://localhost:34008/session/1f97b8003f9a4f94a87254525a054a82/element'
[DEBUG] Using open Channel [id: 0x8cbb6401, L:/127.0.0.1:59783 - R:localhost/127.0.0.1:34008] for POST '/session/1f97b8003f9a4f94a87254525a054a82/element'
[DEBUG] 

Request DefaultHttpRequest(decodeResult: success, version: HTTP/1.1)
POST /session/1f97b8003f9a4f94a87254525a054a82/element HTTP/1.1
User-Agent: selenium/4.8.1 (java windows)
Content-Length: 71
Content-Type: application/json; charset=utf-8
host: localhost:34008
accept: */*

Response DefaultHttpResponse(decodeResult: success, version: HTTP/1.1)
HTTP/1.1 200 OK
Content-Length: 88
Content-Type: application/json; charset=utf-8
cache-control: no-cache

[DEBUG] Adding key: http://localhost:34008 for channel [id: 0x8cbb6401, L:/127.0.0.1:59783 - R:localhost/127.0.0.1:34008]
[DEBUG] Using pooled Channel '[id: 0x8cbb6401, L:/127.0.0.1:59783 - R:localhost/127.0.0.1:34008]' for 'POST' to 'http://localhost:34008/session/1f97b8003f9a4f94a87254525a054a82/element/e12c5242-d036-4e12-8e0c-98ca67ae25b6/click'
[DEBUG] Using open Channel [id: 0x8cbb6401, L:/127.0.0.1:59783 - R:localhost/127.0.0.1:34008] for POST '/session/1f97b8003f9a4f94a87254525a054a82/element/e12c5242-d036-4e12-8e0c-98ca67ae25b6/click'
[DEBUG] Entry count for : http://localhost:48981 : 1
[DEBUG] Entry count for : http://localhost:47300 : 1
[DEBUG] Entry count for : http://localhost:59784 : 1
[DEBUG] Entry count for : http://localhost:16377 : 1
[DEBUG] Entry count for : http://localhost:18675 : 1
[DEBUG] 

Request DefaultHttpRequest(decodeResult: success, version: HTTP/1.1)
POST /session/1f97b8003f9a4f94a87254525a054a82/element/e12c5242-d036-4e12-8e0c-98ca67ae25b6/click HTTP/1.1
User-Agent: selenium/4.8.1 (java windows)
Content-Length: 50
Content-Type: application/json; charset=utf-8
host: localhost:34008
accept: */*

Response DefaultHttpResponse(decodeResult: success, version: HTTP/1.1)
HTTP/1.1 200 OK
Content-Length: 14
Content-Type: application/json; charset=utf-8
cache-control: no-cache

[DEBUG] Adding key: http://localhost:34008 for channel [id: 0x8cbb6401, L:/127.0.0.1:59783 - R:localhost/127.0.0.1:34008]
  And Click on Login                                                 # StepDefination.StepDef.click_on_login()
[DEBUG] Using pooled Channel '[id: 0x8cbb6401, L:/127.0.0.1:59783 - R:localhost/127.0.0.1:34008]' for 'GET' to 'http://localhost:34008/session/1f97b8003f9a4f94a87254525a054a82/title'
[DEBUG] Using open Channel [id: 0x8cbb6401, L:/127.0.0.1:59783 - R:localhost/127.0.0.1:34008] for GET '/session/1f97b8003f9a4f94a87254525a054a82/title'
[DEBUG] 

Request DefaultFullHttpRequest(decodeResult: success, version: HTTP/1.1, content: EmptyByteBufBE)
GET /session/1f97b8003f9a4f94a87254525a054a82/title HTTP/1.1
User-Agent: selenium/4.8.1 (java windows)
Cache-Control: no-cache
Content-Type: application/json; charset=utf-8
host: localhost:34008
accept: */*

Response DefaultHttpResponse(decodeResult: success, version: HTTP/1.1)
HTTP/1.1 200 OK
Content-Length: 29
Content-Type: application/json; charset=utf-8
cache-control: no-cache

[DEBUG] Adding key: http://localhost:34008 for channel [id: 0x8cbb6401, L:/127.0.0.1:59783 - R:localhost/127.0.0.1:34008]
  Then Page Title should be "Dashboard / nopCommerce administration" # StepDefination.StepDef.page_title_should_be(java.lang.String)
      junit.framework.AssertionFailedError
	at junit.framework.Assert.fail(Assert.java:55)
	at junit.framework.Assert.assertTrue(Assert.java:22)
	at junit.framework.Assert.assertTrue(Assert.java:31)
	at StepDefination.StepDef.page_title_should_be(StepDef.java:113)
	at âœ½.Page Title should be "Dashboard / nopCommerce administration"(file:///C:/Users/kumar/eclipse-workspace/CucumberFramwork/./Features/LoginFeature.feature:23)

  When User click on Log out link                                    # StepDefination.StepDef.user_click_on_log_out_link()
  Then Page Title should be "Your store. Login"                      # StepDefination.StepDef.page_title_should_be(java.lang.String)
  And close browser                                                  # StepDefination.StepDef.close_browser()
[DEBUG] Using pooled Channel '[id: 0x8cbb6401, L:/127.0.0.1:59783 - R:localhost/127.0.0.1:34008]' for 'GET' to 'http://localhost:34008/session/1f97b8003f9a4f94a87254525a054a82/screenshot'
[DEBUG] Using open Channel [id: 0x8cbb6401, L:/127.0.0.1:59783 - R:localhost/127.0.0.1:34008] for GET '/session/1f97b8003f9a4f94a87254525a054a82/screenshot'
[DEBUG] 

Request DefaultFullHttpRequest(decodeResult: success, version: HTTP/1.1, content: EmptyByteBufBE)
GET /session/1f97b8003f9a4f94a87254525a054a82/screenshot HTTP/1.1
User-Agent: selenium/4.8.1 (java windows)
Cache-Control: no-cache
Content-Type: application/json; charset=utf-8
host: localhost:34008
accept: */*

Response DefaultHttpResponse(decodeResult: success, version: HTTP/1.1)
HTTP/1.1 200 OK
Content-Length: 67584
Content-Type: application/json; charset=utf-8
cache-control: no-cache

[DEBUG] Adding key: http://localhost:34008 for channel [id: 0x8cbb6401, L:/127.0.0.1:59783 - R:localhost/127.0.0.1:34008]
[DEBUG] Using pooled Channel '[id: 0x8cbb6401, L:/127.0.0.1:59783 - R:localhost/127.0.0.1:34008]' for 'DELETE' to 'http://localhost:34008/session/1f97b8003f9a4f94a87254525a054a82/window'
[DEBUG] Using open Channel [id: 0x8cbb6401, L:/127.0.0.1:59783 - R:localhost/127.0.0.1:34008] for DELETE '/session/1f97b8003f9a4f94a87254525a054a82/window'
[DEBUG] Channel Closed: [id: 0xfceee790, L:/127.0.0.1:59790 ! R:localhost/127.0.0.1:59784] with attribute DISCARD
[DEBUG] Channel Closed: [id: 0x568c3f1e, L:/127.0.0.1:59791 ! R:localhost/127.0.0.1:59784] with attribute NettyResponseFuture{currentRetry=0,
	isDone=1,
	isCancelled=0,
	asyncHandler=org.asynchttpclient.ws.WebSocketUpgradeHandler@49944d9,
	nettyRequest=org.asynchttpclient.netty.request.NettyRequest@419bca2e,
	future=java.util.concurrent.CompletableFuture@4600b9d3[Completed normally],
	uri=ws://localhost:59784/devtools/browser/d0b0ddc7-23d4-42f2-a318-b21d6bc8c54f,
	keepAlive=true,
	redirectCount=0,
	timeoutsHolder=null,
	inAuth=0,
	touch=1682718076345}
[DEBUG] Closing Channel [id: 0x568c3f1e, L:/127.0.0.1:59791 ! R:localhost/127.0.0.1:59784] 
[DEBUG] 

Request DefaultFullHttpRequest(decodeResult: success, version: HTTP/1.1, content: EmptyByteBufBE)
DELETE /session/1f97b8003f9a4f94a87254525a054a82/window HTTP/1.1
User-Agent: selenium/4.8.1 (java windows)
Content-Type: application/json; charset=utf-8
host: localhost:34008
accept: */*

Response DefaultHttpResponse(decodeResult: success, version: HTTP/1.1)
HTTP/1.1 200 OK
Content-Length: 12
Content-Type: application/json; charset=utf-8
cache-control: no-cache

[DEBUG] Adding key: http://localhost:34008 for channel [id: 0x8cbb6401, L:/127.0.0.1:59783 - R:localhost/127.0.0.1:34008]
]]></system-out>
    <system-err><![CDATA[Starting ChromeDriver 112.0.5615.49 (bd2a7bcb881c11e8cfe3078709382934e3916914-refs/branch-heads/5615@{#936}) on port 34008
Only local connections are allowed.
Please see https://chromedriver.chromium.org/security-considerations for suggestions on keeping ChromeDriver safe.
ChromeDriver was started successfully.
Apr. 28, 2023 5:41:16 P.M. org.openqa.selenium.devtools.CdpVersionFinder findNearestMatch
WARNING: Unable to find an exact match for CDP version 112, so returning the closest version found: 110
]]></system-err>
  </testcase>
</testsuite>